2020-04-07 10:52:15,239 DEBUG org.springframework.web.filter.CommonsRequestLoggingFilter [restartedMain] Filter 'logFilter' configured for use
2020-04-07 10:52:24,231 DEBUG org.springframework.web.filter.CommonsRequestLoggingFilter [http-nio-2020-exec-1] Before request [GET /userController/openIndex]
2020-04-07 10:52:25,959 DEBUG org.springframework.web.filter.CommonsRequestLoggingFilter [http-nio-2020-exec-1] REQUEST DATA : GET /userController/openIndex]
2020-04-07 10:55:29,837 DEBUG org.springframework.web.filter.CommonsRequestLoggingFilter [http-nio-2020-exec-4] Before request [GET /userController/reg]
2020-04-07 10:55:29,859 DEBUG org.springframework.web.filter.CommonsRequestLoggingFilter [http-nio-2020-exec-4] REQUEST DATA : GET /userController/reg]
2020-04-07 10:57:46,431 DEBUG org.springframework.web.filter.CommonsRequestLoggingFilter [http-nio-2020-exec-7] Before request [GET /userController/openRegister]
2020-04-07 10:57:47,177 DEBUG org.springframework.web.filter.CommonsRequestLoggingFilter [http-nio-2020-exec-7] REQUEST DATA : GET /userController/openRegister]
2020-04-07 10:59:05,953 DEBUG org.springframework.web.filter.CommonsRequestLoggingFilter [http-nio-2020-exec-10] Before request [GET /userController/openIndex]
2020-04-07 10:59:06,242 DEBUG org.springframework.web.filter.CommonsRequestLoggingFilter [http-nio-2020-exec-10] REQUEST DATA : GET /userController/openIndex]
2020-04-07 10:59:10,115 DEBUG org.springframework.web.filter.CommonsRequestLoggingFilter [http-nio-2020-exec-1] Before request [GET /userController/openRegister]
2020-04-07 10:59:10,142 DEBUG org.springframework.web.filter.CommonsRequestLoggingFilter [http-nio-2020-exec-1] REQUEST DATA : GET /userController/openRegister]
2020-04-07 10:59:22,908 DEBUG org.springframework.web.filter.CommonsRequestLoggingFilter [http-nio-2020-exec-3] Before request [POST /userController/addUser]
2020-04-07 10:59:23,079 DEBUG org.springframework.web.filter.CommonsRequestLoggingFilter [http-nio-2020-exec-3] REQUEST DATA : POST /userController/addUser, payload=userName=&UserAddress=&userEmail=&userPassword=&REGISTER=Register]
2020-04-07 11:02:09,143 DEBUG org.springframework.web.filter.CommonsRequestLoggingFilter [restartedMain] Filter 'logFilter' configured for use
2020-04-07 11:06:27,342 DEBUG org.springframework.web.filter.CommonsRequestLoggingFilter [restartedMain] Filter 'logFilter' configured for use
2020-04-07 11:10:27,563 DEBUG org.springframework.web.filter.CommonsRequestLoggingFilter [restartedMain] Filter 'logFilter' configured for use
2020-04-07 11:11:56,329 DEBUG org.springframework.web.filter.CommonsRequestLoggingFilter [restartedMain] Filter 'logFilter' configured for use
2020-04-07 11:12:47,408 DEBUG org.springframework.web.filter.CommonsRequestLoggingFilter [restartedMain] Filter 'logFilter' configured for use
2020-04-07 11:14:34,250 DEBUG org.springframework.web.filter.CommonsRequestLoggingFilter [restartedMain] Filter 'logFilter' configured for use
2020-04-07 11:14:58,410 DEBUG org.springframework.web.filter.CommonsRequestLoggingFilter [restartedMain] Filter 'logFilter' configured for use
2020-04-07 11:19:05,944 DEBUG org.springframework.web.filter.CommonsRequestLoggingFilter [restartedMain] Filter 'logFilter' configured for use
2020-04-07 11:19:24,841 DEBUG org.springframework.web.filter.CommonsRequestLoggingFilter [restartedMain] Filter 'logFilter' configured for use
2020-04-07 11:19:34,119 DEBUG org.springframework.web.filter.CommonsRequestLoggingFilter [restartedMain] Filter 'logFilter' configured for use
2020-04-07 11:19:58,323 DEBUG org.springframework.web.filter.CommonsRequestLoggingFilter [restartedMain] Filter 'logFilter' configured for use
2020-04-07 11:25:23,765 DEBUG org.springframework.web.filter.CommonsRequestLoggingFilter [restartedMain] Filter 'logFilter' configured for use
2020-04-07 11:26:44,801 DEBUG org.springframework.web.filter.CommonsRequestLoggingFilter [restartedMain] Filter 'logFilter' configured for use
2020-04-07 11:27:23,526 DEBUG org.springframework.web.filter.CommonsRequestLoggingFilter [restartedMain] Filter 'logFilter' configured for use
2020-04-07 11:28:05,524 DEBUG org.springframework.web.filter.CommonsRequestLoggingFilter [restartedMain] Filter 'logFilter' configured for use
2020-04-07 11:28:15,216 DEBUG org.springframework.web.filter.CommonsRequestLoggingFilter [restartedMain] Filter 'logFilter' configured for use
2020-04-07 11:28:42,544 DEBUG org.springframework.web.filter.CommonsRequestLoggingFilter [restartedMain] Filter 'logFilter' configured for use
2020-04-07 11:29:04,999 DEBUG org.springframework.web.filter.CommonsRequestLoggingFilter [restartedMain] Filter 'logFilter' configured for use
2020-04-07 11:34:39,888 DEBUG org.springframework.web.filter.CommonsRequestLoggingFilter [restartedMain] Filter 'logFilter' configured for use
2020-04-07 11:35:21,612 DEBUG org.springframework.web.filter.CommonsRequestLoggingFilter [restartedMain] Filter 'logFilter' configured for use
2020-04-07 11:35:49,608 DEBUG org.springframework.web.filter.CommonsRequestLoggingFilter [restartedMain] Filter 'logFilter' configured for use
2020-04-07 11:35:58,396 DEBUG org.springframework.web.filter.CommonsRequestLoggingFilter [restartedMain] Filter 'logFilter' configured for use
2020-04-07 11:37:02,234 DEBUG org.springframework.web.filter.CommonsRequestLoggingFilter [restartedMain] Filter 'logFilter' configured for use
2020-04-07 11:38:56,455 DEBUG org.springframework.web.filter.CommonsRequestLoggingFilter [restartedMain] Filter 'logFilter' configured for use
2020-04-07 11:39:33,348 DEBUG org.springframework.web.filter.CommonsRequestLoggingFilter [restartedMain] Filter 'logFilter' configured for use
2020-04-07 11:40:19,000 DEBUG org.springframework.web.filter.CommonsRequestLoggingFilter [restartedMain] Filter 'logFilter' configured for use
2020-04-07 11:40:30,273 DEBUG org.springframework.web.filter.CommonsRequestLoggingFilter [restartedMain] Filter 'logFilter' configured for use
2020-04-07 11:41:04,991 DEBUG org.springframework.web.filter.CommonsRequestLoggingFilter [restartedMain] Filter 'logFilter' configured for use
2020-04-07 11:42:25,017 DEBUG org.springframework.web.filter.CommonsRequestLoggingFilter [restartedMain] Filter 'logFilter' configured for use
2020-04-07 11:44:59,821 DEBUG org.springframework.web.filter.CommonsRequestLoggingFilter [restartedMain] Filter 'logFilter' configured for use
2020-04-07 11:45:21,220 DEBUG org.springframework.web.filter.CommonsRequestLoggingFilter [restartedMain] Filter 'logFilter' configured for use
2020-04-07 12:18:12,798 DEBUG org.springframework.web.filter.CommonsRequestLoggingFilter [restartedMain] Filter 'logFilter' configured for use
2020-04-07 12:25:51,041 DEBUG org.springframework.web.filter.CommonsRequestLoggingFilter [restartedMain] Filter 'logFilter' configured for use
2020-04-07 12:26:13,325 DEBUG org.springframework.web.filter.CommonsRequestLoggingFilter [restartedMain] Filter 'logFilter' configured for use
2020-04-07 12:31:17,500 DEBUG org.springframework.web.filter.CommonsRequestLoggingFilter [restartedMain] Filter 'logFilter' configured for use
2020-04-07 12:33:44,347 DEBUG org.springframework.web.filter.CommonsRequestLoggingFilter [http-nio-2020-exec-1] Before request [GET /userController/success/userMail/jay@gmail.com/userPassword/jay12345]
2020-04-07 12:33:44,352 DEBUG org.springframework.web.filter.CommonsRequestLoggingFilter [http-nio-2020-exec-1] REQUEST DATA : GET /userController/success/userMail/jay@gmail.com/userPassword/jay12345]
2020-04-07 12:34:16,398 DEBUG org.springframework.web.filter.CommonsRequestLoggingFilter [http-nio-2020-exec-2] Before request [GET /userController/success/userEmail/jay@gmail.com/userPassword/jay12345]
2020-04-07 12:34:16,428 DEBUG org.springframework.web.filter.CommonsRequestLoggingFilter [http-nio-2020-exec-2] REQUEST DATA : GET /userController/success/userEmail/jay@gmail.com/userPassword/jay12345]
2020-04-07 12:34:40,125 DEBUG org.springframework.web.filter.CommonsRequestLoggingFilter [restartedMain] Filter 'logFilter' configured for use
2020-04-07 12:34:48,680 DEBUG org.springframework.web.filter.CommonsRequestLoggingFilter [http-nio-2020-exec-2] Before request [GET /userController/success/userEmail/jay@gmail.com/userPassword/jay12345]
2020-04-07 12:34:48,852 DEBUG org.springframework.web.filter.CommonsRequestLoggingFilter [http-nio-2020-exec-2] REQUEST DATA : GET /userController/success/userEmail/jay@gmail.com/userPassword/jay12345]
2020-04-07 12:35:10,190 DEBUG org.springframework.web.filter.CommonsRequestLoggingFilter [restartedMain] Filter 'logFilter' configured for use
2020-04-07 12:35:22,644 DEBUG org.springframework.web.filter.CommonsRequestLoggingFilter [restartedMain] Filter 'logFilter' configured for use
2020-04-07 12:35:27,328 DEBUG org.springframework.web.filter.CommonsRequestLoggingFilter [http-nio-2020-exec-1] Before request [GET /userController/success/userEmail/jay@gmail.com/userPassword/jay12345]
2020-04-07 12:35:27,474 DEBUG org.springframework.web.filter.CommonsRequestLoggingFilter [http-nio-2020-exec-1] REQUEST DATA : GET /userController/success/userEmail/jay@gmail.com/userPassword/jay12345]
2020-04-07 12:37:34,892 DEBUG org.springframework.web.filter.CommonsRequestLoggingFilter [restartedMain] Filter 'logFilter' configured for use
2020-04-07 12:37:45,271 DEBUG org.springframework.web.filter.CommonsRequestLoggingFilter [http-nio-2020-exec-1] Before request [GET /userController/success/userEmail/jay@gmail.com/userPassword/jay12345]
2020-04-07 12:37:45,281 DEBUG org.springframework.web.filter.CommonsRequestLoggingFilter [http-nio-2020-exec-1] REQUEST DATA : GET /userController/success/userEmail/jay@gmail.com/userPassword/jay12345]
2020-04-07 12:38:06,113 DEBUG org.springframework.web.filter.CommonsRequestLoggingFilter [http-nio-2020-exec-2] Before request [GET /userController/success/jay@gmail.com/jay12345]
2020-04-07 12:38:06,170 DEBUG org.springframework.web.filter.CommonsRequestLoggingFilter [http-nio-2020-exec-2] REQUEST DATA : GET /userController/success/jay@gmail.com/jay12345]
2020-04-07 12:38:26,895 DEBUG org.springframework.web.filter.CommonsRequestLoggingFilter [restartedMain] Filter 'logFilter' configured for use
2020-04-07 12:38:28,081 DEBUG org.springframework.web.filter.CommonsRequestLoggingFilter [http-nio-2020-exec-1] Before request [GET /userController/success/jay@gmail.com/jay12345]
2020-04-07 12:38:28,145 DEBUG org.springframework.web.filter.CommonsRequestLoggingFilter [http-nio-2020-exec-1] REQUEST DATA : GET /userController/success/jay@gmail.com/jay12345]
2020-04-07 12:38:52,706 DEBUG org.springframework.web.filter.CommonsRequestLoggingFilter [restartedMain] Filter 'logFilter' configured for use
2020-04-07 12:39:08,964 DEBUG org.springframework.web.filter.CommonsRequestLoggingFilter [http-nio-2020-exec-1] Before request [GET /userController/openIndex]
2020-04-07 12:39:09,328 DEBUG org.springframework.web.filter.CommonsRequestLoggingFilter [http-nio-2020-exec-1] REQUEST DATA : GET /userController/openIndex]
2020-04-07 12:39:54,021 DEBUG org.springframework.web.filter.CommonsRequestLoggingFilter [restartedMain] Filter 'logFilter' configured for use
2020-04-07 12:39:57,505 DEBUG org.springframework.web.filter.CommonsRequestLoggingFilter [http-nio-2020-exec-1] Before request [GET /userController/openIndex]
2020-04-07 12:39:57,799 DEBUG org.springframework.web.filter.CommonsRequestLoggingFilter [http-nio-2020-exec-1] REQUEST DATA : GET /userController/openIndex]
2020-04-07 12:40:11,670 DEBUG org.springframework.web.filter.CommonsRequestLoggingFilter [http-nio-2020-exec-2] Before request [GET /userController/success/jay@gmail.com/jay12345]
2020-04-07 12:40:11,976 DEBUG org.springframework.web.filter.CommonsRequestLoggingFilter [http-nio-2020-exec-2] REQUEST DATA : GET /userController/success/jay@gmail.com/jay12345]
2020-04-07 12:42:15,413 DEBUG org.springframework.web.filter.CommonsRequestLoggingFilter [restartedMain] Filter 'logFilter' configured for use
2020-04-07 12:42:22,578 DEBUG org.springframework.web.filter.CommonsRequestLoggingFilter [http-nio-2020-exec-1] Before request [GET /userController/success/jay@gmail.com/jay12345]
2020-04-07 12:42:22,643 DEBUG org.springframework.web.filter.CommonsRequestLoggingFilter [http-nio-2020-exec-1] REQUEST DATA : GET /userController/success/jay@gmail.com/jay12345]
2020-04-07 12:44:05,783 DEBUG org.springframework.web.filter.CommonsRequestLoggingFilter [restartedMain] Filter 'logFilter' configured for use
2020-04-07 12:49:21,624 DEBUG org.springframework.web.filter.CommonsRequestLoggingFilter [restartedMain] Filter 'logFilter' configured for use
2020-04-07 12:50:59,788 DEBUG org.springframework.web.filter.CommonsRequestLoggingFilter [restartedMain] Filter 'logFilter' configured for use
2020-04-07 12:51:08,096 DEBUG org.springframework.web.filter.CommonsRequestLoggingFilter [http-nio-2020-exec-1] Before request [GET /userController/success/jay@gmail.com/jay12345]
2020-04-07 12:51:08,125 DEBUG org.springframework.web.filter.CommonsRequestLoggingFilter [http-nio-2020-exec-1] REQUEST DATA : GET /userController/success/jay@gmail.com/jay12345]
2020-04-07 12:51:13,629 DEBUG org.springframework.web.filter.CommonsRequestLoggingFilter [http-nio-2020-exec-2] Before request [GET /userController/success/jay@gmail.com/jay12345]
2020-04-07 12:51:13,640 DEBUG org.springframework.web.filter.CommonsRequestLoggingFilter [http-nio-2020-exec-2] REQUEST DATA : GET /userController/success/jay@gmail.com/jay12345]
2020-04-07 12:52:43,324 DEBUG org.springframework.web.filter.CommonsRequestLoggingFilter [restartedMain] Filter 'logFilter' configured for use
2020-04-07 12:52:46,272 DEBUG org.springframework.web.filter.CommonsRequestLoggingFilter [http-nio-2020-exec-1] Before request [GET /userController/success/jay@gmail.com/jay12345]
2020-04-07 12:52:46,304 DEBUG org.springframework.web.filter.CommonsRequestLoggingFilter [http-nio-2020-exec-1] REQUEST DATA : GET /userController/success/jay@gmail.com/jay12345]
2020-04-07 12:53:03,551 DEBUG org.springframework.web.filter.CommonsRequestLoggingFilter [restartedMain] Filter 'logFilter' configured for use
2020-04-07 12:53:04,703 DEBUG org.springframework.web.filter.CommonsRequestLoggingFilter [http-nio-2020-exec-1] Before request [GET /userController/success/jay@gmail.com/jay12345]
2020-04-07 12:53:04,717 DEBUG org.springframework.web.filter.CommonsRequestLoggingFilter [http-nio-2020-exec-1] REQUEST DATA : GET /userController/success/jay@gmail.com/jay12345]
2020-04-07 12:53:53,747 DEBUG org.springframework.web.filter.CommonsRequestLoggingFilter [restartedMain] Filter 'logFilter' configured for use
2020-04-07 12:53:55,261 DEBUG org.springframework.web.filter.CommonsRequestLoggingFilter [http-nio-2020-exec-1] Before request [GET /userController/success/jay@gmail.com/jay12345]
2020-04-07 12:53:55,277 DEBUG org.springframework.web.filter.CommonsRequestLoggingFilter [http-nio-2020-exec-1] REQUEST DATA : GET /userController/success/jay@gmail.com/jay12345]
2020-04-07 12:54:53,170 DEBUG org.springframework.web.filter.CommonsRequestLoggingFilter [restartedMain] Filter 'logFilter' configured for use
2020-04-07 12:54:54,373 DEBUG org.springframework.web.filter.CommonsRequestLoggingFilter [http-nio-2020-exec-1] Before request [GET /userController/success/jay@gmail.com/jay12345]
2020-04-07 12:54:54,402 DEBUG org.springframework.web.filter.CommonsRequestLoggingFilter [http-nio-2020-exec-1] REQUEST DATA : GET /userController/success/jay@gmail.com/jay12345]
2020-04-07 12:54:59,150 DEBUG org.springframework.web.filter.CommonsRequestLoggingFilter [http-nio-2020-exec-2] Before request [GET /userController/success/jay@gmail.com/jay12345]
2020-04-07 12:54:59,159 DEBUG org.springframework.web.filter.CommonsRequestLoggingFilter [http-nio-2020-exec-2] REQUEST DATA : GET /userController/success/jay@gmail.com/jay12345]
2020-04-07 12:55:43,487 DEBUG org.springframework.web.filter.CommonsRequestLoggingFilter [restartedMain] Filter 'logFilter' configured for use
2020-04-07 12:56:33,683 DEBUG org.springframework.web.filter.CommonsRequestLoggingFilter [http-nio-2020-exec-1] Before request [GET /userController/success/jay@gmail.com/jay12345]
2020-04-07 12:56:33,715 DEBUG org.springframework.web.filter.CommonsRequestLoggingFilter [http-nio-2020-exec-1] REQUEST DATA : GET /userController/success/jay@gmail.com/jay12345]
2020-04-07 12:57:37,060 DEBUG org.springframework.web.filter.CommonsRequestLoggingFilter [restartedMain] Filter 'logFilter' configured for use
2020-04-07 12:59:12,346 DEBUG org.springframework.web.filter.CommonsRequestLoggingFilter [http-nio-2020-exec-1] Before request [GET /userController/success/jay@gmail.com/jay12345]
2020-04-07 12:59:12,377 DEBUG org.springframework.web.filter.CommonsRequestLoggingFilter [http-nio-2020-exec-1] REQUEST DATA : GET /userController/success/jay@gmail.com/jay12345]
2020-04-07 13:00:03,690 DEBUG org.springframework.web.filter.CommonsRequestLoggingFilter [restartedMain] Filter 'logFilter' configured for use
2020-04-07 13:00:10,619 DEBUG org.springframework.web.filter.CommonsRequestLoggingFilter [http-nio-2020-exec-1] Before request [GET /userController/success/jay@gmail.com/jay12345]
2020-04-07 13:00:10,672 DEBUG org.springframework.web.filter.CommonsRequestLoggingFilter [http-nio-2020-exec-1] REQUEST DATA : GET /userController/success/jay@gmail.com/jay12345]
2020-04-07 13:02:51,026 DEBUG org.springframework.web.filter.CommonsRequestLoggingFilter [restartedMain] Filter 'logFilter' configured for use
2020-04-07 13:02:56,176 DEBUG org.springframework.web.filter.CommonsRequestLoggingFilter [http-nio-2020-exec-1] Before request [GET /userController/success/jay@gmail.com/jay12345]
2020-04-07 13:02:56,209 DEBUG org.springframework.web.filter.CommonsRequestLoggingFilter [http-nio-2020-exec-1] REQUEST DATA : GET /userController/success/jay@gmail.com/jay12345]
2020-04-07 13:03:20,069 DEBUG org.springframework.web.filter.CommonsRequestLoggingFilter [restartedMain] Filter 'logFilter' configured for use
2020-04-07 13:05:05,238 DEBUG org.springframework.web.filter.CommonsRequestLoggingFilter [restartedMain] Filter 'logFilter' configured for use
2020-04-07 13:05:13,070 DEBUG org.springframework.web.filter.CommonsRequestLoggingFilter [http-nio-2020-exec-1] Before request [GET /userController/success/jay@gmail.com/jay12345]
2020-04-07 13:05:13,360 DEBUG org.springframework.web.filter.CommonsRequestLoggingFilter [http-nio-2020-exec-1] REQUEST DATA : GET /userController/success/jay@gmail.com/jay12345]
2020-04-07 13:06:18,618 DEBUG org.springframework.web.filter.CommonsRequestLoggingFilter [restartedMain] Filter 'logFilter' configured for use
2020-04-07 13:06:53,006 DEBUG org.springframework.web.filter.CommonsRequestLoggingFilter [restartedMain] Filter 'logFilter' configured for use
2020-04-07 13:07:25,204 DEBUG org.springframework.web.filter.CommonsRequestLoggingFilter [restartedMain] Filter 'logFilter' configured for use
2020-04-07 13:07:36,874 DEBUG org.springframework.web.filter.CommonsRequestLoggingFilter [http-nio-2020-exec-1] Before request [GET /userController/success/jay@gmail.com/jay12345]
2020-04-07 13:07:36,885 DEBUG org.springframework.web.filter.CommonsRequestLoggingFilter [http-nio-2020-exec-1] REQUEST DATA : GET /userController/success/jay@gmail.com/jay12345]
2020-04-07 13:07:53,474 DEBUG org.springframework.web.filter.CommonsRequestLoggingFilter [restartedMain] Filter 'logFilter' configured for use
2020-04-07 13:07:57,738 DEBUG org.springframework.web.filter.CommonsRequestLoggingFilter [http-nio-2020-exec-1] Before request [GET /userController/success/jay@gmail.com/jay12345]
2020-04-07 13:07:57,778 DEBUG org.springframework.web.filter.CommonsRequestLoggingFilter [http-nio-2020-exec-1] REQUEST DATA : GET /userController/success/jay@gmail.com/jay12345]
2020-04-07 13:08:25,416 DEBUG org.springframework.web.filter.CommonsRequestLoggingFilter [restartedMain] Filter 'logFilter' configured for use
2020-04-07 13:10:15,187 DEBUG org.springframework.web.filter.CommonsRequestLoggingFilter [http-nio-2020-exec-1] Before request [GET /userController/success/jay@gmail.com/jay12345]
2020-04-07 13:10:15,223 DEBUG org.springframework.web.filter.CommonsRequestLoggingFilter [http-nio-2020-exec-1] REQUEST DATA : GET /userController/success/jay@gmail.com/jay12345]
2020-04-07 13:11:13,699 DEBUG org.springframework.web.filter.CommonsRequestLoggingFilter [restartedMain] Filter 'logFilter' configured for use
2020-04-07 13:11:18,107 DEBUG org.springframework.web.filter.CommonsRequestLoggingFilter [http-nio-2020-exec-1] Before request [GET /userController/success/jay@gmail.com/jay12345]
2020-04-07 13:11:18,141 DEBUG org.springframework.web.filter.CommonsRequestLoggingFilter [http-nio-2020-exec-1] REQUEST DATA : GET /userController/success/jay@gmail.com/jay12345]
2020-04-07 13:13:09,718 DEBUG org.springframework.web.filter.CommonsRequestLoggingFilter [restartedMain] Filter 'logFilter' configured for use
2020-04-07 13:13:30,192 DEBUG org.springframework.web.filter.CommonsRequestLoggingFilter [restartedMain] Filter 'logFilter' configured for use
2020-04-07 13:18:25,824 DEBUG org.springframework.web.filter.CommonsRequestLoggingFilter [restartedMain] Filter 'logFilter' configured for use
2020-04-07 13:20:13,178 DEBUG org.springframework.web.filter.CommonsRequestLoggingFilter [restartedMain] Filter 'logFilter' configured for use
2020-04-07 13:36:17,982 DEBUG org.springframework.web.filter.CommonsRequestLoggingFilter [restartedMain] Filter 'logFilter' configured for use
2020-04-07 13:36:26,580 DEBUG org.springframework.web.filter.CommonsRequestLoggingFilter [restartedMain] Filter 'logFilter' configured for use
2020-04-07 13:36:54,280 DEBUG org.springframework.web.filter.CommonsRequestLoggingFilter [restartedMain] Filter 'logFilter' configured for use
2020-04-07 13:37:00,542 DEBUG org.springframework.web.filter.CommonsRequestLoggingFilter [restartedMain] Filter 'logFilter' configured for use
2020-04-07 13:39:09,284 DEBUG org.springframework.web.filter.CommonsRequestLoggingFilter [restartedMain] Filter 'logFilter' configured for use
2020-04-07 13:39:22,090 DEBUG org.springframework.web.filter.CommonsRequestLoggingFilter [restartedMain] Filter 'logFilter' configured for use
2020-04-07 13:39:38,428 DEBUG org.springframework.web.filter.CommonsRequestLoggingFilter [restartedMain] Filter 'logFilter' configured for use
2020-04-07 13:40:19,298 DEBUG org.springframework.web.filter.CommonsRequestLoggingFilter [restartedMain] Filter 'logFilter' configured for use
2020-04-07 13:41:22,777 DEBUG org.springframework.web.filter.CommonsRequestLoggingFilter [restartedMain] Filter 'logFilter' configured for use
2020-04-07 13:42:06,175 DEBUG org.springframework.web.filter.CommonsRequestLoggingFilter [restartedMain] Filter 'logFilter' configured for use
2020-04-07 13:43:49,312 DEBUG org.springframework.web.filter.CommonsRequestLoggingFilter [restartedMain] Filter 'logFilter' configured for use
2020-04-07 13:43:58,088 DEBUG org.springframework.web.filter.CommonsRequestLoggingFilter [restartedMain] Filter 'logFilter' configured for use
2020-04-07 13:45:10,747 DEBUG org.springframework.web.filter.CommonsRequestLoggingFilter [restartedMain] Filter 'logFilter' configured for use
2020-04-07 13:46:23,871 DEBUG org.springframework.web.filter.CommonsRequestLoggingFilter [restartedMain] Filter 'logFilter' configured for use
2020-04-07 13:46:47,396 DEBUG org.springframework.web.filter.CommonsRequestLoggingFilter [restartedMain] Filter 'logFilter' configured for use
2020-04-07 13:47:20,856 DEBUG org.springframework.web.filter.CommonsRequestLoggingFilter [restartedMain] Filter 'logFilter' configured for use
2020-04-07 13:48:09,901 DEBUG org.springframework.web.filter.CommonsRequestLoggingFilter [restartedMain] Filter 'logFilter' configured for use
2020-04-07 13:48:25,512 DEBUG org.springframework.web.filter.CommonsRequestLoggingFilter [http-nio-2020-exec-1] Before request [GET /userController/success/jay@gmail.com/jay12345]
2020-04-07 13:48:25,589 DEBUG org.springframework.web.filter.CommonsRequestLoggingFilter [http-nio-2020-exec-1] REQUEST DATA : GET /userController/success/jay@gmail.com/jay12345]
2020-04-07 13:48:38,588 DEBUG org.springframework.web.filter.CommonsRequestLoggingFilter [http-nio-2020-exec-2] Before request [GET /userController/success/jay@gmail.com/jay123]
2020-04-07 13:48:38,603 DEBUG org.springframework.web.filter.CommonsRequestLoggingFilter [http-nio-2020-exec-2] REQUEST DATA : GET /userController/success/jay@gmail.com/jay123]
2020-04-07 13:49:07,326 DEBUG org.springframework.web.filter.CommonsRequestLoggingFilter [http-nio-2020-exec-3] Before request [GET /userController/openIndex]
2020-04-07 13:49:08,869 DEBUG org.springframework.web.filter.CommonsRequestLoggingFilter [http-nio-2020-exec-3] REQUEST DATA : GET /userController/openIndex]
2020-04-07 13:49:28,231 DEBUG org.springframework.web.filter.CommonsRequestLoggingFilter [http-nio-2020-exec-5] Before request [GET /userController/loginform?]
2020-04-07 13:49:28,253 DEBUG org.springframework.web.filter.CommonsRequestLoggingFilter [http-nio-2020-exec-5] REQUEST DATA : GET /userController/loginform?]
2020-04-07 13:53:44,881 DEBUG org.springframework.web.filter.CommonsRequestLoggingFilter [restartedMain] Filter 'logFilter' configured for use
2020-04-07 13:54:15,166 DEBUG org.springframework.web.filter.CommonsRequestLoggingFilter [http-nio-2020-exec-1] Before request [GET /userController/openRegister]
2020-04-07 13:54:15,977 DEBUG org.springframework.web.filter.CommonsRequestLoggingFilter [http-nio-2020-exec-1] REQUEST DATA : GET /userController/openRegister]
2020-04-07 13:54:38,878 DEBUG org.springframework.web.filter.CommonsRequestLoggingFilter [http-nio-2020-exec-3] Before request [POST /userController/addUser]
2020-04-07 13:54:39,374 DEBUG org.springframework.web.filter.CommonsRequestLoggingFilter [http-nio-2020-exec-3] REQUEST DATA : POST /userController/addUser, payload=userName=jaya&UserAddress=Akurdi&userEmail=jaya%40gmail.com&userPassword=jaya12345&REGISTER=Register]
2020-04-07 13:57:20,843 DEBUG org.springframework.web.filter.CommonsRequestLoggingFilter [restartedMain] Filter 'logFilter' configured for use
2020-04-07 13:58:50,371 DEBUG org.springframework.web.filter.CommonsRequestLoggingFilter [http-nio-2020-exec-1] Before request [GET /userController/success/%20/]
2020-04-07 13:58:50,380 DEBUG org.springframework.web.filter.CommonsRequestLoggingFilter [http-nio-2020-exec-1] REQUEST DATA : GET /userController/success/%20/]
2020-04-07 15:01:55,344 DEBUG org.springframework.web.filter.CommonsRequestLoggingFilter [restartedMain] Filter 'logFilter' configured for use
2020-04-07 15:02:34,097 DEBUG org.springframework.web.filter.CommonsRequestLoggingFilter [restartedMain] Filter 'logFilter' configured for use
2020-04-07 15:03:05,103 DEBUG org.springframework.web.filter.CommonsRequestLoggingFilter [restartedMain] Filter 'logFilter' configured for use
2020-04-07 15:06:38,133 DEBUG org.springframework.web.filter.CommonsRequestLoggingFilter [restartedMain] Filter 'logFilter' configured for use
2020-04-07 15:08:02,108 DEBUG org.springframework.web.filter.CommonsRequestLoggingFilter [restartedMain] Filter 'logFilter' configured for use
2020-04-07 15:09:57,256 DEBUG org.springframework.web.filter.CommonsRequestLoggingFilter [restartedMain] Filter 'logFilter' configured for use
2020-04-07 15:10:35,094 DEBUG org.springframework.web.filter.CommonsRequestLoggingFilter [restartedMain] Filter 'logFilter' configured for use
2020-04-07 15:17:12,008 DEBUG org.springframework.web.filter.CommonsRequestLoggingFilter [http-nio-2020-exec-1] Before request [GET /userController/addUser]
2020-04-07 15:17:12,614 DEBUG org.springframework.web.filter.CommonsRequestLoggingFilter [http-nio-2020-exec-1] REQUEST DATA : GET /userController/addUser]
2020-04-07 15:17:21,237 DEBUG org.springframework.web.filter.CommonsRequestLoggingFilter [http-nio-2020-exec-2] Before request [GET /userController/openIndex]
2020-04-07 15:17:21,575 DEBUG org.springframework.web.filter.CommonsRequestLoggingFilter [http-nio-2020-exec-2] REQUEST DATA : GET /userController/openIndex]
2020-04-07 15:17:25,042 DEBUG org.springframework.web.filter.CommonsRequestLoggingFilter [http-nio-2020-exec-4] Before request [GET /userController/loginform?]
2020-04-07 15:17:25,068 DEBUG org.springframework.web.filter.CommonsRequestLoggingFilter [http-nio-2020-exec-4] REQUEST DATA : GET /userController/loginform?]
2020-04-07 15:20:51,605 DEBUG org.springframework.web.filter.CommonsRequestLoggingFilter [restartedMain] Filter 'logFilter' configured for use
2020-04-07 15:20:59,423 DEBUG org.springframework.web.filter.CommonsRequestLoggingFilter [http-nio-2020-exec-1] Before request [GET /userController/openIndex]
2020-04-07 15:20:59,755 DEBUG org.springframework.web.filter.CommonsRequestLoggingFilter [http-nio-2020-exec-1] REQUEST DATA : GET /userController/openIndex]
2020-04-07 15:21:02,972 DEBUG org.springframework.web.filter.CommonsRequestLoggingFilter [http-nio-2020-exec-2] Before request [GET /userController/loginform?]
2020-04-07 15:21:02,999 DEBUG org.springframework.web.filter.CommonsRequestLoggingFilter [http-nio-2020-exec-2] REQUEST DATA : GET /userController/loginform?]
2020-04-07 15:22:06,060 DEBUG org.springframework.web.filter.CommonsRequestLoggingFilter [restartedMain] Filter 'logFilter' configured for use
2020-04-07 15:24:48,513 DEBUG org.springframework.web.filter.CommonsRequestLoggingFilter [restartedMain] Filter 'logFilter' configured for use
2020-04-07 15:26:17,346 DEBUG org.springframework.web.filter.CommonsRequestLoggingFilter [http-nio-2020-exec-1] Before request [GET /userController/openIndex]
2020-04-07 15:26:17,898 DEBUG org.springframework.web.filter.CommonsRequestLoggingFilter [http-nio-2020-exec-1] REQUEST DATA : GET /userController/openIndex]
2020-04-07 15:26:19,841 DEBUG org.springframework.web.filter.CommonsRequestLoggingFilter [http-nio-2020-exec-2] Before request [GET /userController/loginform?]
2020-04-07 15:26:19,861 DEBUG org.springframework.web.filter.CommonsRequestLoggingFilter [http-nio-2020-exec-2] REQUEST DATA : GET /userController/loginform?]
2020-04-07 15:27:30,895 DEBUG org.springframework.web.filter.CommonsRequestLoggingFilter [http-nio-2020-exec-6] Before request [GET /userController/openIndex]
2020-04-07 15:27:30,913 DEBUG org.springframework.web.filter.CommonsRequestLoggingFilter [http-nio-2020-exec-6] REQUEST DATA : GET /userController/openIndex]
2020-04-07 15:28:21,464 DEBUG org.springframework.web.filter.CommonsRequestLoggingFilter [http-nio-2020-exec-8] Before request [GET /userController/loginform?]
2020-04-07 15:28:21,478 DEBUG org.springframework.web.filter.CommonsRequestLoggingFilter [http-nio-2020-exec-8] REQUEST DATA : GET /userController/loginform?]
2020-04-07 15:30:00,377 DEBUG org.springframework.web.filter.CommonsRequestLoggingFilter [http-nio-2020-exec-1] Before request [GET /userController/openIndex]
2020-04-07 15:30:00,629 DEBUG org.springframework.web.filter.CommonsRequestLoggingFilter [http-nio-2020-exec-1] REQUEST DATA : GET /userController/openIndex]
2020-04-07 15:30:15,587 DEBUG org.springframework.web.filter.CommonsRequestLoggingFilter [http-nio-2020-exec-3] Before request [GET /userController/loginform?]
2020-04-07 15:30:15,593 DEBUG org.springframework.web.filter.CommonsRequestLoggingFilter [http-nio-2020-exec-3] REQUEST DATA : GET /userController/loginform?]
2020-04-07 15:31:07,548 DEBUG org.springframework.web.filter.CommonsRequestLoggingFilter [restartedMain] Filter 'logFilter' configured for use
2020-04-07 15:31:16,014 DEBUG org.springframework.web.filter.CommonsRequestLoggingFilter [restartedMain] Filter 'logFilter' configured for use
2020-04-07 15:31:29,885 DEBUG org.springframework.web.filter.CommonsRequestLoggingFilter [http-nio-2020-exec-1] Before request [GET /userController/openIndex]
2020-04-07 15:31:30,122 DEBUG org.springframework.web.filter.CommonsRequestLoggingFilter [http-nio-2020-exec-1] REQUEST DATA : GET /userController/openIndex]
2020-04-07 15:31:43,944 DEBUG org.springframework.web.filter.CommonsRequestLoggingFilter [http-nio-2020-exec-3] Before request [GET /userController/loginform?]
2020-04-07 15:31:43,961 DEBUG org.springframework.web.filter.CommonsRequestLoggingFilter [http-nio-2020-exec-3] REQUEST DATA : GET /userController/loginform?]
2020-04-07 15:35:57,706 DEBUG org.springframework.web.filter.CommonsRequestLoggingFilter [restartedMain] Filter 'logFilter' configured for use
2020-04-07 15:36:08,510 DEBUG org.springframework.web.filter.CommonsRequestLoggingFilter [http-nio-2020-exec-1] Before request [GET /userController/openIndex]
2020-04-07 15:36:10,316 DEBUG org.springframework.web.filter.CommonsRequestLoggingFilter [http-nio-2020-exec-1] REQUEST DATA : GET /userController/openIndex]
2020-04-07 15:36:21,124 DEBUG org.springframework.web.filter.CommonsRequestLoggingFilter [http-nio-2020-exec-3] Before request [GET /userController/loginform?]
2020-04-07 15:36:21,298 DEBUG org.springframework.web.filter.CommonsRequestLoggingFilter [http-nio-2020-exec-3] REQUEST DATA : GET /userController/loginform?]
2020-04-07 15:37:36,045 DEBUG org.springframework.web.filter.CommonsRequestLoggingFilter [restartedMain] Filter 'logFilter' configured for use
2020-04-07 15:37:48,180 DEBUG org.springframework.web.filter.CommonsRequestLoggingFilter [http-nio-2020-exec-1] Before request [GET /userController/openIndex]
2020-04-07 15:37:48,608 DEBUG org.springframework.web.filter.CommonsRequestLoggingFilter [http-nio-2020-exec-1] REQUEST DATA : GET /userController/openIndex]
2020-04-07 15:38:02,130 DEBUG org.springframework.web.filter.CommonsRequestLoggingFilter [http-nio-2020-exec-3] Before request [GET /userController/loginform?]
2020-04-07 15:38:02,157 DEBUG org.springframework.web.filter.CommonsRequestLoggingFilter [http-nio-2020-exec-3] REQUEST DATA : GET /userController/loginform?]
2020-04-07 15:38:49,773 DEBUG org.springframework.web.filter.CommonsRequestLoggingFilter [restartedMain] Filter 'logFilter' configured for use
2020-04-07 15:39:54,317 DEBUG org.springframework.web.filter.CommonsRequestLoggingFilter [http-nio-2020-exec-1] Before request [GET /userController/openIndex]
2020-04-07 15:39:55,183 DEBUG org.springframework.web.filter.CommonsRequestLoggingFilter [http-nio-2020-exec-1] REQUEST DATA : GET /userController/openIndex]
2020-04-07 15:39:55,604 DEBUG org.springframework.web.filter.CommonsRequestLoggingFilter [http-nio-2020-exec-2] Before request [GET /favicon.ico]
2020-04-07 15:39:55,623 DEBUG org.springframework.web.filter.CommonsRequestLoggingFilter [http-nio-2020-exec-2] REQUEST DATA : GET /favicon.ico]
2020-04-07 15:40:11,580 DEBUG org.springframework.web.filter.CommonsRequestLoggingFilter [http-nio-2020-exec-4] Before request [GET /userController/loginform?userEmail=jay%40gmail.com&userPassword=jjakjabx]
2020-04-07 15:40:11,932 DEBUG org.springframework.web.filter.CommonsRequestLoggingFilter [http-nio-2020-exec-4] REQUEST DATA : GET /userController/loginform?userEmail=jay%40gmail.com&userPassword=jjakjabx]
2020-04-07 16:06:17,849 DEBUG org.springframework.web.filter.CommonsRequestLoggingFilter [http-nio-2020-exec-7] Before request [GET /userController/openIndex]
2020-04-07 16:06:18,205 DEBUG org.springframework.web.filter.CommonsRequestLoggingFilter [http-nio-2020-exec-7] REQUEST DATA : GET /userController/openIndex]
2020-04-07 16:06:35,095 DEBUG org.springframework.web.filter.CommonsRequestLoggingFilter [http-nio-2020-exec-9] Before request [GET /userController/loginform?userEmail=jay%40gmail.com&userPassword=dhbdbcjdsbhjbjds]
2020-04-07 16:06:35,114 DEBUG org.springframework.web.filter.CommonsRequestLoggingFilter [http-nio-2020-exec-9] REQUEST DATA : GET /userController/loginform?userEmail=jay%40gmail.com&userPassword=dhbdbcjdsbhjbjds]
2020-04-07 16:06:54,977 DEBUG org.springframework.web.filter.CommonsRequestLoggingFilter [restartedMain] Filter 'logFilter' configured for use
2020-04-07 16:07:59,326 DEBUG org.springframework.web.filter.CommonsRequestLoggingFilter [restartedMain] Filter 'logFilter' configured for use
2020-04-07 17:33:06,221 DEBUG org.springframework.web.filter.CommonsRequestLoggingFilter [restartedMain] Filter 'logFilter' configured for use
2020-04-07 17:33:48,678 DEBUG org.springframework.web.filter.CommonsRequestLoggingFilter [http-nio-2020-exec-1] Before request [GET /userController/openIndex]
2020-04-07 17:33:49,022 DEBUG org.springframework.web.filter.CommonsRequestLoggingFilter [http-nio-2020-exec-1] REQUEST DATA : GET /userController/openIndex]
2020-04-07 17:34:01,401 DEBUG org.springframework.web.filter.CommonsRequestLoggingFilter [http-nio-2020-exec-3] Before request [GET /userController/loginform?userEmail=jay%40gmail.com&userPassword=hhssddiuebcbxkjbcf]
2020-04-07 17:34:01,445 DEBUG org.springframework.web.filter.CommonsRequestLoggingFilter [http-nio-2020-exec-3] REQUEST DATA : GET /userController/loginform?userEmail=jay%40gmail.com&userPassword=hhssddiuebcbxkjbcf]
2020-04-07 17:34:42,272 DEBUG org.springframework.web.filter.CommonsRequestLoggingFilter [restartedMain] Filter 'logFilter' configured for use
2020-04-07 17:34:53,393 DEBUG org.springframework.web.filter.CommonsRequestLoggingFilter [http-nio-2020-exec-1] Before request [GET /userController/openIndex]
2020-04-07 17:34:55,079 DEBUG org.springframework.web.filter.CommonsRequestLoggingFilter [http-nio-2020-exec-1] REQUEST DATA : GET /userController/openIndex]
2020-04-07 17:35:08,835 DEBUG org.springframework.web.filter.CommonsRequestLoggingFilter [http-nio-2020-exec-3] Before request [GET /userController/loginform?userEmail=jay%40gmail.com&userPassword=dkjsjsbcss]
2020-04-07 17:35:09,334 DEBUG org.springframework.web.filter.CommonsRequestLoggingFilter [http-nio-2020-exec-3] REQUEST DATA : GET /userController/loginform?userEmail=jay%40gmail.com&userPassword=dkjsjsbcss]
2020-04-07 17:36:01,357 DEBUG org.springframework.web.filter.CommonsRequestLoggingFilter [restartedMain] Filter 'logFilter' configured for use
2020-04-07 17:37:39,593 DEBUG org.springframework.web.filter.CommonsRequestLoggingFilter [http-nio-2020-exec-1] Before request [GET /userController/openIndex]
2020-04-07 17:37:39,978 DEBUG org.springframework.web.filter.CommonsRequestLoggingFilter [http-nio-2020-exec-1] REQUEST DATA : GET /userController/openIndex]
2020-04-07 17:37:54,221 DEBUG org.springframework.web.filter.CommonsRequestLoggingFilter [http-nio-2020-exec-3] Before request [GET /userController/loginform?userEmail=jay%40gmail.com&userPassword=jjbsjbkjs]
2020-04-07 17:37:54,263 DEBUG org.springframework.web.filter.CommonsRequestLoggingFilter [http-nio-2020-exec-3] REQUEST DATA : GET /userController/loginform?userEmail=jay%40gmail.com&userPassword=jjbsjbkjs]
2020-04-07 17:43:33,469 DEBUG org.springframework.web.filter.CommonsRequestLoggingFilter [restartedMain] Filter 'logFilter' configured for use
