2020-04-14 14:11:51,897 DEBUG org.springframework.web.filter.CommonsRequestLoggingFilter [restartedMain] Filter 'logFilter' configured for use
2020-04-14 14:13:34,056 DEBUG org.springframework.web.filter.CommonsRequestLoggingFilter [restartedMain] Filter 'logFilter' configured for use
2020-04-14 14:15:30,382 DEBUG org.springframework.web.filter.CommonsRequestLoggingFilter [restartedMain] Filter 'logFilter' configured for use
2020-04-14 14:16:04,727 DEBUG org.springframework.web.filter.CommonsRequestLoggingFilter [restartedMain] Filter 'logFilter' configured for use
2020-04-14 14:17:51,654 DEBUG org.springframework.web.filter.CommonsRequestLoggingFilter [http-nio-2020-exec-1] Before request [GET /boot-jersey/expenseController/editExpenseData/1]
2020-04-14 14:17:52,311 DEBUG org.springframework.web.filter.CommonsRequestLoggingFilter [http-nio-2020-exec-1] REQUEST DATA : GET /boot-jersey/expenseController/editExpenseData/1]
2020-04-14 14:18:34,010 DEBUG org.springframework.web.filter.CommonsRequestLoggingFilter [restartedMain] Filter 'logFilter' configured for use
2020-04-14 14:19:08,221 DEBUG org.springframework.web.filter.CommonsRequestLoggingFilter [restartedMain] Filter 'logFilter' configured for use
2020-04-14 14:20:26,162 DEBUG org.springframework.web.filter.CommonsRequestLoggingFilter [restartedMain] Filter 'logFilter' configured for use
2020-04-14 14:20:38,936 DEBUG org.springframework.web.filter.CommonsRequestLoggingFilter [restartedMain] Filter 'logFilter' configured for use
2020-04-14 14:21:52,064 DEBUG org.springframework.web.filter.CommonsRequestLoggingFilter [http-nio-2020-exec-1] Before request [GET /boot-jersey/expenseController/deleteExpenseData/11]
2020-04-14 14:21:52,099 DEBUG org.springframework.web.filter.CommonsRequestLoggingFilter [http-nio-2020-exec-1] REQUEST DATA : GET /boot-jersey/expenseController/deleteExpenseData/11]
2020-04-14 14:22:05,718 DEBUG org.springframework.web.filter.CommonsRequestLoggingFilter [http-nio-2020-exec-2] Before request [DELETE /boot-jersey/expenseController/deleteExpenseData/11]
2020-04-14 14:22:05,901 DEBUG org.springframework.web.filter.CommonsRequestLoggingFilter [http-nio-2020-exec-2] REQUEST DATA : DELETE /boot-jersey/expenseController/deleteExpenseData/11]
2020-04-14 14:22:37,828 DEBUG org.springframework.web.filter.CommonsRequestLoggingFilter [restartedMain] Filter 'logFilter' configured for use
2020-04-14 14:22:42,635 DEBUG org.springframework.web.filter.CommonsRequestLoggingFilter [http-nio-2020-exec-1] Before request [DELETE /boot-jersey/expenseController/deleteExpenseData/11]
2020-04-14 14:22:42,707 DEBUG org.springframework.web.filter.CommonsRequestLoggingFilter [http-nio-2020-exec-1] REQUEST DATA : DELETE /boot-jersey/expenseController/deleteExpenseData/11]
2020-04-14 14:23:34,235 DEBUG org.springframework.web.filter.CommonsRequestLoggingFilter [http-nio-2020-exec-2] Before request [DELETE /boot-jersey/expenseController/deleteExpenseData/10]
2020-04-14 14:23:34,287 DEBUG org.springframework.web.filter.CommonsRequestLoggingFilter [http-nio-2020-exec-2] REQUEST DATA : DELETE /boot-jersey/expenseController/deleteExpenseData/10]
2020-04-14 14:24:22,150 DEBUG org.springframework.web.filter.CommonsRequestLoggingFilter [restartedMain] Filter 'logFilter' configured for use
2020-04-14 14:24:29,996 DEBUG org.springframework.web.filter.CommonsRequestLoggingFilter [http-nio-2020-exec-1] Before request [DELETE /boot-jersey/expenseController/deleteExpenseData/9]
2020-04-14 14:24:30,104 DEBUG org.springframework.web.filter.CommonsRequestLoggingFilter [http-nio-2020-exec-1] REQUEST DATA : DELETE /boot-jersey/expenseController/deleteExpenseData/9]
2020-04-14 14:27:33,691 DEBUG org.springframework.web.filter.CommonsRequestLoggingFilter [restartedMain] Filter 'logFilter' configured for use
2020-04-14 14:27:53,162 DEBUG org.springframework.web.filter.CommonsRequestLoggingFilter [restartedMain] Filter 'logFilter' configured for use
2020-04-14 14:28:41,441 DEBUG org.springframework.web.filter.CommonsRequestLoggingFilter [restartedMain] Filter 'logFilter' configured for use
2020-04-14 14:29:32,388 DEBUG org.springframework.web.filter.CommonsRequestLoggingFilter [restartedMain] Filter 'logFilter' configured for use
2020-04-14 14:30:09,107 DEBUG org.springframework.web.filter.CommonsRequestLoggingFilter [http-nio-2020-exec-1] Before request [GET /boot-jersey/expenseController/editExpenseData/1]
2020-04-14 14:30:09,191 DEBUG org.springframework.web.filter.CommonsRequestLoggingFilter [http-nio-2020-exec-1] REQUEST DATA : GET /boot-jersey/expenseController/editExpenseData/1]
2020-04-14 14:32:07,197 DEBUG org.springframework.web.filter.CommonsRequestLoggingFilter [http-nio-2020-exec-3] Before request [PUT /boot-jersey/expenseController/updateExpense]
2020-04-14 14:32:07,464 DEBUG org.springframework.web.filter.CommonsRequestLoggingFilter [http-nio-2020-exec-3] REQUEST DATA : PUT /boot-jersey/expenseController/updateExpense, payload={
    
    "expenseId": 1,
        "expenseTitle": "laptop",
        "description": "laptop buy successfully",
        "amount": 80000,
        "date": "1999-08-07"
    
}]
2020-04-14 14:33:07,983 DEBUG org.springframework.web.filter.CommonsRequestLoggingFilter [restartedMain] Filter 'logFilter' configured for use
2020-04-14 14:35:28,478 DEBUG org.springframework.web.filter.CommonsRequestLoggingFilter [restartedMain] Filter 'logFilter' configured for use
