2020-04-08 11:19:48,664 DEBUG org.springframework.web.filter.CommonsRequestLoggingFilter [restartedMain] Filter 'logFilter' configured for use
2020-04-08 11:19:55,601 DEBUG org.springframework.web.filter.CommonsRequestLoggingFilter [http-nio-2020-exec-1] Before request [GET /userController/openIndex]
2020-04-08 11:19:57,389 DEBUG org.springframework.web.filter.CommonsRequestLoggingFilter [http-nio-2020-exec-1] REQUEST DATA : GET /userController/openIndex]
2020-04-08 11:22:39,050 DEBUG org.springframework.web.filter.CommonsRequestLoggingFilter [restartedMain] Filter 'logFilter' configured for use
2020-04-08 11:23:30,669 DEBUG org.springframework.web.filter.CommonsRequestLoggingFilter [restartedMain] Filter 'logFilter' configured for use
2020-04-08 11:27:44,916 DEBUG org.springframework.web.filter.CommonsRequestLoggingFilter [restartedMain] Filter 'logFilter' configured for use
2020-04-08 11:27:50,593 DEBUG org.springframework.web.filter.CommonsRequestLoggingFilter [restartedMain] Filter 'logFilter' configured for use
2020-04-08 11:28:24,205 DEBUG org.springframework.web.filter.CommonsRequestLoggingFilter [restartedMain] Filter 'logFilter' configured for use
2020-04-08 11:29:17,267 DEBUG org.springframework.web.filter.CommonsRequestLoggingFilter [restartedMain] Filter 'logFilter' configured for use
2020-04-08 11:29:31,482 DEBUG org.springframework.web.filter.CommonsRequestLoggingFilter [restartedMain] Filter 'logFilter' configured for use
2020-04-08 11:30:03,225 DEBUG org.springframework.web.filter.CommonsRequestLoggingFilter [restartedMain] Filter 'logFilter' configured for use
2020-04-08 11:30:16,145 DEBUG org.springframework.web.filter.CommonsRequestLoggingFilter [restartedMain] Filter 'logFilter' configured for use
2020-04-08 11:31:55,375 DEBUG org.springframework.web.filter.CommonsRequestLoggingFilter [restartedMain] Filter 'logFilter' configured for use
2020-04-08 11:32:12,654 DEBUG org.springframework.web.filter.CommonsRequestLoggingFilter [restartedMain] Filter 'logFilter' configured for use
2020-04-08 11:33:11,089 DEBUG org.springframework.web.filter.CommonsRequestLoggingFilter [restartedMain] Filter 'logFilter' configured for use
2020-04-08 11:36:02,573 DEBUG org.springframework.web.filter.CommonsRequestLoggingFilter [restartedMain] Filter 'logFilter' configured for use
2020-04-08 11:37:09,249 DEBUG org.springframework.web.filter.CommonsRequestLoggingFilter [restartedMain] Filter 'logFilter' configured for use
2020-04-08 11:37:15,789 DEBUG org.springframework.web.filter.CommonsRequestLoggingFilter [http-nio-2020-exec-1] Before request [GET /userController/openIndex]
2020-04-08 11:37:16,208 DEBUG org.springframework.web.filter.CommonsRequestLoggingFilter [http-nio-2020-exec-1] REQUEST DATA : GET /userController/openIndex]
2020-04-08 11:37:33,175 DEBUG org.springframework.web.filter.CommonsRequestLoggingFilter [http-nio-2020-exec-3] Before request [GET /userController/loginform?userEmail=jay%40gmail.com&userPassword=jay12345]
2020-04-08 11:37:33,700 DEBUG org.springframework.web.filter.CommonsRequestLoggingFilter [http-nio-2020-exec-3] REQUEST DATA : GET /userController/loginform?userEmail=jay%40gmail.com&userPassword=jay12345]
2020-04-08 11:38:27,033 DEBUG org.springframework.web.filter.CommonsRequestLoggingFilter [restartedMain] Filter 'logFilter' configured for use
2020-04-08 11:38:35,362 DEBUG org.springframework.web.filter.CommonsRequestLoggingFilter [restartedMain] Filter 'logFilter' configured for use
2020-04-08 11:39:26,206 DEBUG org.springframework.web.filter.CommonsRequestLoggingFilter [restartedMain] Filter 'logFilter' configured for use
2020-04-08 11:42:20,125 DEBUG org.springframework.web.filter.CommonsRequestLoggingFilter [restartedMain] Filter 'logFilter' configured for use
2020-04-08 11:42:39,401 DEBUG org.springframework.web.filter.CommonsRequestLoggingFilter [restartedMain] Filter 'logFilter' configured for use
2020-04-08 11:42:50,713 DEBUG org.springframework.web.filter.CommonsRequestLoggingFilter [restartedMain] Filter 'logFilter' configured for use
2020-04-08 11:43:22,673 DEBUG org.springframework.web.filter.CommonsRequestLoggingFilter [restartedMain] Filter 'logFilter' configured for use
2020-04-08 11:43:58,410 DEBUG org.springframework.web.filter.CommonsRequestLoggingFilter [restartedMain] Filter 'logFilter' configured for use
2020-04-08 11:44:32,328 DEBUG org.springframework.web.filter.CommonsRequestLoggingFilter [restartedMain] Filter 'logFilter' configured for use
2020-04-08 11:59:16,062 DEBUG org.springframework.web.filter.CommonsRequestLoggingFilter [restartedMain] Filter 'logFilter' configured for use
2020-04-08 12:00:03,113 DEBUG org.springframework.web.filter.CommonsRequestLoggingFilter [restartedMain] Filter 'logFilter' configured for use
2020-04-08 12:00:36,150 DEBUG org.springframework.web.filter.CommonsRequestLoggingFilter [restartedMain] Filter 'logFilter' configured for use
2020-04-08 12:01:03,896 DEBUG org.springframework.web.filter.CommonsRequestLoggingFilter [restartedMain] Filter 'logFilter' configured for use
2020-04-08 12:01:19,491 DEBUG org.springframework.web.filter.CommonsRequestLoggingFilter [restartedMain] Filter 'logFilter' configured for use
2020-04-08 12:01:32,271 DEBUG org.springframework.web.filter.CommonsRequestLoggingFilter [http-nio-2020-exec-1] Before request [GET /userController/openIndex]
2020-04-08 12:01:32,765 DEBUG org.springframework.web.filter.CommonsRequestLoggingFilter [http-nio-2020-exec-1] REQUEST DATA : GET /userController/openIndex]
2020-04-08 12:01:42,882 DEBUG org.springframework.web.filter.CommonsRequestLoggingFilter [http-nio-2020-exec-3] Before request [GET /userController/loginform?userEmail=jay%40gmail.com&userPassword=jay12345]
2020-04-08 12:01:43,001 DEBUG org.springframework.web.filter.CommonsRequestLoggingFilter [http-nio-2020-exec-3] REQUEST DATA : GET /userController/loginform?userEmail=jay%40gmail.com&userPassword=jay12345]
2020-04-08 12:06:47,559 DEBUG org.springframework.web.filter.CommonsRequestLoggingFilter [restartedMain] Filter 'logFilter' configured for use
2020-04-08 12:09:46,493 DEBUG org.springframework.web.filter.CommonsRequestLoggingFilter [restartedMain] Filter 'logFilter' configured for use
2020-04-08 12:10:06,007 DEBUG org.springframework.web.filter.CommonsRequestLoggingFilter [restartedMain] Filter 'logFilter' configured for use
2020-04-08 12:11:19,977 DEBUG org.springframework.web.filter.CommonsRequestLoggingFilter [restartedMain] Filter 'logFilter' configured for use
2020-04-08 12:11:26,744 DEBUG org.springframework.web.filter.CommonsRequestLoggingFilter [http-nio-2020-exec-10] Before request [GET /userController/openIndex]
2020-04-08 12:11:27,158 DEBUG org.springframework.web.filter.CommonsRequestLoggingFilter [http-nio-2020-exec-10] REQUEST DATA : GET /userController/openIndex]
2020-04-08 12:11:58,129 DEBUG org.springframework.web.filter.CommonsRequestLoggingFilter [restartedMain] Filter 'logFilter' configured for use
2020-04-08 12:12:08,187 DEBUG org.springframework.web.filter.CommonsRequestLoggingFilter [http-nio-2020-exec-1] Before request [GET /userController/loginform?userEmail=jay%40gmail.com&userPassword=jay12345]
2020-04-08 12:12:08,245 DEBUG org.springframework.web.filter.CommonsRequestLoggingFilter [http-nio-2020-exec-1] REQUEST DATA : GET /userController/loginform?userEmail=jay%40gmail.com&userPassword=jay12345]
2020-04-08 12:12:36,127 DEBUG org.springframework.web.filter.CommonsRequestLoggingFilter [restartedMain] Filter 'logFilter' configured for use
2020-04-08 12:13:12,288 DEBUG org.springframework.web.filter.CommonsRequestLoggingFilter [restartedMain] Filter 'logFilter' configured for use
2020-04-08 12:18:28,389 DEBUG org.springframework.web.filter.CommonsRequestLoggingFilter [restartedMain] Filter 'logFilter' configured for use
2020-04-08 12:21:50,992 DEBUG org.springframework.web.filter.CommonsRequestLoggingFilter [restartedMain] Filter 'logFilter' configured for use
2020-04-08 12:22:07,200 DEBUG org.springframework.web.filter.CommonsRequestLoggingFilter [restartedMain] Filter 'logFilter' configured for use
2020-04-08 12:29:01,128 DEBUG org.springframework.web.filter.CommonsRequestLoggingFilter [restartedMain] Filter 'logFilter' configured for use
2020-04-08 12:41:50,745 DEBUG org.springframework.web.filter.CommonsRequestLoggingFilter [restartedMain] Filter 'logFilter' configured for use
2020-04-08 12:42:16,646 DEBUG org.springframework.web.filter.CommonsRequestLoggingFilter [restartedMain] Filter 'logFilter' configured for use
2020-04-08 12:42:26,746 DEBUG org.springframework.web.filter.CommonsRequestLoggingFilter [restartedMain] Filter 'logFilter' configured for use
2020-04-08 12:43:07,555 DEBUG org.springframework.web.filter.CommonsRequestLoggingFilter [restartedMain] Filter 'logFilter' configured for use
2020-04-08 12:43:16,361 DEBUG org.springframework.web.filter.CommonsRequestLoggingFilter [http-nio-2020-exec-2] Before request [GET /userController/openIndex]
2020-04-08 12:43:16,741 DEBUG org.springframework.web.filter.CommonsRequestLoggingFilter [http-nio-2020-exec-2] REQUEST DATA : GET /userController/openIndex]
2020-04-08 12:43:27,742 DEBUG org.springframework.web.filter.CommonsRequestLoggingFilter [http-nio-2020-exec-3] Before request [GET /userController/loginform?userEmail=jay%40gmail.com&userPassword=jay12345]
2020-04-08 12:43:27,822 DEBUG org.springframework.web.filter.CommonsRequestLoggingFilter [http-nio-2020-exec-3] REQUEST DATA : GET /userController/loginform?userEmail=jay%40gmail.com&userPassword=jay12345]
2020-04-08 12:46:35,114 DEBUG org.springframework.web.filter.CommonsRequestLoggingFilter [restartedMain] Filter 'logFilter' configured for use
2020-04-08 12:46:52,550 DEBUG org.springframework.web.filter.CommonsRequestLoggingFilter [restartedMain] Filter 'logFilter' configured for use
2020-04-08 12:46:55,634 DEBUG org.springframework.web.filter.CommonsRequestLoggingFilter [http-nio-2020-exec-2] Before request [GET /userController/openIndex]
2020-04-08 12:46:56,008 DEBUG org.springframework.web.filter.CommonsRequestLoggingFilter [http-nio-2020-exec-2] REQUEST DATA : GET /userController/openIndex]
2020-04-08 12:47:04,682 DEBUG org.springframework.web.filter.CommonsRequestLoggingFilter [http-nio-2020-exec-4] Before request [GET /userController/loginform?userEmail=jay%40gmail.com&userPassword=jay12345]
2020-04-08 12:47:04,754 DEBUG org.springframework.web.filter.CommonsRequestLoggingFilter [http-nio-2020-exec-4] REQUEST DATA : GET /userController/loginform?userEmail=jay%40gmail.com&userPassword=jay12345]
2020-04-08 12:48:07,561 DEBUG org.springframework.web.filter.CommonsRequestLoggingFilter [restartedMain] Filter 'logFilter' configured for use
2020-04-08 12:48:17,562 DEBUG org.springframework.web.filter.CommonsRequestLoggingFilter [restartedMain] Filter 'logFilter' configured for use
2020-04-08 12:49:00,117 DEBUG org.springframework.web.filter.CommonsRequestLoggingFilter [restartedMain] Filter 'logFilter' configured for use
2020-04-08 12:49:44,948 DEBUG org.springframework.web.filter.CommonsRequestLoggingFilter [restartedMain] Filter 'logFilter' configured for use
2020-04-08 12:50:15,580 DEBUG org.springframework.web.filter.CommonsRequestLoggingFilter [http-nio-2020-exec-3] Before request [GET /userController/openIndex]
2020-04-08 12:50:16,066 DEBUG org.springframework.web.filter.CommonsRequestLoggingFilter [http-nio-2020-exec-3] REQUEST DATA : GET /userController/openIndex]
2020-04-08 12:52:06,085 DEBUG org.springframework.web.filter.CommonsRequestLoggingFilter [restartedMain] Filter 'logFilter' configured for use
2020-04-08 12:52:42,001 DEBUG org.springframework.web.filter.CommonsRequestLoggingFilter [restartedMain] Filter 'logFilter' configured for use
2020-04-08 12:52:56,797 DEBUG org.springframework.web.filter.CommonsRequestLoggingFilter [restartedMain] Filter 'logFilter' configured for use
2020-04-08 12:53:07,746 DEBUG org.springframework.web.filter.CommonsRequestLoggingFilter [http-nio-2020-exec-1] Before request [GET /userController/openIndex]
2020-04-08 12:53:08,118 DEBUG org.springframework.web.filter.CommonsRequestLoggingFilter [http-nio-2020-exec-1] REQUEST DATA : GET /userController/openIndex]
2020-04-08 12:53:22,048 DEBUG org.springframework.web.filter.CommonsRequestLoggingFilter [http-nio-2020-exec-3] Before request [GET /userController/loginform?userEmail=jay%40gmail.com&userPassword=jay1234]
2020-04-08 12:53:22,078 DEBUG org.springframework.web.filter.CommonsRequestLoggingFilter [http-nio-2020-exec-3] REQUEST DATA : GET /userController/loginform?userEmail=jay%40gmail.com&userPassword=jay1234]
2020-04-08 12:54:20,056 DEBUG org.springframework.web.filter.CommonsRequestLoggingFilter [restartedMain] Filter 'logFilter' configured for use
2020-04-08 12:54:29,260 DEBUG org.springframework.web.filter.CommonsRequestLoggingFilter [http-nio-2020-exec-1] Before request [GET /userController/openIndex]
2020-04-08 12:54:29,612 DEBUG org.springframework.web.filter.CommonsRequestLoggingFilter [http-nio-2020-exec-1] REQUEST DATA : GET /userController/openIndex]
2020-04-08 12:54:39,239 DEBUG org.springframework.web.filter.CommonsRequestLoggingFilter [http-nio-2020-exec-3] Before request [GET /userController/loginform?userEmail=jay%40gmail.com&userPassword=jay12345]
2020-04-08 12:54:39,305 DEBUG org.springframework.web.filter.CommonsRequestLoggingFilter [http-nio-2020-exec-3] REQUEST DATA : GET /userController/loginform?userEmail=jay%40gmail.com&userPassword=jay12345]
2020-04-08 12:55:44,213 DEBUG org.springframework.web.filter.CommonsRequestLoggingFilter [restartedMain] Filter 'logFilter' configured for use
2020-04-08 12:55:52,082 DEBUG org.springframework.web.filter.CommonsRequestLoggingFilter [http-nio-2020-exec-1] Before request [GET /userController/openIndex]
2020-04-08 12:55:52,419 DEBUG org.springframework.web.filter.CommonsRequestLoggingFilter [http-nio-2020-exec-1] REQUEST DATA : GET /userController/openIndex]
2020-04-08 12:56:04,110 DEBUG org.springframework.web.filter.CommonsRequestLoggingFilter [http-nio-2020-exec-3] Before request [GET /userController/loginform?userEmail=jay%40gmail.com&userPassword=jay12345]
2020-04-08 12:56:04,169 DEBUG org.springframework.web.filter.CommonsRequestLoggingFilter [http-nio-2020-exec-3] REQUEST DATA : GET /userController/loginform?userEmail=jay%40gmail.com&userPassword=jay12345]
2020-04-08 12:56:43,816 DEBUG org.springframework.web.filter.CommonsRequestLoggingFilter [restartedMain] Filter 'logFilter' configured for use
2020-04-08 12:57:33,183 DEBUG org.springframework.web.filter.CommonsRequestLoggingFilter [http-nio-2020-exec-1] Before request [GET /userController/openIndex]
2020-04-08 12:57:33,542 DEBUG org.springframework.web.filter.CommonsRequestLoggingFilter [http-nio-2020-exec-1] REQUEST DATA : GET /userController/openIndex]
2020-04-08 12:58:27,202 DEBUG org.springframework.web.filter.CommonsRequestLoggingFilter [http-nio-2020-exec-3] Before request [GET /userController/loginform?userEmail=jay%40gmail.com&userPassword=jay12345]
2020-04-08 12:58:27,253 DEBUG org.springframework.web.filter.CommonsRequestLoggingFilter [http-nio-2020-exec-3] REQUEST DATA : GET /userController/loginform?userEmail=jay%40gmail.com&userPassword=jay12345]
2020-04-08 12:59:25,717 DEBUG org.springframework.web.filter.CommonsRequestLoggingFilter [restartedMain] Filter 'logFilter' configured for use
2020-04-08 12:59:46,340 DEBUG org.springframework.web.filter.CommonsRequestLoggingFilter [restartedMain] Filter 'logFilter' configured for use
2020-04-08 12:59:53,112 DEBUG org.springframework.web.filter.CommonsRequestLoggingFilter [http-nio-2020-exec-1] Before request [GET /userController/openIndex]
2020-04-08 12:59:53,480 DEBUG org.springframework.web.filter.CommonsRequestLoggingFilter [http-nio-2020-exec-1] REQUEST DATA : GET /userController/openIndex]
2020-04-08 13:00:00,487 DEBUG org.springframework.web.filter.CommonsRequestLoggingFilter [http-nio-2020-exec-2] Before request [GET /userController/loginform?userEmail=jay%40gmail.com&userPassword=jay12345]
2020-04-08 13:00:00,539 DEBUG org.springframework.web.filter.CommonsRequestLoggingFilter [http-nio-2020-exec-2] REQUEST DATA : GET /userController/loginform?userEmail=jay%40gmail.com&userPassword=jay12345]
2020-04-08 13:01:15,406 DEBUG org.springframework.web.filter.CommonsRequestLoggingFilter [restartedMain] Filter 'logFilter' configured for use
2020-04-08 13:17:52,715 DEBUG org.springframework.web.filter.CommonsRequestLoggingFilter [restartedMain] Filter 'logFilter' configured for use
2020-04-08 13:18:41,016 DEBUG org.springframework.web.filter.CommonsRequestLoggingFilter [restartedMain] Filter 'logFilter' configured for use
2020-04-08 13:19:49,228 DEBUG org.springframework.web.filter.CommonsRequestLoggingFilter [restartedMain] Filter 'logFilter' configured for use
2020-04-08 13:23:17,261 DEBUG org.springframework.web.filter.CommonsRequestLoggingFilter [restartedMain] Filter 'logFilter' configured for use
2020-04-08 13:25:10,634 DEBUG org.springframework.web.filter.CommonsRequestLoggingFilter [restartedMain] Filter 'logFilter' configured for use
2020-04-08 13:25:54,550 DEBUG org.springframework.web.filter.CommonsRequestLoggingFilter [restartedMain] Filter 'logFilter' configured for use
2020-04-08 13:26:13,367 DEBUG org.springframework.web.filter.CommonsRequestLoggingFilter [restartedMain] Filter 'logFilter' configured for use
2020-04-08 13:26:31,853 DEBUG org.springframework.web.filter.CommonsRequestLoggingFilter [restartedMain] Filter 'logFilter' configured for use
2020-04-08 13:27:52,766 DEBUG org.springframework.web.filter.CommonsRequestLoggingFilter [restartedMain] Filter 'logFilter' configured for use
2020-04-08 13:30:19,386 DEBUG org.springframework.web.filter.CommonsRequestLoggingFilter [restartedMain] Filter 'logFilter' configured for use
2020-04-08 13:34:47,260 DEBUG org.springframework.web.filter.CommonsRequestLoggingFilter [restartedMain] Filter 'logFilter' configured for use
2020-04-08 13:43:09,893 DEBUG org.springframework.web.filter.CommonsRequestLoggingFilter [restartedMain] Filter 'logFilter' configured for use
2020-04-08 13:43:56,308 DEBUG org.springframework.web.filter.CommonsRequestLoggingFilter [restartedMain] Filter 'logFilter' configured for use
2020-04-08 13:45:22,893 DEBUG org.springframework.web.filter.CommonsRequestLoggingFilter [restartedMain] Filter 'logFilter' configured for use
2020-04-08 13:46:09,928 DEBUG org.springframework.web.filter.CommonsRequestLoggingFilter [restartedMain] Filter 'logFilter' configured for use
2020-04-08 13:47:27,019 DEBUG org.springframework.web.filter.CommonsRequestLoggingFilter [restartedMain] Filter 'logFilter' configured for use
2020-04-08 13:48:33,843 DEBUG org.springframework.web.filter.CommonsRequestLoggingFilter [restartedMain] Filter 'logFilter' configured for use
2020-04-08 13:56:36,314 DEBUG org.springframework.web.filter.CommonsRequestLoggingFilter [restartedMain] Filter 'logFilter' configured for use
2020-04-08 13:57:02,772 DEBUG org.springframework.web.filter.CommonsRequestLoggingFilter [restartedMain] Filter 'logFilter' configured for use
2020-04-08 13:57:10,371 DEBUG org.springframework.web.filter.CommonsRequestLoggingFilter [http-nio-2020-exec-1] Before request [GET /userController/openIndex]
2020-04-08 13:57:12,185 DEBUG org.springframework.web.filter.CommonsRequestLoggingFilter [http-nio-2020-exec-1] REQUEST DATA : GET /userController/openIndex]
2020-04-08 13:57:29,268 DEBUG org.springframework.web.filter.CommonsRequestLoggingFilter [http-nio-2020-exec-3] Before request [GET /userController/loginform?userEmail=jay%40gmail.com&userPassword=jay12345]
2020-04-08 13:57:29,587 DEBUG org.springframework.web.filter.CommonsRequestLoggingFilter [http-nio-2020-exec-3] REQUEST DATA : GET /userController/loginform?userEmail=jay%40gmail.com&userPassword=jay12345]
2020-04-08 14:22:11,765 DEBUG org.springframework.web.filter.CommonsRequestLoggingFilter [restartedMain] Filter 'logFilter' configured for use
2020-04-08 14:22:15,192 DEBUG org.springframework.web.filter.CommonsRequestLoggingFilter [http-nio-2020-exec-1] Before request [GET /userController/openIndex]
2020-04-08 14:22:15,591 DEBUG org.springframework.web.filter.CommonsRequestLoggingFilter [http-nio-2020-exec-1] REQUEST DATA : GET /userController/openIndex]
2020-04-08 14:22:23,965 DEBUG org.springframework.web.filter.CommonsRequestLoggingFilter [http-nio-2020-exec-3] Before request [GET /userController/loginform?userEmail=jay%40gmail.com&userPassword=jay12345]
2020-04-08 14:22:24,022 DEBUG org.springframework.web.filter.CommonsRequestLoggingFilter [http-nio-2020-exec-3] REQUEST DATA : GET /userController/loginform?userEmail=jay%40gmail.com&userPassword=jay12345]
2020-04-08 14:23:08,055 DEBUG org.springframework.web.filter.CommonsRequestLoggingFilter [http-nio-2020-exec-5] Before request [GET /userController/openIndex]
2020-04-08 14:23:08,077 DEBUG org.springframework.web.filter.CommonsRequestLoggingFilter [http-nio-2020-exec-5] REQUEST DATA : GET /userController/openIndex]
2020-04-08 14:23:16,629 DEBUG org.springframework.web.filter.CommonsRequestLoggingFilter [http-nio-2020-exec-6] Before request [GET /userController/loginform?userEmail=jay%40gmail.com&userPassword=jay12345]
2020-04-08 14:23:16,652 DEBUG org.springframework.web.filter.CommonsRequestLoggingFilter [http-nio-2020-exec-6] REQUEST DATA : GET /userController/loginform?userEmail=jay%40gmail.com&userPassword=jay12345]
2020-04-08 14:24:15,052 DEBUG org.springframework.web.filter.CommonsRequestLoggingFilter [restartedMain] Filter 'logFilter' configured for use
2020-04-08 14:24:26,177 DEBUG org.springframework.web.filter.CommonsRequestLoggingFilter [http-nio-2020-exec-2] Before request [GET /userController/openIndex]
2020-04-08 14:24:26,522 DEBUG org.springframework.web.filter.CommonsRequestLoggingFilter [http-nio-2020-exec-2] REQUEST DATA : GET /userController/openIndex]
2020-04-08 14:24:33,874 DEBUG org.springframework.web.filter.CommonsRequestLoggingFilter [http-nio-2020-exec-3] Before request [GET /userController/loginform?userEmail=jay%40gmail.com&userPassword=jay12345]
2020-04-08 14:24:33,938 DEBUG org.springframework.web.filter.CommonsRequestLoggingFilter [http-nio-2020-exec-3] REQUEST DATA : GET /userController/loginform?userEmail=jay%40gmail.com&userPassword=jay12345]
2020-04-08 14:28:56,814 DEBUG org.springframework.web.filter.CommonsRequestLoggingFilter [restartedMain] Filter 'logFilter' configured for use
2020-04-08 15:27:42,200 DEBUG org.springframework.web.filter.CommonsRequestLoggingFilter [restartedMain] Filter 'logFilter' configured for use
2020-04-08 15:28:42,142 DEBUG org.springframework.web.filter.CommonsRequestLoggingFilter [restartedMain] Filter 'logFilter' configured for use
2020-04-08 15:29:23,786 DEBUG org.springframework.web.filter.CommonsRequestLoggingFilter [restartedMain] Filter 'logFilter' configured for use
2020-04-08 15:29:32,933 DEBUG org.springframework.web.filter.CommonsRequestLoggingFilter [restartedMain] Filter 'logFilter' configured for use
2020-04-08 15:29:57,958 DEBUG org.springframework.web.filter.CommonsRequestLoggingFilter [restartedMain] Filter 'logFilter' configured for use
2020-04-08 15:30:08,822 DEBUG org.springframework.web.filter.CommonsRequestLoggingFilter [http-nio-2020-exec-1] Before request [GET /userController/openIndex]
2020-04-08 15:30:09,592 DEBUG org.springframework.web.filter.CommonsRequestLoggingFilter [http-nio-2020-exec-1] REQUEST DATA : GET /userController/openIndex]
2020-04-08 15:32:09,577 DEBUG org.springframework.web.filter.CommonsRequestLoggingFilter [http-nio-2020-exec-5] Before request [GET /userController/loginform?userEmail=jay%40gmail.com&userPassword=jay12345]
2020-04-08 15:32:09,700 DEBUG org.springframework.web.filter.CommonsRequestLoggingFilter [http-nio-2020-exec-5] REQUEST DATA : GET /userController/loginform?userEmail=jay%40gmail.com&userPassword=jay12345]
2020-04-08 15:32:49,730 DEBUG org.springframework.web.filter.CommonsRequestLoggingFilter [restartedMain] Filter 'logFilter' configured for use
2020-04-08 15:33:12,364 DEBUG org.springframework.web.filter.CommonsRequestLoggingFilter [restartedMain] Filter 'logFilter' configured for use
2020-04-08 15:33:15,567 DEBUG org.springframework.web.filter.CommonsRequestLoggingFilter [http-nio-2020-exec-1] Before request [GET /userController/openIndex]
2020-04-08 15:33:16,221 DEBUG org.springframework.web.filter.CommonsRequestLoggingFilter [http-nio-2020-exec-1] REQUEST DATA : GET /userController/openIndex]
2020-04-08 15:33:26,690 DEBUG org.springframework.web.filter.CommonsRequestLoggingFilter [http-nio-2020-exec-3] Before request [GET /userController/loginform?userEmail=jay%40gmail.com&userPassword=jay12345]
2020-04-08 15:33:27,531 DEBUG org.springframework.web.filter.CommonsRequestLoggingFilter [http-nio-2020-exec-3] REQUEST DATA : GET /userController/loginform?userEmail=jay%40gmail.com&userPassword=jay12345]
2020-04-08 16:31:09,415 DEBUG org.springframework.web.filter.CommonsRequestLoggingFilter [restartedMain] Filter 'logFilter' configured for use
2020-04-08 16:33:04,117 DEBUG org.springframework.web.filter.CommonsRequestLoggingFilter [restartedMain] Filter 'logFilter' configured for use
2020-04-08 16:33:44,217 DEBUG org.springframework.web.filter.CommonsRequestLoggingFilter [restartedMain] Filter 'logFilter' configured for use
2020-04-08 16:34:07,051 DEBUG org.springframework.web.filter.CommonsRequestLoggingFilter [restartedMain] Filter 'logFilter' configured for use
2020-04-08 16:38:31,340 DEBUG org.springframework.web.filter.CommonsRequestLoggingFilter [restartedMain] Filter 'logFilter' configured for use
2020-04-08 16:39:31,871 DEBUG org.springframework.web.filter.CommonsRequestLoggingFilter [restartedMain] Filter 'logFilter' configured for use
2020-04-08 16:48:48,954 DEBUG org.springframework.web.filter.CommonsRequestLoggingFilter [http-nio-2020-exec-1] Before request [POST /userController/addExpenseData]
2020-04-08 16:48:49,314 DEBUG org.springframework.web.filter.CommonsRequestLoggingFilter [http-nio-2020-exec-1] REQUEST DATA : POST /userController/addExpenseData]
2020-04-08 17:30:07,598 DEBUG org.springframework.web.filter.CommonsRequestLoggingFilter [restartedMain] Filter 'logFilter' configured for use
2020-04-08 17:47:15,289 DEBUG org.springframework.web.filter.CommonsRequestLoggingFilter [restartedMain] Filter 'logFilter' configured for use
2020-04-08 17:47:38,137 DEBUG org.springframework.web.filter.CommonsRequestLoggingFilter [restartedMain] Filter 'logFilter' configured for use
2020-04-08 17:49:00,816 DEBUG org.springframework.web.filter.CommonsRequestLoggingFilter [restartedMain] Filter 'logFilter' configured for use
2020-04-08 17:51:25,923 DEBUG org.springframework.web.filter.CommonsRequestLoggingFilter [restartedMain] Filter 'logFilter' configured for use
2020-04-08 17:51:51,290 DEBUG org.springframework.web.filter.CommonsRequestLoggingFilter [restartedMain] Filter 'logFilter' configured for use
2020-04-08 17:51:59,026 DEBUG org.springframework.web.filter.CommonsRequestLoggingFilter [restartedMain] Filter 'logFilter' configured for use
2020-04-08 17:52:04,756 DEBUG org.springframework.web.filter.CommonsRequestLoggingFilter [http-nio-2020-exec-2] Before request [POST /userController/addExpenseData]
2020-04-08 17:52:04,864 DEBUG org.springframework.web.filter.CommonsRequestLoggingFilter [http-nio-2020-exec-2] REQUEST DATA : POST /userController/addExpenseData]
2020-04-08 17:53:43,747 DEBUG org.springframework.web.filter.CommonsRequestLoggingFilter [restartedMain] Filter 'logFilter' configured for use
2020-04-08 17:53:48,814 DEBUG org.springframework.web.filter.CommonsRequestLoggingFilter [http-nio-2020-exec-1] Before request [POST /userController/addExpenseData]
2020-04-08 17:53:48,899 DEBUG org.springframework.web.filter.CommonsRequestLoggingFilter [http-nio-2020-exec-1] REQUEST DATA : POST /userController/addExpenseData]
2020-04-08 17:54:19,949 DEBUG org.springframework.web.filter.CommonsRequestLoggingFilter [restartedMain] Filter 'logFilter' configured for use
2020-04-08 17:54:26,447 DEBUG org.springframework.web.filter.CommonsRequestLoggingFilter [http-nio-2020-exec-1] Before request [POST /userController/addExpenseData]
2020-04-08 17:54:26,477 DEBUG org.springframework.web.filter.CommonsRequestLoggingFilter [http-nio-2020-exec-1] REQUEST DATA : POST /userController/addExpenseData]
2020-04-08 17:55:25,893 DEBUG org.springframework.web.filter.CommonsRequestLoggingFilter [restartedMain] Filter 'logFilter' configured for use
2020-04-08 17:55:28,963 DEBUG org.springframework.web.filter.CommonsRequestLoggingFilter [http-nio-2020-exec-1] Before request [POST /userController/addExpenseData]
2020-04-08 17:55:29,288 DEBUG org.springframework.web.filter.CommonsRequestLoggingFilter [http-nio-2020-exec-1] REQUEST DATA : POST /userController/addExpenseData, payload={

"expenseTitle":"Laptop",
"description":"Dell laptop",
"amount":30000.00,
"date":"1991-02-03",
"category":[
	{  "categoryValues":"electricity"
	},
	{  "categoryValues":"internet"
	}
	
	],
	"userId":1

}]
2020-04-08 17:56:03,656 DEBUG org.springframework.web.filter.CommonsRequestLoggingFilter [restartedMain] Filter 'logFilter' configured for use
2020-04-08 17:56:23,525 DEBUG org.springframework.web.filter.CommonsRequestLoggingFilter [http-nio-2020-exec-1] Before request [POST /userController/addExpenseData]
2020-04-08 17:56:23,597 DEBUG org.springframework.web.filter.CommonsRequestLoggingFilter [http-nio-2020-exec-1] REQUEST DATA : POST /userController/addExpenseData, payload={

"expenseTitle":"Laptop",
"description":"Dell laptop",
"amount":30000.00,
"date":"1991-02-03",
"category":[
	{  "categoryValues":"electricity"
	},
	{  "categoryValues":"internet"
	}
	
	],
	"userId":1

}]
2020-04-08 17:57:15,872 DEBUG org.springframework.web.filter.CommonsRequestLoggingFilter [restartedMain] Filter 'logFilter' configured for use
2020-04-08 17:57:19,566 DEBUG org.springframework.web.filter.CommonsRequestLoggingFilter [http-nio-2020-exec-1] Before request [POST /userController/addExpenseData]
2020-04-08 17:57:19,903 DEBUG org.springframework.web.filter.CommonsRequestLoggingFilter [http-nio-2020-exec-1] REQUEST DATA : POST /userController/addExpenseData, payload={

"expenseTitle":"Laptop",
"description":"Dell laptop",
"amount":30000.00,
"date":"1991-02-03",
"category":[
	{  "categoryValues":"electricity"
	},
	{  "categoryValues":"internet"
	}
	
	],
	"userId":1

}]
2020-04-08 17:59:56,323 DEBUG org.springframework.web.filter.CommonsRequestLoggingFilter [restartedMain] Filter 'logFilter' configured for use
2020-04-08 18:00:01,941 DEBUG org.springframework.web.filter.CommonsRequestLoggingFilter [http-nio-2020-exec-1] Before request [POST /userController/addExpenseData]
2020-04-08 18:00:01,999 DEBUG org.springframework.web.filter.CommonsRequestLoggingFilter [http-nio-2020-exec-1] REQUEST DATA : POST /userController/addExpenseData, payload={

"expenseTitle":"Laptop",
"description":"Dell laptop",
"amount":30000.00,
"date":"1991-02-03",
"category":[
	{  "categoryValues":"electricity"
	},
	{  "categoryValues":"internet"
	}
	
	],
	"userId":1

}]
2020-04-08 18:00:24,726 DEBUG org.springframework.web.filter.CommonsRequestLoggingFilter [restartedMain] Filter 'logFilter' configured for use
2020-04-08 18:00:25,991 DEBUG org.springframework.web.filter.CommonsRequestLoggingFilter [http-nio-2020-exec-1] Before request [POST /userController/addExpenseData]
2020-04-08 18:00:26,340 DEBUG org.springframework.web.filter.CommonsRequestLoggingFilter [http-nio-2020-exec-1] REQUEST DATA : POST /userController/addExpenseData, payload={

"expenseTitle":"Laptop",
"description":"Dell laptop",
"amount":30000.00,
"date":"1991-02-03",
"category":[
	{  "categoryValues":"electricity"
	},
	{  "categoryValues":"internet"
	}
	
	],
	"userId":1

}]
2020-04-08 18:04:25,155 DEBUG org.springframework.web.filter.CommonsRequestLoggingFilter [http-nio-2020-exec-3] Before request [POST /userController/addExpenseData]
2020-04-08 18:04:25,178 DEBUG org.springframework.web.filter.CommonsRequestLoggingFilter [http-nio-2020-exec-3] REQUEST DATA : POST /userController/addExpenseData, payload={
"userId":1,
"expenseTitle":"Laptop",
"description":"Dell laptop",
"amount":30000.00,
"date":"1991-02-03",
"category":[
	{  "categoryValues":"electricity"
	},
	{  "categoryValues":"internet"
	}
]

}]
2020-04-08 18:05:32,077 DEBUG org.springframework.web.filter.CommonsRequestLoggingFilter [restartedMain] Filter 'logFilter' configured for use
2020-04-08 18:05:39,524 DEBUG org.springframework.web.filter.CommonsRequestLoggingFilter [restartedMain] Filter 'logFilter' configured for use
2020-04-08 18:05:43,495 DEBUG org.springframework.web.filter.CommonsRequestLoggingFilter [http-nio-2020-exec-1] Before request [POST /userController/addExpenseData]
2020-04-08 18:05:43,878 DEBUG org.springframework.web.filter.CommonsRequestLoggingFilter [http-nio-2020-exec-1] REQUEST DATA : POST /userController/addExpenseData, payload={
"userId":1,
"expenseTitle":"Laptop",
"description":"Dell laptop",
"amount":30000.00,
"date":"1991-02-03",
"category":[
	{  "categoryValues":"electricity"
	},
	{  "categoryValues":"internet"
	}
]

}]
2020-04-08 18:07:00,155 DEBUG org.springframework.web.filter.CommonsRequestLoggingFilter [restartedMain] Filter 'logFilter' configured for use
2020-04-08 18:13:41,812 DEBUG org.springframework.web.filter.CommonsRequestLoggingFilter [restartedMain] Filter 'logFilter' configured for use
2020-04-08 18:13:51,013 DEBUG org.springframework.web.filter.CommonsRequestLoggingFilter [http-nio-2020-exec-1] Before request [POST /userController/addExpenseData]
2020-04-08 18:13:51,046 DEBUG org.springframework.web.filter.CommonsRequestLoggingFilter [http-nio-2020-exec-1] REQUEST DATA : POST /userController/addExpenseData, payload={
"userId":1,
"expenseTitle":"Laptop",
"description":"Dell laptop",
"amount":30000.00,
"date":"1991-02-03",
"category":[
	{  "categoryValues":"electricity"
	},
	{  "categoryValues":"internet"
	}
]

}]
2020-04-08 18:14:19,711 DEBUG org.springframework.web.filter.CommonsRequestLoggingFilter [restartedMain] Filter 'logFilter' configured for use
2020-04-08 18:14:23,593 DEBUG org.springframework.web.filter.CommonsRequestLoggingFilter [http-nio-2020-exec-1] Before request [POST /userController/addExpenseData]
2020-04-08 18:14:23,677 DEBUG org.springframework.web.filter.CommonsRequestLoggingFilter [http-nio-2020-exec-1] REQUEST DATA : POST /userController/addExpenseData, payload={
"userId":1,
"expenseTitle":"Laptop",
"description":"Dell laptop",
"amount":30000.00,
"date":"1991-02-03",
"category":[
	{  "categoryValues":"electricity"
	},
	{  "categoryValues":"internet"
	}
]

}]
2020-04-08 18:14:48,927 DEBUG org.springframework.web.filter.CommonsRequestLoggingFilter [restartedMain] Filter 'logFilter' configured for use
2020-04-08 18:14:53,153 DEBUG org.springframework.web.filter.CommonsRequestLoggingFilter [http-nio-2020-exec-1] Before request [POST /userController/addExpenseData]
2020-04-08 18:14:53,326 DEBUG org.springframework.web.filter.CommonsRequestLoggingFilter [http-nio-2020-exec-1] REQUEST DATA : POST /userController/addExpenseData, payload={
"userId":1,
"expenseTitle":"Laptop",
"description":"Dell laptop",
"amount":30000.00,
"date":"1991-02-03",
"category":[
	{  "categoryValues":"electricity"
	},
	{  "categoryValues":"internet"
	}
]

}]
2020-04-08 18:22:50,662 DEBUG org.springframework.web.filter.CommonsRequestLoggingFilter [restartedMain] Filter 'logFilter' configured for use
2020-04-08 18:23:08,213 DEBUG org.springframework.web.filter.CommonsRequestLoggingFilter [restartedMain] Filter 'logFilter' configured for use
2020-04-08 18:28:02,308 DEBUG org.springframework.web.filter.CommonsRequestLoggingFilter [restartedMain] Filter 'logFilter' configured for use
2020-04-08 18:28:08,370 DEBUG org.springframework.web.filter.CommonsRequestLoggingFilter [http-nio-2020-exec-1] Before request [POST /userController/addExpenseData]
2020-04-08 18:28:08,508 DEBUG org.springframework.web.filter.CommonsRequestLoggingFilter [http-nio-2020-exec-1] REQUEST DATA : POST /userController/addExpenseData, payload={
"userId":1,
"expenseTitle":"Laptop",
"description":"Dell laptop",
"amount":30000.00,
"date":"1991-02-03",
"category":[
	{  "categoryValues":"electricity"
	},
	{  "categoryValues":"internet"
	}
]

}]
2020-04-08 18:28:59,303 DEBUG org.springframework.web.filter.CommonsRequestLoggingFilter [restartedMain] Filter 'logFilter' configured for use
2020-04-08 18:29:23,095 DEBUG org.springframework.web.filter.CommonsRequestLoggingFilter [restartedMain] Filter 'logFilter' configured for use
2020-04-08 18:29:28,781 DEBUG org.springframework.web.filter.CommonsRequestLoggingFilter [http-nio-2020-exec-1] Before request [POST /userController/addExpenseData]
2020-04-08 18:29:28,910 DEBUG org.springframework.web.filter.CommonsRequestLoggingFilter [http-nio-2020-exec-1] REQUEST DATA : POST /userController/addExpenseData, payload={
"userId":1,
"expenseTitle":"Laptop",
"description":"Dell laptop",
"amount":30000.00,
"date":"1991-02-03",
"category":[
	{  "categoryValues":"electricity"
	},
	{  "categoryValues":"internet"
	}
]

}]
2020-04-08 18:30:24,206 DEBUG org.springframework.web.filter.CommonsRequestLoggingFilter [http-nio-2020-exec-2] Before request [POST /userController/addExpenseData]
2020-04-08 18:30:24,216 DEBUG org.springframework.web.filter.CommonsRequestLoggingFilter [http-nio-2020-exec-2] REQUEST DATA : POST /userController/addExpenseData, payload={
"userId":1,
"expenseTitle":"Laptop",
"description":"",
"amount":30000.00,
"date":"1991-02-03",
"category":[
	{  "categoryValues":"electricity"
	},
	{  "categoryValues":"internet"
	}
]

}]
2020-04-08 18:39:14,780 DEBUG org.springframework.web.filter.CommonsRequestLoggingFilter [restartedMain] Filter 'logFilter' configured for use
2020-04-08 18:41:03,097 DEBUG org.springframework.web.filter.CommonsRequestLoggingFilter [restartedMain] Filter 'logFilter' configured for use
2020-04-08 18:41:22,921 DEBUG org.springframework.web.filter.CommonsRequestLoggingFilter [restartedMain] Filter 'logFilter' configured for use
2020-04-08 18:41:53,155 DEBUG org.springframework.web.filter.CommonsRequestLoggingFilter [restartedMain] Filter 'logFilter' configured for use
2020-04-08 18:42:49,737 DEBUG org.springframework.web.filter.CommonsRequestLoggingFilter [restartedMain] Filter 'logFilter' configured for use
2020-04-08 18:43:01,319 DEBUG org.springframework.web.filter.CommonsRequestLoggingFilter [restartedMain] Filter 'logFilter' configured for use
2020-04-08 18:43:24,052 DEBUG org.springframework.web.filter.CommonsRequestLoggingFilter [restartedMain] Filter 'logFilter' configured for use
2020-04-08 18:43:58,854 DEBUG org.springframework.web.filter.CommonsRequestLoggingFilter [restartedMain] Filter 'logFilter' configured for use
2020-04-08 18:44:40,814 DEBUG org.springframework.web.filter.CommonsRequestLoggingFilter [restartedMain] Filter 'logFilter' configured for use
2020-04-08 18:45:05,251 DEBUG org.springframework.web.filter.CommonsRequestLoggingFilter [http-nio-2020-exec-1] Before request [GET /userController//editexpenseData/expenseId/1]
2020-04-08 18:45:05,486 DEBUG org.springframework.web.filter.CommonsRequestLoggingFilter [http-nio-2020-exec-1] REQUEST DATA : GET /userController//editexpenseData/expenseId/1]
2020-04-08 18:45:25,712 DEBUG org.springframework.web.filter.CommonsRequestLoggingFilter [http-nio-2020-exec-2] Before request [GET /userController//editexpenseData/expenseId/8]
2020-04-08 18:45:25,727 DEBUG org.springframework.web.filter.CommonsRequestLoggingFilter [http-nio-2020-exec-2] REQUEST DATA : GET /userController//editexpenseData/expenseId/8]
2020-04-08 18:45:32,890 DEBUG org.springframework.web.filter.CommonsRequestLoggingFilter [http-nio-2020-exec-3] Before request [GET /userController//editexpenseData/expenseId/10]
2020-04-08 18:45:32,904 DEBUG org.springframework.web.filter.CommonsRequestLoggingFilter [http-nio-2020-exec-3] REQUEST DATA : GET /userController//editexpenseData/expenseId/10]
2020-04-08 18:47:18,062 DEBUG org.springframework.web.filter.CommonsRequestLoggingFilter [restartedMain] Filter 'logFilter' configured for use
2020-04-08 18:47:23,498 DEBUG org.springframework.web.filter.CommonsRequestLoggingFilter [restartedMain] Filter 'logFilter' configured for use
2020-04-08 18:47:28,951 DEBUG org.springframework.web.filter.CommonsRequestLoggingFilter [http-nio-2020-exec-1] Before request [GET /userController//editexpenseData/expenseId/10]
2020-04-08 18:47:28,996 DEBUG org.springframework.web.filter.CommonsRequestLoggingFilter [http-nio-2020-exec-1] REQUEST DATA : GET /userController//editexpenseData/expenseId/10]
2020-04-08 18:49:56,063 DEBUG org.springframework.web.filter.CommonsRequestLoggingFilter [restartedMain] Filter 'logFilter' configured for use
2020-04-08 18:50:11,921 DEBUG org.springframework.web.filter.CommonsRequestLoggingFilter [restartedMain] Filter 'logFilter' configured for use
2020-04-08 18:50:18,164 DEBUG org.springframework.web.filter.CommonsRequestLoggingFilter [http-nio-2020-exec-1] Before request [GET /userController//editexpenseData/expenseId/10]
2020-04-08 18:50:18,216 DEBUG org.springframework.web.filter.CommonsRequestLoggingFilter [http-nio-2020-exec-1] REQUEST DATA : GET /userController//editexpenseData/expenseId/10]
2020-04-08 18:50:33,973 DEBUG org.springframework.web.filter.CommonsRequestLoggingFilter [http-nio-2020-exec-2] Before request [GET /userController//editexpenseData/expenseId/10]
2020-04-08 18:50:33,986 DEBUG org.springframework.web.filter.CommonsRequestLoggingFilter [http-nio-2020-exec-2] REQUEST DATA : GET /userController//editexpenseData/expenseId/10]
2020-04-08 18:51:05,563 DEBUG org.springframework.web.filter.CommonsRequestLoggingFilter [restartedMain] Filter 'logFilter' configured for use
2020-04-08 18:51:11,771 DEBUG org.springframework.web.filter.CommonsRequestLoggingFilter [http-nio-2020-exec-1] Before request [GET /userController//editexpenseData/expenseId/10]
2020-04-08 18:51:11,819 DEBUG org.springframework.web.filter.CommonsRequestLoggingFilter [http-nio-2020-exec-1] REQUEST DATA : GET /userController//editexpenseData/expenseId/10]
2020-04-08 18:52:19,384 DEBUG org.springframework.web.filter.CommonsRequestLoggingFilter [restartedMain] Filter 'logFilter' configured for use
2020-04-08 18:52:20,637 DEBUG org.springframework.web.filter.CommonsRequestLoggingFilter [http-nio-2020-exec-1] Before request [GET /userController//editexpenseData/expenseId/10]
2020-04-08 18:52:20,723 DEBUG org.springframework.web.filter.CommonsRequestLoggingFilter [http-nio-2020-exec-1] REQUEST DATA : GET /userController//editexpenseData/expenseId/10]
2020-04-08 18:52:23,671 DEBUG org.springframework.web.filter.CommonsRequestLoggingFilter [http-nio-2020-exec-2] Before request [GET /userController//editexpenseData/expenseId/10]
2020-04-08 18:52:23,684 DEBUG org.springframework.web.filter.CommonsRequestLoggingFilter [http-nio-2020-exec-2] REQUEST DATA : GET /userController//editexpenseData/expenseId/10]
2020-04-08 18:53:02,464 DEBUG org.springframework.web.filter.CommonsRequestLoggingFilter [restartedMain] Filter 'logFilter' configured for use
2020-04-08 18:54:56,162 DEBUG org.springframework.web.filter.CommonsRequestLoggingFilter [restartedMain] Filter 'logFilter' configured for use
2020-04-08 18:55:27,661 DEBUG org.springframework.web.filter.CommonsRequestLoggingFilter [restartedMain] Filter 'logFilter' configured for use
2020-04-08 18:55:28,934 DEBUG org.springframework.web.filter.CommonsRequestLoggingFilter [http-nio-2020-exec-1] Before request [GET /userController//editexpenseData/expenseId/10]
2020-04-08 18:55:28,971 DEBUG org.springframework.web.filter.CommonsRequestLoggingFilter [http-nio-2020-exec-1] REQUEST DATA : GET /userController//editexpenseData/expenseId/10]
2020-04-08 18:55:34,500 DEBUG org.springframework.web.filter.CommonsRequestLoggingFilter [http-nio-2020-exec-2] Before request [GET /userController//editexpenseData/expenseId/10]
2020-04-08 18:55:34,510 DEBUG org.springframework.web.filter.CommonsRequestLoggingFilter [http-nio-2020-exec-2] REQUEST DATA : GET /userController//editexpenseData/expenseId/10]
2020-04-08 18:55:37,846 DEBUG org.springframework.web.filter.CommonsRequestLoggingFilter [http-nio-2020-exec-3] Before request [GET /userController//editexpenseData/expenseId/10]
2020-04-08 18:55:37,857 DEBUG org.springframework.web.filter.CommonsRequestLoggingFilter [http-nio-2020-exec-3] REQUEST DATA : GET /userController//editexpenseData/expenseId/10]
2020-04-08 18:58:21,990 DEBUG org.springframework.web.filter.CommonsRequestLoggingFilter [restartedMain] Filter 'logFilter' configured for use
2020-04-08 18:58:33,725 DEBUG org.springframework.web.filter.CommonsRequestLoggingFilter [http-nio-2020-exec-1] Before request [GET /userController//editexpenseData/expenseId/10]
2020-04-08 18:58:33,877 DEBUG org.springframework.web.filter.CommonsRequestLoggingFilter [http-nio-2020-exec-1] REQUEST DATA : GET /userController//editexpenseData/expenseId/10]
2020-04-08 19:00:12,259 DEBUG org.springframework.web.filter.CommonsRequestLoggingFilter [http-nio-2020-exec-3] Before request [GET /userController/openIndex]
2020-04-08 19:00:13,032 DEBUG org.springframework.web.filter.CommonsRequestLoggingFilter [http-nio-2020-exec-3] REQUEST DATA : GET /userController/openIndex]
2020-04-08 19:00:41,347 DEBUG org.springframework.web.filter.CommonsRequestLoggingFilter [http-nio-2020-exec-4] Before request [GET /userController/openRegister]
2020-04-08 19:00:42,420 DEBUG org.springframework.web.filter.CommonsRequestLoggingFilter [http-nio-2020-exec-4] REQUEST DATA : GET /userController/openRegister]
2020-04-08 19:00:51,268 DEBUG org.springframework.web.filter.CommonsRequestLoggingFilter [http-nio-2020-exec-6] Before request [POST /userController/addUser]
2020-04-08 19:00:51,585 DEBUG org.springframework.web.filter.CommonsRequestLoggingFilter [http-nio-2020-exec-6] REQUEST DATA : POST /userController/addUser, payload=userName=bbkjb&UserAddress=&userEmail=&userPassword=&REGISTER=Register]
2020-04-08 19:29:19,761 DEBUG org.springframework.web.filter.CommonsRequestLoggingFilter [restartedMain] Filter 'logFilter' configured for use
2020-04-08 19:29:30,714 DEBUG org.springframework.web.filter.CommonsRequestLoggingFilter [http-nio-2020-exec-1] Before request [GET /userController//editexpenseData/expenseId/10]
2020-04-08 19:29:31,155 DEBUG org.springframework.web.filter.CommonsRequestLoggingFilter [http-nio-2020-exec-1] REQUEST DATA : GET /userController//editexpenseData/expenseId/10]
2020-04-08 19:29:41,619 DEBUG org.springframework.web.filter.CommonsRequestLoggingFilter [http-nio-2020-exec-2] Before request [GET /userController//editexpenseData/expenseId/1]
2020-04-08 19:29:41,846 DEBUG org.springframework.web.filter.CommonsRequestLoggingFilter [http-nio-2020-exec-2] REQUEST DATA : GET /userController//editexpenseData/expenseId/1]
2020-04-08 19:31:06,839 DEBUG org.springframework.web.filter.CommonsRequestLoggingFilter [http-nio-2020-exec-4] Before request [POST /userController/updateExpense]
2020-04-08 19:31:07,248 DEBUG org.springframework.web.filter.CommonsRequestLoggingFilter [http-nio-2020-exec-4] REQUEST DATA : POST /userController/updateExpense, payload={
    "expenseId": 1,
    "expenseTitle": "laptop",
    "description": "laptop",
    "amount": 5000.00,
    "date": "1999-08-08",
    "category": []
}]
2020-04-08 19:32:56,210 DEBUG org.springframework.web.filter.CommonsRequestLoggingFilter [restartedMain] Filter 'logFilter' configured for use
2020-04-08 19:33:20,863 DEBUG org.springframework.web.filter.CommonsRequestLoggingFilter [restartedMain] Filter 'logFilter' configured for use
2020-04-08 19:33:46,252 DEBUG org.springframework.web.filter.CommonsRequestLoggingFilter [restartedMain] Filter 'logFilter' configured for use
2020-04-08 19:33:57,069 DEBUG org.springframework.web.filter.CommonsRequestLoggingFilter [http-nio-2020-exec-1] Before request [POST /userController/updateExpense]
2020-04-08 19:33:57,086 DEBUG org.springframework.web.filter.CommonsRequestLoggingFilter [http-nio-2020-exec-1] REQUEST DATA : POST /userController/updateExpense]
2020-04-08 19:34:09,427 DEBUG org.springframework.web.filter.CommonsRequestLoggingFilter [http-nio-2020-exec-2] Before request [PUT /userController/updateExpense]
2020-04-08 19:34:09,616 DEBUG org.springframework.web.filter.CommonsRequestLoggingFilter [http-nio-2020-exec-2] REQUEST DATA : PUT /userController/updateExpense, payload={
    "expenseId": 1,
    "expenseTitle": "laptop",
    "description": "laptop",
    "amount": 80000.00,
    "date": "1999-08-08",
    "category": []
}]
2020-04-08 19:35:05,384 DEBUG org.springframework.web.filter.CommonsRequestLoggingFilter [restartedMain] Filter 'logFilter' configured for use
2020-04-08 19:36:05,693 DEBUG org.springframework.web.filter.CommonsRequestLoggingFilter [restartedMain] Filter 'logFilter' configured for use
2020-04-08 19:36:42,529 DEBUG org.springframework.web.filter.CommonsRequestLoggingFilter [restartedMain] Filter 'logFilter' configured for use
2020-04-08 19:37:10,373 DEBUG org.springframework.web.filter.CommonsRequestLoggingFilter [restartedMain] Filter 'logFilter' configured for use
2020-04-08 19:37:29,854 DEBUG org.springframework.web.filter.CommonsRequestLoggingFilter [restartedMain] Filter 'logFilter' configured for use
2020-04-08 19:38:11,958 DEBUG org.springframework.web.filter.CommonsRequestLoggingFilter [http-nio-2020-exec-1] Before request [DELETE /userController/deleteExpenseData/expenseId/8]
2020-04-08 19:38:11,980 DEBUG org.springframework.web.filter.CommonsRequestLoggingFilter [http-nio-2020-exec-1] REQUEST DATA : DELETE /userController/deleteExpenseData/expenseId/8]
2020-04-08 19:38:51,955 DEBUG org.springframework.web.filter.CommonsRequestLoggingFilter [restartedMain] Filter 'logFilter' configured for use
2020-04-08 19:38:54,706 DEBUG org.springframework.web.filter.CommonsRequestLoggingFilter [http-nio-2020-exec-1] Before request [DELETE /userController/deleteExpenseData/expenseId/8]
2020-04-08 19:38:54,821 DEBUG org.springframework.web.filter.CommonsRequestLoggingFilter [http-nio-2020-exec-1] REQUEST DATA : DELETE /userController/deleteExpenseData/expenseId/8]
2020-04-08 19:40:55,911 DEBUG org.springframework.web.filter.CommonsRequestLoggingFilter [restartedMain] Filter 'logFilter' configured for use
2020-04-08 19:43:21,919 DEBUG org.springframework.web.filter.CommonsRequestLoggingFilter [restartedMain] Filter 'logFilter' configured for use
2020-04-08 19:44:54,723 DEBUG org.springframework.web.filter.CommonsRequestLoggingFilter [restartedMain] Filter 'logFilter' configured for use
2020-04-08 19:45:07,754 DEBUG org.springframework.web.filter.CommonsRequestLoggingFilter [restartedMain] Filter 'logFilter' configured for use
2020-04-08 19:47:06,300 DEBUG org.springframework.web.filter.CommonsRequestLoggingFilter [restartedMain] Filter 'logFilter' configured for use
2020-04-08 19:47:25,057 DEBUG org.springframework.web.filter.CommonsRequestLoggingFilter [restartedMain] Filter 'logFilter' configured for use
2020-04-08 19:47:41,325 DEBUG org.springframework.web.filter.CommonsRequestLoggingFilter [restartedMain] Filter 'logFilter' configured for use
2020-04-08 19:48:37,237 DEBUG org.springframework.web.filter.CommonsRequestLoggingFilter [restartedMain] Filter 'logFilter' configured for use
2020-04-08 19:49:52,378 DEBUG org.springframework.web.filter.CommonsRequestLoggingFilter [restartedMain] Filter 'logFilter' configured for use
2020-04-08 19:50:38,989 DEBUG org.springframework.web.filter.CommonsRequestLoggingFilter [restartedMain] Filter 'logFilter' configured for use
2020-04-08 19:51:25,155 DEBUG org.springframework.web.filter.CommonsRequestLoggingFilter [restartedMain] Filter 'logFilter' configured for use
2020-04-08 19:51:57,889 DEBUG org.springframework.web.filter.CommonsRequestLoggingFilter [restartedMain] Filter 'logFilter' configured for use
2020-04-08 19:53:08,803 DEBUG org.springframework.web.filter.CommonsRequestLoggingFilter [restartedMain] Filter 'logFilter' configured for use
2020-04-08 19:53:42,119 DEBUG org.springframework.web.filter.CommonsRequestLoggingFilter [restartedMain] Filter 'logFilter' configured for use
2020-04-08 19:54:47,973 DEBUG org.springframework.web.filter.CommonsRequestLoggingFilter [http-nio-2020-exec-1] Before request [GET /userController/paginatio/userId/1/pageNo/0/pageSize/2]
2020-04-08 19:54:48,063 DEBUG org.springframework.web.filter.CommonsRequestLoggingFilter [http-nio-2020-exec-1] REQUEST DATA : GET /userController/paginatio/userId/1/pageNo/0/pageSize/2]
2020-04-08 19:56:53,264 DEBUG org.springframework.web.filter.CommonsRequestLoggingFilter [restartedMain] Filter 'logFilter' configured for use
2020-04-08 19:57:01,581 DEBUG org.springframework.web.filter.CommonsRequestLoggingFilter [restartedMain] Filter 'logFilter' configured for use
2020-04-08 19:57:26,275 DEBUG org.springframework.web.filter.CommonsRequestLoggingFilter [restartedMain] Filter 'logFilter' configured for use
2020-04-08 19:57:45,176 DEBUG org.springframework.web.filter.CommonsRequestLoggingFilter [restartedMain] Filter 'logFilter' configured for use
2020-04-08 19:58:04,512 DEBUG org.springframework.web.filter.CommonsRequestLoggingFilter [restartedMain] Filter 'logFilter' configured for use
2020-04-08 20:00:16,649 DEBUG org.springframework.web.filter.CommonsRequestLoggingFilter [restartedMain] Filter 'logFilter' configured for use
2020-04-08 20:01:05,795 DEBUG org.springframework.web.filter.CommonsRequestLoggingFilter [restartedMain] Filter 'logFilter' configured for use
2020-04-08 20:01:49,663 DEBUG org.springframework.web.filter.CommonsRequestLoggingFilter [restartedMain] Filter 'logFilter' configured for use
2020-04-08 20:03:22,192 DEBUG org.springframework.web.filter.CommonsRequestLoggingFilter [http-nio-2020-exec-1] Before request [GET /userController//loginform/userEmail/jay@gmail.com/userPassword/jay12345]
2020-04-08 20:03:22,295 DEBUG org.springframework.web.filter.CommonsRequestLoggingFilter [http-nio-2020-exec-1] REQUEST DATA : GET /userController//loginform/userEmail/jay@gmail.com/userPassword/jay12345]
2020-04-08 20:04:44,582 DEBUG org.springframework.web.filter.CommonsRequestLoggingFilter [http-nio-2020-exec-3] Before request [GET /userController/loginform/userEmail/jay@gmail.com/userPassword/jay12345]
2020-04-08 20:04:44,597 DEBUG org.springframework.web.filter.CommonsRequestLoggingFilter [http-nio-2020-exec-3] REQUEST DATA : GET /userController/loginform/userEmail/jay@gmail.com/userPassword/jay12345]
2020-04-08 20:05:35,810 DEBUG org.springframework.web.filter.CommonsRequestLoggingFilter [restartedMain] Filter 'logFilter' configured for use
2020-04-08 20:06:00,286 DEBUG org.springframework.web.filter.CommonsRequestLoggingFilter [restartedMain] Filter 'logFilter' configured for use
2020-04-08 20:06:02,140 DEBUG org.springframework.web.filter.CommonsRequestLoggingFilter [http-nio-2020-exec-2] Before request [GET /userController/loginform/userEmail/jay@gmail.com/userPassword/jay12345]
2020-04-08 20:06:02,174 DEBUG org.springframework.web.filter.CommonsRequestLoggingFilter [http-nio-2020-exec-2] REQUEST DATA : GET /userController/loginform/userEmail/jay@gmail.com/userPassword/jay12345]
2020-04-08 20:06:33,716 DEBUG org.springframework.web.filter.CommonsRequestLoggingFilter [restartedMain] Filter 'logFilter' configured for use
2020-04-08 20:06:40,086 DEBUG org.springframework.web.filter.CommonsRequestLoggingFilter [http-nio-2020-exec-1] Before request [GET /userController/loginform/userEmail/jay@gmail.com/userPassword/jay12345]
2020-04-08 20:06:40,118 DEBUG org.springframework.web.filter.CommonsRequestLoggingFilter [http-nio-2020-exec-1] REQUEST DATA : GET /userController/loginform/userEmail/jay@gmail.com/userPassword/jay12345]
2020-04-08 20:07:22,339 DEBUG org.springframework.web.filter.CommonsRequestLoggingFilter [restartedMain] Filter 'logFilter' configured for use
2020-04-08 20:07:23,561 DEBUG org.springframework.web.filter.CommonsRequestLoggingFilter [http-nio-2020-exec-1] Before request [GET /userController/loginform/userEmail/jay@gmail.com/userPassword/jay12345]
2020-04-08 20:07:23,592 DEBUG org.springframework.web.filter.CommonsRequestLoggingFilter [http-nio-2020-exec-1] REQUEST DATA : GET /userController/loginform/userEmail/jay@gmail.com/userPassword/jay12345]
2020-04-08 20:08:06,569 DEBUG org.springframework.web.filter.CommonsRequestLoggingFilter [restartedMain] Filter 'logFilter' configured for use
2020-04-08 20:08:37,715 DEBUG org.springframework.web.filter.CommonsRequestLoggingFilter [restartedMain] Filter 'logFilter' configured for use
2020-04-08 20:10:12,140 DEBUG org.springframework.web.filter.CommonsRequestLoggingFilter [restartedMain] Filter 'logFilter' configured for use
2020-04-08 20:10:17,270 DEBUG org.springframework.web.filter.CommonsRequestLoggingFilter [http-nio-2020-exec-1] Before request [GET /userController/loginform/userEmail/jay@gmail.com/userPassword/jay12345]
2020-04-08 20:10:17,310 DEBUG org.springframework.web.filter.CommonsRequestLoggingFilter [http-nio-2020-exec-1] REQUEST DATA : GET /userController/loginform/userEmail/jay@gmail.com/userPassword/jay12345]
2020-04-08 20:10:54,778 DEBUG org.springframework.web.filter.CommonsRequestLoggingFilter [restartedMain] Filter 'logFilter' configured for use
2020-04-08 20:10:56,174 DEBUG org.springframework.web.filter.CommonsRequestLoggingFilter [http-nio-2020-exec-2] Before request [GET /userController/loginform/userEmail/jay@gmail.com/userPassword/jay12345]
2020-04-08 20:10:56,279 DEBUG org.springframework.web.filter.CommonsRequestLoggingFilter [http-nio-2020-exec-2] REQUEST DATA : GET /userController/loginform/userEmail/jay@gmail.com/userPassword/jay12345]
2020-04-08 20:12:08,119 DEBUG org.springframework.web.filter.CommonsRequestLoggingFilter [restartedMain] Filter 'logFilter' configured for use
2020-04-08 20:12:19,660 DEBUG org.springframework.web.filter.CommonsRequestLoggingFilter [restartedMain] Filter 'logFilter' configured for use
2020-04-08 20:13:13,530 DEBUG org.springframework.web.filter.CommonsRequestLoggingFilter [http-nio-2020-exec-1] Before request [GET /userController/loginform/userEmail/jay@gmail.com/userPassword/jay12345]
2020-04-08 20:13:13,563 DEBUG org.springframework.web.filter.CommonsRequestLoggingFilter [http-nio-2020-exec-1] REQUEST DATA : GET /userController/loginform/userEmail/jay@gmail.com/userPassword/jay12345]
2020-04-08 20:14:14,096 DEBUG org.springframework.web.filter.CommonsRequestLoggingFilter [restartedMain] Filter 'logFilter' configured for use
2020-04-08 20:14:19,332 DEBUG org.springframework.web.filter.CommonsRequestLoggingFilter [http-nio-2020-exec-1] Before request [GET /userController/loginform/userEmail/jay@gmail.com/userPassword/jay12345]
2020-04-08 20:14:19,365 DEBUG org.springframework.web.filter.CommonsRequestLoggingFilter [http-nio-2020-exec-1] REQUEST DATA : GET /userController/loginform/userEmail/jay@gmail.com/userPassword/jay12345]
2020-04-08 20:17:07,780 DEBUG org.springframework.web.filter.CommonsRequestLoggingFilter [restartedMain] Filter 'logFilter' configured for use
2020-04-08 20:17:14,148 DEBUG org.springframework.web.filter.CommonsRequestLoggingFilter [http-nio-2020-exec-1] Before request [GET /userController/loginform/userEmail/jay@gmail.com/userPassword/jay12345]
2020-04-08 20:17:14,250 DEBUG org.springframework.web.filter.CommonsRequestLoggingFilter [http-nio-2020-exec-1] REQUEST DATA : GET /userController/loginform/userEmail/jay@gmail.com/userPassword/jay12345]
2020-04-08 20:17:33,261 DEBUG org.springframework.web.filter.CommonsRequestLoggingFilter [restartedMain] Filter 'logFilter' configured for use
2020-04-08 20:18:17,556 DEBUG org.springframework.web.filter.CommonsRequestLoggingFilter [restartedMain] Filter 'logFilter' configured for use
2020-04-08 20:18:38,410 DEBUG org.springframework.web.filter.CommonsRequestLoggingFilter [restartedMain] Filter 'logFilter' configured for use
2020-04-08 20:25:50,908 DEBUG org.springframework.web.filter.CommonsRequestLoggingFilter [restartedMain] Filter 'logFilter' configured for use
2020-04-08 20:25:54,921 DEBUG org.springframework.web.filter.CommonsRequestLoggingFilter [http-nio-2020-exec-1] Before request [GET /userController/loginform/userEmail/jay@gmail.com/userPassword/jay12345]
2020-04-08 20:25:54,956 DEBUG org.springframework.web.filter.CommonsRequestLoggingFilter [http-nio-2020-exec-1] REQUEST DATA : GET /userController/loginform/userEmail/jay@gmail.com/userPassword/jay12345]
2020-04-08 20:31:56,623 DEBUG org.springframework.web.filter.CommonsRequestLoggingFilter [restartedMain] Filter 'logFilter' configured for use
2020-04-08 20:32:00,751 DEBUG org.springframework.web.filter.CommonsRequestLoggingFilter [http-nio-2020-exec-1] Before request [GET /userController/loginform/userEmail/jay@gmail.com/userPassword/jay12345]
2020-04-08 20:32:00,786 DEBUG org.springframework.web.filter.CommonsRequestLoggingFilter [http-nio-2020-exec-1] REQUEST DATA : GET /userController/loginform/userEmail/jay@gmail.com/userPassword/jay12345]
2020-04-08 20:35:11,528 DEBUG org.springframework.web.filter.CommonsRequestLoggingFilter [restartedMain] Filter 'logFilter' configured for use
2020-04-08 20:35:12,918 DEBUG org.springframework.web.filter.CommonsRequestLoggingFilter [http-nio-2020-exec-1] Before request [GET /userController/loginform/userEmail/jay@gmail.com/userPassword/jay12345]
2020-04-08 20:35:13,009 DEBUG org.springframework.web.filter.CommonsRequestLoggingFilter [http-nio-2020-exec-1] REQUEST DATA : GET /userController/loginform/userEmail/jay@gmail.com/userPassword/jay12345]
2020-04-08 20:35:57,615 DEBUG org.springframework.web.filter.CommonsRequestLoggingFilter [restartedMain] Filter 'logFilter' configured for use
2020-04-08 20:36:23,484 DEBUG org.springframework.web.filter.CommonsRequestLoggingFilter [restartedMain] Filter 'logFilter' configured for use
2020-04-08 21:36:56,290 DEBUG org.springframework.web.filter.CommonsRequestLoggingFilter [restartedMain] Filter 'logFilter' configured for use
2020-04-08 21:38:10,160 DEBUG org.springframework.web.filter.CommonsRequestLoggingFilter [restartedMain] Filter 'logFilter' configured for use
2020-04-08 21:39:17,161 DEBUG org.springframework.web.filter.CommonsRequestLoggingFilter [restartedMain] Filter 'logFilter' configured for use
2020-04-08 21:40:32,992 DEBUG org.springframework.web.filter.CommonsRequestLoggingFilter [restartedMain] Filter 'logFilter' configured for use
2020-04-08 21:40:45,195 DEBUG org.springframework.web.filter.CommonsRequestLoggingFilter [http-nio-2020-exec-1] Before request [GET /userController/loginform/userEmail/jay@gmail.com/userPassword/jay12345]
2020-04-08 21:40:45,322 DEBUG org.springframework.web.filter.CommonsRequestLoggingFilter [http-nio-2020-exec-1] REQUEST DATA : GET /userController/loginform/userEmail/jay@gmail.com/userPassword/jay12345]
2020-04-08 21:51:36,107 DEBUG org.springframework.web.filter.CommonsRequestLoggingFilter [restartedMain] Filter 'logFilter' configured for use
2020-04-08 21:51:41,666 DEBUG org.springframework.web.filter.CommonsRequestLoggingFilter [restartedMain] Filter 'logFilter' configured for use
2020-04-08 21:58:50,410 DEBUG org.springframework.web.filter.CommonsRequestLoggingFilter [restartedMain] Filter 'logFilter' configured for use
2020-04-08 21:58:57,542 DEBUG org.springframework.web.filter.CommonsRequestLoggingFilter [restartedMain] Filter 'logFilter' configured for use
2020-04-08 21:59:45,931 DEBUG org.springframework.web.filter.CommonsRequestLoggingFilter [restartedMain] Filter 'logFilter' configured for use
2020-04-08 22:00:19,766 DEBUG org.springframework.web.filter.CommonsRequestLoggingFilter [restartedMain] Filter 'logFilter' configured for use
2020-04-08 22:01:09,340 DEBUG org.springframework.web.filter.CommonsRequestLoggingFilter [restartedMain] Filter 'logFilter' configured for use
2020-04-08 22:03:50,689 DEBUG org.springframework.web.filter.CommonsRequestLoggingFilter [restartedMain] Filter 'logFilter' configured for use
2020-04-08 22:05:48,423 DEBUG org.springframework.web.filter.CommonsRequestLoggingFilter [restartedMain] Filter 'logFilter' configured for use
2020-04-08 22:07:04,711 DEBUG org.springframework.web.filter.CommonsRequestLoggingFilter [restartedMain] Filter 'logFilter' configured for use
2020-04-08 22:12:52,538 DEBUG org.springframework.web.filter.CommonsRequestLoggingFilter [restartedMain] Filter 'logFilter' configured for use
2020-04-08 22:14:33,902 DEBUG org.springframework.web.filter.CommonsRequestLoggingFilter [restartedMain] Filter 'logFilter' configured for use
2020-04-08 22:15:00,112 DEBUG org.springframework.web.filter.CommonsRequestLoggingFilter [restartedMain] Filter 'logFilter' configured for use
2020-04-08 22:16:31,749 DEBUG org.springframework.web.filter.CommonsRequestLoggingFilter [restartedMain] Filter 'logFilter' configured for use
2020-04-08 22:16:52,514 DEBUG org.springframework.web.filter.CommonsRequestLoggingFilter [restartedMain] Filter 'logFilter' configured for use
2020-04-08 22:16:57,341 DEBUG org.springframework.web.filter.CommonsRequestLoggingFilter [restartedMain] Filter 'logFilter' configured for use
2020-04-08 22:17:40,973 DEBUG org.springframework.web.filter.CommonsRequestLoggingFilter [restartedMain] Filter 'logFilter' configured for use
2020-04-08 22:18:49,081 DEBUG org.springframework.web.filter.CommonsRequestLoggingFilter [restartedMain] Filter 'logFilter' configured for use
2020-04-08 22:19:18,833 DEBUG org.springframework.web.filter.CommonsRequestLoggingFilter [restartedMain] Filter 'logFilter' configured for use
2020-04-08 22:20:26,873 DEBUG org.springframework.web.filter.CommonsRequestLoggingFilter [restartedMain] Filter 'logFilter' configured for use
2020-04-08 22:22:24,218 DEBUG org.springframework.web.filter.CommonsRequestLoggingFilter [restartedMain] Filter 'logFilter' configured for use
2020-04-08 22:22:55,915 DEBUG org.springframework.web.filter.CommonsRequestLoggingFilter [restartedMain] Filter 'logFilter' configured for use
2020-04-08 22:23:25,784 DEBUG org.springframework.web.filter.CommonsRequestLoggingFilter [restartedMain] Filter 'logFilter' configured for use
2020-04-08 22:23:36,871 DEBUG org.springframework.web.filter.CommonsRequestLoggingFilter [restartedMain] Filter 'logFilter' configured for use
2020-04-08 22:23:38,915 DEBUG org.springframework.web.filter.CommonsRequestLoggingFilter [http-nio-2020-exec-2] Before request [GET /userController/openIndex]
2020-04-08 22:23:40,498 DEBUG org.springframework.web.filter.CommonsRequestLoggingFilter [http-nio-2020-exec-2] REQUEST DATA : GET /userController/openIndex]
2020-04-08 22:24:08,848 DEBUG org.springframework.web.filter.CommonsRequestLoggingFilter [restartedMain] Filter 'logFilter' configured for use
2020-04-08 22:24:21,953 DEBUG org.springframework.web.filter.CommonsRequestLoggingFilter [restartedMain] Filter 'logFilter' configured for use
2020-04-08 22:24:54,972 DEBUG org.springframework.web.filter.CommonsRequestLoggingFilter [restartedMain] Filter 'logFilter' configured for use
2020-04-08 22:25:10,474 DEBUG org.springframework.web.filter.CommonsRequestLoggingFilter [restartedMain] Filter 'logFilter' configured for use
2020-04-08 22:25:49,614 DEBUG org.springframework.web.filter.CommonsRequestLoggingFilter [restartedMain] Filter 'logFilter' configured for use
