10:52:11.314 [restartedMain] INFO  c.q.e.ExpenseManagerApplication - Starting ExpenseManagerApplication on DESKTOP-GGB6N6P with PID 14244 (F:\SpringBootWorkspace\ExpenseManager\target\classes started by Narayan in F:\SpringBootWorkspace\ExpenseManager)
10:52:11.321 [restartedMain] DEBUG c.q.e.ExpenseManagerApplication - Running with Spring Boot v2.2.6.RELEASE, Spring v5.2.5.RELEASE
10:52:11.322 [restartedMain] INFO  c.q.e.ExpenseManagerApplication - No active profile set, falling back to default profiles: default
10:52:20.545 [restartedMain] INFO  c.q.e.ExpenseManagerApplication - Started ExpenseManagerApplication in 10.089 seconds (JVM running for 12.515)
10:52:24.269 [http-nio-2020-exec-1] INFO  c.q.e.controllers.UserController -  enter into openIndex Method of UserController Class
10:57:46.437 [http-nio-2020-exec-7] INFO  c.q.e.controllers.UserController -  enter into openRegisterPage Method of UserController Class
10:59:05.957 [http-nio-2020-exec-10] INFO  c.q.e.controllers.UserController -  enter into openIndex Method of UserController Class
10:59:10.118 [http-nio-2020-exec-1] INFO  c.q.e.controllers.UserController -  enter into openRegisterPage Method of UserController Class
10:59:23.069 [http-nio-2020-exec-3] INFO  c.q.e.controllers.UserController -  enter into addUserDetails Method of UserController Class
10:59:23.069 [http-nio-2020-exec-3] ERROR c.q.e.controllers.UserController - enter into addUserDatails Method of UserController Class if error is occur
11:02:07.948 [restartedMain] INFO  c.q.e.ExpenseManagerApplication - Starting ExpenseManagerApplication on DESKTOP-GGB6N6P with PID 14244 (F:\SpringBootWorkspace\ExpenseManager\target\classes started by Narayan in F:\SpringBootWorkspace\ExpenseManager)
11:02:07.948 [restartedMain] DEBUG c.q.e.ExpenseManagerApplication - Running with Spring Boot v2.2.6.RELEASE, Spring v5.2.5.RELEASE
11:02:07.948 [restartedMain] INFO  c.q.e.ExpenseManagerApplication - No active profile set, falling back to default profiles: default
11:02:10.364 [restartedMain] INFO  c.q.e.ExpenseManagerApplication - Started ExpenseManagerApplication in 2.514 seconds (JVM running for 602.336)
11:06:26.215 [restartedMain] INFO  c.q.e.ExpenseManagerApplication - Starting ExpenseManagerApplication on DESKTOP-GGB6N6P with PID 14244 (F:\SpringBootWorkspace\ExpenseManager\target\classes started by Narayan in F:\SpringBootWorkspace\ExpenseManager)
11:06:26.216 [restartedMain] DEBUG c.q.e.ExpenseManagerApplication - Running with Spring Boot v2.2.6.RELEASE, Spring v5.2.5.RELEASE
11:06:26.216 [restartedMain] INFO  c.q.e.ExpenseManagerApplication - No active profile set, falling back to default profiles: default
11:06:28.535 [restartedMain] INFO  c.q.e.ExpenseManagerApplication - Started ExpenseManagerApplication in 2.413 seconds (JVM running for 860.506)
11:10:26.525 [restartedMain] INFO  c.q.e.ExpenseManagerApplication - Starting ExpenseManagerApplication on DESKTOP-GGB6N6P with PID 14244 (F:\SpringBootWorkspace\ExpenseManager\target\classes started by Narayan in F:\SpringBootWorkspace\ExpenseManager)
11:10:26.525 [restartedMain] DEBUG c.q.e.ExpenseManagerApplication - Running with Spring Boot v2.2.6.RELEASE, Spring v5.2.5.RELEASE
11:10:26.525 [restartedMain] INFO  c.q.e.ExpenseManagerApplication - No active profile set, falling back to default profiles: default
11:10:28.632 [restartedMain] INFO  c.q.e.ExpenseManagerApplication - Started ExpenseManagerApplication in 2.2 seconds (JVM running for 1100.602)
11:11:55.401 [restartedMain] INFO  c.q.e.ExpenseManagerApplication - Starting ExpenseManagerApplication on DESKTOP-GGB6N6P with PID 14244 (F:\SpringBootWorkspace\ExpenseManager\target\classes started by Narayan in F:\SpringBootWorkspace\ExpenseManager)
11:11:55.402 [restartedMain] DEBUG c.q.e.ExpenseManagerApplication - Running with Spring Boot v2.2.6.RELEASE, Spring v5.2.5.RELEASE
11:11:55.402 [restartedMain] INFO  c.q.e.ExpenseManagerApplication - No active profile set, falling back to default profiles: default
11:11:57.433 [restartedMain] INFO  c.q.e.ExpenseManagerApplication - Started ExpenseManagerApplication in 2.112 seconds (JVM running for 1189.404)
11:12:46.420 [restartedMain] INFO  c.q.e.ExpenseManagerApplication - Starting ExpenseManagerApplication on DESKTOP-GGB6N6P with PID 14244 (F:\SpringBootWorkspace\ExpenseManager\target\classes started by Narayan in F:\SpringBootWorkspace\ExpenseManager)
11:12:46.420 [restartedMain] DEBUG c.q.e.ExpenseManagerApplication - Running with Spring Boot v2.2.6.RELEASE, Spring v5.2.5.RELEASE
11:12:46.420 [restartedMain] INFO  c.q.e.ExpenseManagerApplication - No active profile set, falling back to default profiles: default
11:12:48.601 [restartedMain] INFO  c.q.e.ExpenseManagerApplication - Started ExpenseManagerApplication in 2.272 seconds (JVM running for 1240.573)
11:14:33.114 [restartedMain] INFO  c.q.e.ExpenseManagerApplication - Starting ExpenseManagerApplication on DESKTOP-GGB6N6P with PID 14244 (F:\SpringBootWorkspace\ExpenseManager\target\classes started by Narayan in F:\SpringBootWorkspace\ExpenseManager)
11:14:33.114 [restartedMain] DEBUG c.q.e.ExpenseManagerApplication - Running with Spring Boot v2.2.6.RELEASE, Spring v5.2.5.RELEASE
11:14:33.114 [restartedMain] INFO  c.q.e.ExpenseManagerApplication - No active profile set, falling back to default profiles: default
11:14:35.849 [restartedMain] INFO  c.q.e.ExpenseManagerApplication - Started ExpenseManagerApplication in 2.833 seconds (JVM running for 1347.82)
11:14:57.286 [restartedMain] INFO  c.q.e.ExpenseManagerApplication - Starting ExpenseManagerApplication on DESKTOP-GGB6N6P with PID 14244 (F:\SpringBootWorkspace\ExpenseManager\target\classes started by Narayan in F:\SpringBootWorkspace\ExpenseManager)
11:14:57.286 [restartedMain] DEBUG c.q.e.ExpenseManagerApplication - Running with Spring Boot v2.2.6.RELEASE, Spring v5.2.5.RELEASE
11:14:57.287 [restartedMain] INFO  c.q.e.ExpenseManagerApplication - No active profile set, falling back to default profiles: default
11:14:59.490 [restartedMain] INFO  c.q.e.ExpenseManagerApplication - Started ExpenseManagerApplication in 2.277 seconds (JVM running for 1371.46)
11:19:04.840 [restartedMain] INFO  c.q.e.ExpenseManagerApplication - Starting ExpenseManagerApplication on DESKTOP-GGB6N6P with PID 14244 (F:\SpringBootWorkspace\ExpenseManager\target\classes started by Narayan in F:\SpringBootWorkspace\ExpenseManager)
11:19:04.841 [restartedMain] DEBUG c.q.e.ExpenseManagerApplication - Running with Spring Boot v2.2.6.RELEASE, Spring v5.2.5.RELEASE
11:19:04.841 [restartedMain] INFO  c.q.e.ExpenseManagerApplication - No active profile set, falling back to default profiles: default
11:19:07.556 [restartedMain] INFO  c.q.e.ExpenseManagerApplication - Started ExpenseManagerApplication in 2.787 seconds (JVM running for 1619.527)
11:19:23.897 [restartedMain] INFO  c.q.e.ExpenseManagerApplication - Starting ExpenseManagerApplication on DESKTOP-GGB6N6P with PID 14244 (F:\SpringBootWorkspace\ExpenseManager\target\classes started by Narayan in F:\SpringBootWorkspace\ExpenseManager)
11:19:23.897 [restartedMain] DEBUG c.q.e.ExpenseManagerApplication - Running with Spring Boot v2.2.6.RELEASE, Spring v5.2.5.RELEASE
11:19:23.898 [restartedMain] INFO  c.q.e.ExpenseManagerApplication - No active profile set, falling back to default profiles: default
11:19:25.970 [restartedMain] INFO  c.q.e.ExpenseManagerApplication - Started ExpenseManagerApplication in 2.146 seconds (JVM running for 1637.942)
11:19:33.179 [restartedMain] INFO  c.q.e.ExpenseManagerApplication - Starting ExpenseManagerApplication on DESKTOP-GGB6N6P with PID 14244 (F:\SpringBootWorkspace\ExpenseManager\target\classes started by Narayan in F:\SpringBootWorkspace\ExpenseManager)
11:19:33.180 [restartedMain] DEBUG c.q.e.ExpenseManagerApplication - Running with Spring Boot v2.2.6.RELEASE, Spring v5.2.5.RELEASE
11:19:33.180 [restartedMain] INFO  c.q.e.ExpenseManagerApplication - No active profile set, falling back to default profiles: default
11:19:35.101 [restartedMain] INFO  c.q.e.ExpenseManagerApplication - Started ExpenseManagerApplication in 1.989 seconds (JVM running for 1647.072)
11:19:57.380 [restartedMain] INFO  c.q.e.ExpenseManagerApplication - Starting ExpenseManagerApplication on DESKTOP-GGB6N6P with PID 14244 (F:\SpringBootWorkspace\ExpenseManager\target\classes started by Narayan in F:\SpringBootWorkspace\ExpenseManager)
11:19:57.381 [restartedMain] DEBUG c.q.e.ExpenseManagerApplication - Running with Spring Boot v2.2.6.RELEASE, Spring v5.2.5.RELEASE
11:19:57.381 [restartedMain] INFO  c.q.e.ExpenseManagerApplication - No active profile set, falling back to default profiles: default
11:19:59.338 [restartedMain] INFO  c.q.e.ExpenseManagerApplication - Started ExpenseManagerApplication in 2.026 seconds (JVM running for 1671.309)
11:25:22.722 [restartedMain] INFO  c.q.e.ExpenseManagerApplication - Starting ExpenseManagerApplication on DESKTOP-GGB6N6P with PID 14244 (F:\SpringBootWorkspace\ExpenseManager\target\classes started by Narayan in F:\SpringBootWorkspace\ExpenseManager)
11:25:22.723 [restartedMain] DEBUG c.q.e.ExpenseManagerApplication - Running with Spring Boot v2.2.6.RELEASE, Spring v5.2.5.RELEASE
11:25:22.723 [restartedMain] INFO  c.q.e.ExpenseManagerApplication - No active profile set, falling back to default profiles: default
11:25:24.838 [restartedMain] INFO  c.q.e.ExpenseManagerApplication - Started ExpenseManagerApplication in 2.189 seconds (JVM running for 1996.809)
11:26:43.694 [restartedMain] INFO  c.q.e.ExpenseManagerApplication - Starting ExpenseManagerApplication on DESKTOP-GGB6N6P with PID 14244 (F:\SpringBootWorkspace\ExpenseManager\target\classes started by Narayan in F:\SpringBootWorkspace\ExpenseManager)
11:26:43.694 [restartedMain] DEBUG c.q.e.ExpenseManagerApplication - Running with Spring Boot v2.2.6.RELEASE, Spring v5.2.5.RELEASE
11:26:43.694 [restartedMain] INFO  c.q.e.ExpenseManagerApplication - No active profile set, falling back to default profiles: default
11:26:46.300 [restartedMain] INFO  c.q.e.ExpenseManagerApplication - Started ExpenseManagerApplication in 2.702 seconds (JVM running for 2078.27)
11:27:22.602 [restartedMain] INFO  c.q.e.ExpenseManagerApplication - Starting ExpenseManagerApplication on DESKTOP-GGB6N6P with PID 14244 (F:\SpringBootWorkspace\ExpenseManager\target\classes started by Narayan in F:\SpringBootWorkspace\ExpenseManager)
11:27:22.603 [restartedMain] DEBUG c.q.e.ExpenseManagerApplication - Running with Spring Boot v2.2.6.RELEASE, Spring v5.2.5.RELEASE
11:27:22.603 [restartedMain] INFO  c.q.e.ExpenseManagerApplication - No active profile set, falling back to default profiles: default
11:27:24.640 [restartedMain] INFO  c.q.e.ExpenseManagerApplication - Started ExpenseManagerApplication in 2.109 seconds (JVM running for 2116.61)
11:28:04.422 [restartedMain] INFO  c.q.e.ExpenseManagerApplication - Starting ExpenseManagerApplication on DESKTOP-GGB6N6P with PID 14244 (F:\SpringBootWorkspace\ExpenseManager\target\classes started by Narayan in F:\SpringBootWorkspace\ExpenseManager)
11:28:04.423 [restartedMain] DEBUG c.q.e.ExpenseManagerApplication - Running with Spring Boot v2.2.6.RELEASE, Spring v5.2.5.RELEASE
11:28:04.423 [restartedMain] INFO  c.q.e.ExpenseManagerApplication - No active profile set, falling back to default profiles: default
11:28:06.675 [restartedMain] INFO  c.q.e.ExpenseManagerApplication - Started ExpenseManagerApplication in 2.349 seconds (JVM running for 2158.646)
11:28:14.287 [restartedMain] INFO  c.q.e.ExpenseManagerApplication - Starting ExpenseManagerApplication on DESKTOP-GGB6N6P with PID 14244 (F:\SpringBootWorkspace\ExpenseManager\target\classes started by Narayan in F:\SpringBootWorkspace\ExpenseManager)
11:28:14.287 [restartedMain] DEBUG c.q.e.ExpenseManagerApplication - Running with Spring Boot v2.2.6.RELEASE, Spring v5.2.5.RELEASE
11:28:14.288 [restartedMain] INFO  c.q.e.ExpenseManagerApplication - No active profile set, falling back to default profiles: default
11:28:16.227 [restartedMain] INFO  c.q.e.ExpenseManagerApplication - Started ExpenseManagerApplication in 2.065 seconds (JVM running for 2168.198)
11:28:41.634 [restartedMain] INFO  c.q.e.ExpenseManagerApplication - Starting ExpenseManagerApplication on DESKTOP-GGB6N6P with PID 14244 (F:\SpringBootWorkspace\ExpenseManager\target\classes started by Narayan in F:\SpringBootWorkspace\ExpenseManager)
11:28:41.635 [restartedMain] DEBUG c.q.e.ExpenseManagerApplication - Running with Spring Boot v2.2.6.RELEASE, Spring v5.2.5.RELEASE
11:28:41.635 [restartedMain] INFO  c.q.e.ExpenseManagerApplication - No active profile set, falling back to default profiles: default
11:28:43.648 [restartedMain] INFO  c.q.e.ExpenseManagerApplication - Started ExpenseManagerApplication in 2.105 seconds (JVM running for 2195.619)
11:29:03.930 [restartedMain] INFO  c.q.e.ExpenseManagerApplication - Starting ExpenseManagerApplication on DESKTOP-GGB6N6P with PID 14244 (F:\SpringBootWorkspace\ExpenseManager\target\classes started by Narayan in F:\SpringBootWorkspace\ExpenseManager)
11:29:03.931 [restartedMain] DEBUG c.q.e.ExpenseManagerApplication - Running with Spring Boot v2.2.6.RELEASE, Spring v5.2.5.RELEASE
11:29:03.931 [restartedMain] INFO  c.q.e.ExpenseManagerApplication - No active profile set, falling back to default profiles: default
11:29:06.060 [restartedMain] INFO  c.q.e.ExpenseManagerApplication - Started ExpenseManagerApplication in 2.194 seconds (JVM running for 2218.03)
11:34:38.546 [restartedMain] INFO  c.q.e.ExpenseManagerApplication - Starting ExpenseManagerApplication on DESKTOP-GGB6N6P with PID 14244 (F:\SpringBootWorkspace\ExpenseManager\target\classes started by Narayan in F:\SpringBootWorkspace\ExpenseManager)
11:34:38.546 [restartedMain] DEBUG c.q.e.ExpenseManagerApplication - Running with Spring Boot v2.2.6.RELEASE, Spring v5.2.5.RELEASE
11:34:38.546 [restartedMain] INFO  c.q.e.ExpenseManagerApplication - No active profile set, falling back to default profiles: default
11:34:40.959 [restartedMain] INFO  c.q.e.ExpenseManagerApplication - Started ExpenseManagerApplication in 2.504 seconds (JVM running for 2552.929)
11:35:20.528 [restartedMain] INFO  c.q.e.ExpenseManagerApplication - Starting ExpenseManagerApplication on DESKTOP-GGB6N6P with PID 14244 (F:\SpringBootWorkspace\ExpenseManager\target\classes started by Narayan in F:\SpringBootWorkspace\ExpenseManager)
11:35:20.529 [restartedMain] DEBUG c.q.e.ExpenseManagerApplication - Running with Spring Boot v2.2.6.RELEASE, Spring v5.2.5.RELEASE
11:35:20.529 [restartedMain] INFO  c.q.e.ExpenseManagerApplication - No active profile set, falling back to default profiles: default
11:35:22.881 [restartedMain] INFO  c.q.e.ExpenseManagerApplication - Started ExpenseManagerApplication in 2.436 seconds (JVM running for 2594.852)
11:35:48.557 [restartedMain] INFO  c.q.e.ExpenseManagerApplication - Starting ExpenseManagerApplication on DESKTOP-GGB6N6P with PID 14244 (F:\SpringBootWorkspace\ExpenseManager\target\classes started by Narayan in F:\SpringBootWorkspace\ExpenseManager)
11:35:48.557 [restartedMain] DEBUG c.q.e.ExpenseManagerApplication - Running with Spring Boot v2.2.6.RELEASE, Spring v5.2.5.RELEASE
11:35:48.558 [restartedMain] INFO  c.q.e.ExpenseManagerApplication - No active profile set, falling back to default profiles: default
11:35:50.682 [restartedMain] INFO  c.q.e.ExpenseManagerApplication - Started ExpenseManagerApplication in 2.192 seconds (JVM running for 2622.653)
11:35:57.371 [restartedMain] INFO  c.q.e.ExpenseManagerApplication - Starting ExpenseManagerApplication on DESKTOP-GGB6N6P with PID 14244 (F:\SpringBootWorkspace\ExpenseManager\target\classes started by Narayan in F:\SpringBootWorkspace\ExpenseManager)
11:35:57.371 [restartedMain] DEBUG c.q.e.ExpenseManagerApplication - Running with Spring Boot v2.2.6.RELEASE, Spring v5.2.5.RELEASE
11:35:57.371 [restartedMain] INFO  c.q.e.ExpenseManagerApplication - No active profile set, falling back to default profiles: default
11:35:59.573 [restartedMain] INFO  c.q.e.ExpenseManagerApplication - Started ExpenseManagerApplication in 2.268 seconds (JVM running for 2631.544)
11:37:01.258 [restartedMain] INFO  c.q.e.ExpenseManagerApplication - Starting ExpenseManagerApplication on DESKTOP-GGB6N6P with PID 14244 (F:\SpringBootWorkspace\ExpenseManager\target\classes started by Narayan in F:\SpringBootWorkspace\ExpenseManager)
11:37:01.258 [restartedMain] DEBUG c.q.e.ExpenseManagerApplication - Running with Spring Boot v2.2.6.RELEASE, Spring v5.2.5.RELEASE
11:37:01.259 [restartedMain] INFO  c.q.e.ExpenseManagerApplication - No active profile set, falling back to default profiles: default
11:37:03.240 [restartedMain] INFO  c.q.e.ExpenseManagerApplication - Started ExpenseManagerApplication in 2.056 seconds (JVM running for 2695.21)
11:38:55.530 [restartedMain] INFO  c.q.e.ExpenseManagerApplication - Starting ExpenseManagerApplication on DESKTOP-GGB6N6P with PID 14244 (F:\SpringBootWorkspace\ExpenseManager\target\classes started by Narayan in F:\SpringBootWorkspace\ExpenseManager)
11:38:55.531 [restartedMain] DEBUG c.q.e.ExpenseManagerApplication - Running with Spring Boot v2.2.6.RELEASE, Spring v5.2.5.RELEASE
11:38:55.531 [restartedMain] INFO  c.q.e.ExpenseManagerApplication - No active profile set, falling back to default profiles: default
11:38:57.436 [restartedMain] INFO  c.q.e.ExpenseManagerApplication - Started ExpenseManagerApplication in 1.986 seconds (JVM running for 2809.406)
11:39:32.340 [restartedMain] INFO  c.q.e.ExpenseManagerApplication - Starting ExpenseManagerApplication on DESKTOP-GGB6N6P with PID 14244 (F:\SpringBootWorkspace\ExpenseManager\target\classes started by Narayan in F:\SpringBootWorkspace\ExpenseManager)
11:39:32.341 [restartedMain] DEBUG c.q.e.ExpenseManagerApplication - Running with Spring Boot v2.2.6.RELEASE, Spring v5.2.5.RELEASE
11:39:32.341 [restartedMain] INFO  c.q.e.ExpenseManagerApplication - No active profile set, falling back to default profiles: default
11:39:34.463 [restartedMain] INFO  c.q.e.ExpenseManagerApplication - Started ExpenseManagerApplication in 2.194 seconds (JVM running for 2846.434)
11:40:17.946 [restartedMain] INFO  c.q.e.ExpenseManagerApplication - Starting ExpenseManagerApplication on DESKTOP-GGB6N6P with PID 14244 (F:\SpringBootWorkspace\ExpenseManager\target\classes started by Narayan in F:\SpringBootWorkspace\ExpenseManager)
11:40:17.947 [restartedMain] DEBUG c.q.e.ExpenseManagerApplication - Running with Spring Boot v2.2.6.RELEASE, Spring v5.2.5.RELEASE
11:40:17.947 [restartedMain] INFO  c.q.e.ExpenseManagerApplication - No active profile set, falling back to default profiles: default
11:40:29.281 [restartedMain] INFO  c.q.e.ExpenseManagerApplication - Starting ExpenseManagerApplication on DESKTOP-GGB6N6P with PID 14244 (F:\SpringBootWorkspace\ExpenseManager\target\classes started by Narayan in F:\SpringBootWorkspace\ExpenseManager)
11:40:29.281 [restartedMain] DEBUG c.q.e.ExpenseManagerApplication - Running with Spring Boot v2.2.6.RELEASE, Spring v5.2.5.RELEASE
11:40:29.281 [restartedMain] INFO  c.q.e.ExpenseManagerApplication - No active profile set, falling back to default profiles: default
11:40:31.387 [restartedMain] INFO  c.q.e.ExpenseManagerApplication - Started ExpenseManagerApplication in 2.168 seconds (JVM running for 2903.357)
11:41:04.120 [restartedMain] INFO  c.q.e.ExpenseManagerApplication - Starting ExpenseManagerApplication on DESKTOP-GGB6N6P with PID 14244 (F:\SpringBootWorkspace\ExpenseManager\target\classes started by Narayan in F:\SpringBootWorkspace\ExpenseManager)
11:41:04.120 [restartedMain] DEBUG c.q.e.ExpenseManagerApplication - Running with Spring Boot v2.2.6.RELEASE, Spring v5.2.5.RELEASE
11:41:04.121 [restartedMain] INFO  c.q.e.ExpenseManagerApplication - No active profile set, falling back to default profiles: default
11:41:05.946 [restartedMain] INFO  c.q.e.ExpenseManagerApplication - Started ExpenseManagerApplication in 1.892 seconds (JVM running for 2937.917)
11:42:24.050 [restartedMain] INFO  c.q.e.ExpenseManagerApplication - Starting ExpenseManagerApplication on DESKTOP-GGB6N6P with PID 14244 (F:\SpringBootWorkspace\ExpenseManager\target\classes started by Narayan in F:\SpringBootWorkspace\ExpenseManager)
11:42:24.051 [restartedMain] DEBUG c.q.e.ExpenseManagerApplication - Running with Spring Boot v2.2.6.RELEASE, Spring v5.2.5.RELEASE
11:42:24.051 [restartedMain] INFO  c.q.e.ExpenseManagerApplication - No active profile set, falling back to default profiles: default
11:42:26.010 [restartedMain] INFO  c.q.e.ExpenseManagerApplication - Started ExpenseManagerApplication in 2.028 seconds (JVM running for 3017.981)
11:44:58.768 [restartedMain] INFO  c.q.e.ExpenseManagerApplication - Starting ExpenseManagerApplication on DESKTOP-GGB6N6P with PID 14244 (F:\SpringBootWorkspace\ExpenseManager\target\classes started by Narayan in F:\SpringBootWorkspace\ExpenseManager)
11:44:58.768 [restartedMain] DEBUG c.q.e.ExpenseManagerApplication - Running with Spring Boot v2.2.6.RELEASE, Spring v5.2.5.RELEASE
11:44:58.769 [restartedMain] INFO  c.q.e.ExpenseManagerApplication - No active profile set, falling back to default profiles: default
11:45:00.851 [restartedMain] INFO  c.q.e.ExpenseManagerApplication - Started ExpenseManagerApplication in 2.143 seconds (JVM running for 3172.823)
11:45:20.205 [restartedMain] INFO  c.q.e.ExpenseManagerApplication - Starting ExpenseManagerApplication on DESKTOP-GGB6N6P with PID 14244 (F:\SpringBootWorkspace\ExpenseManager\target\classes started by Narayan in F:\SpringBootWorkspace\ExpenseManager)
11:45:20.206 [restartedMain] DEBUG c.q.e.ExpenseManagerApplication - Running with Spring Boot v2.2.6.RELEASE, Spring v5.2.5.RELEASE
11:45:20.206 [restartedMain] INFO  c.q.e.ExpenseManagerApplication - No active profile set, falling back to default profiles: default
11:45:22.223 [restartedMain] INFO  c.q.e.ExpenseManagerApplication - Started ExpenseManagerApplication in 2.082 seconds (JVM running for 3194.194)
12:18:12.316 [restartedMain] INFO  c.q.e.ExpenseManagerApplication - Starting ExpenseManagerApplication on DESKTOP-GGB6N6P with PID 14244 (F:\SpringBootWorkspace\ExpenseManager\target\classes started by Narayan in F:\SpringBootWorkspace\ExpenseManager)
12:18:12.316 [restartedMain] DEBUG c.q.e.ExpenseManagerApplication - Running with Spring Boot v2.2.6.RELEASE, Spring v5.2.5.RELEASE
12:18:12.316 [restartedMain] INFO  c.q.e.ExpenseManagerApplication - No active profile set, falling back to default profiles: default
12:18:13.514 [restartedMain] INFO  c.q.e.ExpenseManagerApplication - Started ExpenseManagerApplication in 1.229 seconds (JVM running for 5167.041)
12:25:50.426 [restartedMain] INFO  c.q.e.ExpenseManagerApplication - Starting ExpenseManagerApplication on DESKTOP-GGB6N6P with PID 14244 (F:\SpringBootWorkspace\ExpenseManager\target\classes started by Narayan in F:\SpringBootWorkspace\ExpenseManager)
12:25:50.426 [restartedMain] DEBUG c.q.e.ExpenseManagerApplication - Running with Spring Boot v2.2.6.RELEASE, Spring v5.2.5.RELEASE
12:25:50.426 [restartedMain] INFO  c.q.e.ExpenseManagerApplication - No active profile set, falling back to default profiles: default
12:25:51.827 [restartedMain] INFO  c.q.e.ExpenseManagerApplication - Started ExpenseManagerApplication in 1.435 seconds (JVM running for 5625.353)
12:26:12.925 [restartedMain] INFO  c.q.e.ExpenseManagerApplication - Starting ExpenseManagerApplication on DESKTOP-GGB6N6P with PID 14244 (F:\SpringBootWorkspace\ExpenseManager\target\classes started by Narayan in F:\SpringBootWorkspace\ExpenseManager)
12:26:12.925 [restartedMain] DEBUG c.q.e.ExpenseManagerApplication - Running with Spring Boot v2.2.6.RELEASE, Spring v5.2.5.RELEASE
12:26:12.925 [restartedMain] INFO  c.q.e.ExpenseManagerApplication - No active profile set, falling back to default profiles: default
12:26:14.124 [restartedMain] INFO  c.q.e.ExpenseManagerApplication - Started ExpenseManagerApplication in 1.225 seconds (JVM running for 5647.65)
12:31:17.120 [restartedMain] INFO  c.q.e.ExpenseManagerApplication - Starting ExpenseManagerApplication on DESKTOP-GGB6N6P with PID 14244 (F:\SpringBootWorkspace\ExpenseManager\target\classes started by Narayan in F:\SpringBootWorkspace\ExpenseManager)
12:31:17.120 [restartedMain] DEBUG c.q.e.ExpenseManagerApplication - Running with Spring Boot v2.2.6.RELEASE, Spring v5.2.5.RELEASE
12:31:17.120 [restartedMain] INFO  c.q.e.ExpenseManagerApplication - No active profile set, falling back to default profiles: default
12:31:18.173 [restartedMain] INFO  c.q.e.ExpenseManagerApplication - Started ExpenseManagerApplication in 1.082 seconds (JVM running for 5951.7)
12:34:39.701 [restartedMain] INFO  c.q.e.ExpenseManagerApplication - Starting ExpenseManagerApplication on DESKTOP-GGB6N6P with PID 14244 (F:\SpringBootWorkspace\ExpenseManager\target\classes started by Narayan in F:\SpringBootWorkspace\ExpenseManager)
12:34:39.701 [restartedMain] DEBUG c.q.e.ExpenseManagerApplication - Running with Spring Boot v2.2.6.RELEASE, Spring v5.2.5.RELEASE
12:34:39.701 [restartedMain] INFO  c.q.e.ExpenseManagerApplication - No active profile set, falling back to default profiles: default
12:34:40.767 [restartedMain] INFO  c.q.e.ExpenseManagerApplication - Started ExpenseManagerApplication in 1.104 seconds (JVM running for 6154.294)
12:35:09.826 [restartedMain] INFO  c.q.e.ExpenseManagerApplication - Starting ExpenseManagerApplication on DESKTOP-GGB6N6P with PID 14244 (F:\SpringBootWorkspace\ExpenseManager\target\classes started by Narayan in F:\SpringBootWorkspace\ExpenseManager)
12:35:09.826 [restartedMain] DEBUG c.q.e.ExpenseManagerApplication - Running with Spring Boot v2.2.6.RELEASE, Spring v5.2.5.RELEASE
12:35:09.826 [restartedMain] INFO  c.q.e.ExpenseManagerApplication - No active profile set, falling back to default profiles: default
12:35:10.868 [restartedMain] INFO  c.q.e.ExpenseManagerApplication - Started ExpenseManagerApplication in 1.068 seconds (JVM running for 6184.394)
12:35:21.506 [restartedMain] INFO  c.q.e.ExpenseManagerApplication - Starting ExpenseManagerApplication on DESKTOP-GGB6N6P with PID 14244 (F:\SpringBootWorkspace\ExpenseManager\target\classes started by Narayan in F:\SpringBootWorkspace\ExpenseManager)
12:35:21.506 [restartedMain] DEBUG c.q.e.ExpenseManagerApplication - Running with Spring Boot v2.2.6.RELEASE, Spring v5.2.5.RELEASE
12:35:21.507 [restartedMain] INFO  c.q.e.ExpenseManagerApplication - No active profile set, falling back to default profiles: default
12:35:23.824 [restartedMain] INFO  c.q.e.ExpenseManagerApplication - Started ExpenseManagerApplication in 2.386 seconds (JVM running for 6197.351)
12:37:33.726 [restartedMain] INFO  c.q.e.ExpenseManagerApplication - Starting ExpenseManagerApplication on DESKTOP-GGB6N6P with PID 14244 (F:\SpringBootWorkspace\ExpenseManager\target\classes started by Narayan in F:\SpringBootWorkspace\ExpenseManager)
12:37:33.727 [restartedMain] DEBUG c.q.e.ExpenseManagerApplication - Running with Spring Boot v2.2.6.RELEASE, Spring v5.2.5.RELEASE
12:37:33.727 [restartedMain] INFO  c.q.e.ExpenseManagerApplication - No active profile set, falling back to default profiles: default
12:37:36.076 [restartedMain] INFO  c.q.e.ExpenseManagerApplication - Started ExpenseManagerApplication in 2.418 seconds (JVM running for 6329.603)
12:38:25.810 [restartedMain] INFO  c.q.e.ExpenseManagerApplication - Starting ExpenseManagerApplication on DESKTOP-GGB6N6P with PID 14244 (F:\SpringBootWorkspace\ExpenseManager\target\classes started by Narayan in F:\SpringBootWorkspace\ExpenseManager)
12:38:25.810 [restartedMain] DEBUG c.q.e.ExpenseManagerApplication - Running with Spring Boot v2.2.6.RELEASE, Spring v5.2.5.RELEASE
12:38:25.811 [restartedMain] INFO  c.q.e.ExpenseManagerApplication - No active profile set, falling back to default profiles: default
12:38:28.066 [restartedMain] INFO  c.q.e.ExpenseManagerApplication - Started ExpenseManagerApplication in 2.349 seconds (JVM running for 6381.593)
12:38:51.469 [restartedMain] INFO  c.q.e.ExpenseManagerApplication - Starting ExpenseManagerApplication on DESKTOP-GGB6N6P with PID 14244 (F:\SpringBootWorkspace\ExpenseManager\target\classes started by Narayan in F:\SpringBootWorkspace\ExpenseManager)
12:38:51.470 [restartedMain] DEBUG c.q.e.ExpenseManagerApplication - Running with Spring Boot v2.2.6.RELEASE, Spring v5.2.5.RELEASE
12:38:51.470 [restartedMain] INFO  c.q.e.ExpenseManagerApplication - No active profile set, falling back to default profiles: default
12:38:53.999 [restartedMain] INFO  c.q.e.ExpenseManagerApplication - Started ExpenseManagerApplication in 2.596 seconds (JVM running for 6407.526)
12:39:08.969 [http-nio-2020-exec-1] INFO  c.q.e.controllers.UserController - UserController :: openIndex method
12:39:52.840 [restartedMain] INFO  c.q.e.ExpenseManagerApplication - Starting ExpenseManagerApplication on DESKTOP-GGB6N6P with PID 14244 (F:\SpringBootWorkspace\ExpenseManager\target\classes started by Narayan in F:\SpringBootWorkspace\ExpenseManager)
12:39:52.841 [restartedMain] DEBUG c.q.e.ExpenseManagerApplication - Running with Spring Boot v2.2.6.RELEASE, Spring v5.2.5.RELEASE
12:39:52.842 [restartedMain] INFO  c.q.e.ExpenseManagerApplication - No active profile set, falling back to default profiles: default
12:39:55.216 [restartedMain] INFO  c.q.e.ExpenseManagerApplication - Started ExpenseManagerApplication in 2.448 seconds (JVM running for 6468.743)
12:39:57.509 [http-nio-2020-exec-1] INFO  c.q.e.controllers.UserController - UserController :: openIndex method
12:42:14.374 [restartedMain] INFO  c.q.e.ExpenseManagerApplication - Starting ExpenseManagerApplication on DESKTOP-GGB6N6P with PID 14244 (F:\SpringBootWorkspace\ExpenseManager\target\classes started by Narayan in F:\SpringBootWorkspace\ExpenseManager)
12:42:14.375 [restartedMain] DEBUG c.q.e.ExpenseManagerApplication - Running with Spring Boot v2.2.6.RELEASE, Spring v5.2.5.RELEASE
12:42:14.375 [restartedMain] INFO  c.q.e.ExpenseManagerApplication - No active profile set, falling back to default profiles: default
12:42:16.626 [restartedMain] INFO  c.q.e.ExpenseManagerApplication - Started ExpenseManagerApplication in 2.313 seconds (JVM running for 6610.152)
12:44:04.858 [restartedMain] INFO  c.q.e.ExpenseManagerApplication - Starting ExpenseManagerApplication on DESKTOP-GGB6N6P with PID 14244 (F:\SpringBootWorkspace\ExpenseManager\target\classes started by Narayan in F:\SpringBootWorkspace\ExpenseManager)
12:44:04.859 [restartedMain] DEBUG c.q.e.ExpenseManagerApplication - Running with Spring Boot v2.2.6.RELEASE, Spring v5.2.5.RELEASE
12:44:04.859 [restartedMain] INFO  c.q.e.ExpenseManagerApplication - No active profile set, falling back to default profiles: default
12:49:21.199 [restartedMain] INFO  c.q.e.ExpenseManagerApplication - Starting ExpenseManagerApplication on DESKTOP-GGB6N6P with PID 14244 (F:\SpringBootWorkspace\ExpenseManager\target\classes started by Narayan in F:\SpringBootWorkspace\ExpenseManager)
12:49:21.199 [restartedMain] DEBUG c.q.e.ExpenseManagerApplication - Running with Spring Boot v2.2.6.RELEASE, Spring v5.2.5.RELEASE
12:49:21.199 [restartedMain] INFO  c.q.e.ExpenseManagerApplication - No active profile set, falling back to default profiles: default
12:50:59.279 [restartedMain] INFO  c.q.e.ExpenseManagerApplication - Starting ExpenseManagerApplication on DESKTOP-GGB6N6P with PID 14244 (F:\SpringBootWorkspace\ExpenseManager\target\classes started by Narayan in F:\SpringBootWorkspace\ExpenseManager)
12:50:59.279 [restartedMain] DEBUG c.q.e.ExpenseManagerApplication - Running with Spring Boot v2.2.6.RELEASE, Spring v5.2.5.RELEASE
12:50:59.279 [restartedMain] INFO  c.q.e.ExpenseManagerApplication - No active profile set, falling back to default profiles: default
12:51:00.374 [restartedMain] INFO  c.q.e.ExpenseManagerApplication - Started ExpenseManagerApplication in 1.13 seconds (JVM running for 7133.9)
12:52:42.917 [restartedMain] INFO  c.q.e.ExpenseManagerApplication - Starting ExpenseManagerApplication on DESKTOP-GGB6N6P with PID 14244 (F:\SpringBootWorkspace\ExpenseManager\target\classes started by Narayan in F:\SpringBootWorkspace\ExpenseManager)
12:52:42.917 [restartedMain] DEBUG c.q.e.ExpenseManagerApplication - Running with Spring Boot v2.2.6.RELEASE, Spring v5.2.5.RELEASE
12:52:42.917 [restartedMain] INFO  c.q.e.ExpenseManagerApplication - No active profile set, falling back to default profiles: default
12:52:44.094 [restartedMain] INFO  c.q.e.ExpenseManagerApplication - Started ExpenseManagerApplication in 1.208 seconds (JVM running for 7237.62)
12:53:03.096 [restartedMain] INFO  c.q.e.ExpenseManagerApplication - Starting ExpenseManagerApplication on DESKTOP-GGB6N6P with PID 14244 (F:\SpringBootWorkspace\ExpenseManager\target\classes started by Narayan in F:\SpringBootWorkspace\ExpenseManager)
12:53:03.096 [restartedMain] DEBUG c.q.e.ExpenseManagerApplication - Running with Spring Boot v2.2.6.RELEASE, Spring v5.2.5.RELEASE
12:53:03.097 [restartedMain] INFO  c.q.e.ExpenseManagerApplication - No active profile set, falling back to default profiles: default
12:53:04.182 [restartedMain] INFO  c.q.e.ExpenseManagerApplication - Started ExpenseManagerApplication in 1.111 seconds (JVM running for 7257.709)
12:53:53.322 [restartedMain] INFO  c.q.e.ExpenseManagerApplication - Starting ExpenseManagerApplication on DESKTOP-GGB6N6P with PID 14244 (F:\SpringBootWorkspace\ExpenseManager\target\classes started by Narayan in F:\SpringBootWorkspace\ExpenseManager)
12:53:53.322 [restartedMain] DEBUG c.q.e.ExpenseManagerApplication - Running with Spring Boot v2.2.6.RELEASE, Spring v5.2.5.RELEASE
12:53:53.322 [restartedMain] INFO  c.q.e.ExpenseManagerApplication - No active profile set, falling back to default profiles: default
12:53:54.359 [restartedMain] INFO  c.q.e.ExpenseManagerApplication - Started ExpenseManagerApplication in 1.063 seconds (JVM running for 7307.886)
12:54:52.647 [restartedMain] INFO  c.q.e.ExpenseManagerApplication - Starting ExpenseManagerApplication on DESKTOP-GGB6N6P with PID 14244 (F:\SpringBootWorkspace\ExpenseManager\target\classes started by Narayan in F:\SpringBootWorkspace\ExpenseManager)
12:54:52.647 [restartedMain] DEBUG c.q.e.ExpenseManagerApplication - Running with Spring Boot v2.2.6.RELEASE, Spring v5.2.5.RELEASE
12:54:52.647 [restartedMain] INFO  c.q.e.ExpenseManagerApplication - No active profile set, falling back to default profiles: default
12:54:53.963 [restartedMain] INFO  c.q.e.ExpenseManagerApplication - Started ExpenseManagerApplication in 1.342 seconds (JVM running for 7367.49)
12:55:43.110 [restartedMain] INFO  c.q.e.ExpenseManagerApplication - Starting ExpenseManagerApplication on DESKTOP-GGB6N6P with PID 14244 (F:\SpringBootWorkspace\ExpenseManager\target\classes started by Narayan in F:\SpringBootWorkspace\ExpenseManager)
12:55:43.110 [restartedMain] DEBUG c.q.e.ExpenseManagerApplication - Running with Spring Boot v2.2.6.RELEASE, Spring v5.2.5.RELEASE
12:55:43.110 [restartedMain] INFO  c.q.e.ExpenseManagerApplication - No active profile set, falling back to default profiles: default
12:55:44.148 [restartedMain] INFO  c.q.e.ExpenseManagerApplication - Started ExpenseManagerApplication in 1.065 seconds (JVM running for 7417.674)
12:57:36.638 [restartedMain] INFO  c.q.e.ExpenseManagerApplication - Starting ExpenseManagerApplication on DESKTOP-GGB6N6P with PID 14244 (F:\SpringBootWorkspace\ExpenseManager\target\classes started by Narayan in F:\SpringBootWorkspace\ExpenseManager)
12:57:36.638 [restartedMain] DEBUG c.q.e.ExpenseManagerApplication - Running with Spring Boot v2.2.6.RELEASE, Spring v5.2.5.RELEASE
12:57:36.638 [restartedMain] INFO  c.q.e.ExpenseManagerApplication - No active profile set, falling back to default profiles: default
12:57:37.680 [restartedMain] INFO  c.q.e.ExpenseManagerApplication - Started ExpenseManagerApplication in 1.066 seconds (JVM running for 7531.207)
13:00:02.631 [restartedMain] INFO  c.q.e.ExpenseManagerApplication - Starting ExpenseManagerApplication on DESKTOP-GGB6N6P with PID 14244 (F:\SpringBootWorkspace\ExpenseManager\target\classes started by Narayan in F:\SpringBootWorkspace\ExpenseManager)
13:00:02.632 [restartedMain] DEBUG c.q.e.ExpenseManagerApplication - Running with Spring Boot v2.2.6.RELEASE, Spring v5.2.5.RELEASE
13:00:02.632 [restartedMain] INFO  c.q.e.ExpenseManagerApplication - No active profile set, falling back to default profiles: default
13:00:04.721 [restartedMain] INFO  c.q.e.ExpenseManagerApplication - Started ExpenseManagerApplication in 2.159 seconds (JVM running for 7678.247)
13:02:50.637 [restartedMain] INFO  c.q.e.ExpenseManagerApplication - Starting ExpenseManagerApplication on DESKTOP-GGB6N6P with PID 14244 (F:\SpringBootWorkspace\ExpenseManager\target\classes started by Narayan in F:\SpringBootWorkspace\ExpenseManager)
13:02:50.638 [restartedMain] DEBUG c.q.e.ExpenseManagerApplication - Running with Spring Boot v2.2.6.RELEASE, Spring v5.2.5.RELEASE
13:02:50.638 [restartedMain] INFO  c.q.e.ExpenseManagerApplication - No active profile set, falling back to default profiles: default
13:02:51.569 [restartedMain] INFO  c.q.e.ExpenseManagerApplication - Started ExpenseManagerApplication in 0.958 seconds (JVM running for 7845.096)
13:03:19.597 [restartedMain] INFO  c.q.e.ExpenseManagerApplication - Starting ExpenseManagerApplication on DESKTOP-GGB6N6P with PID 14244 (F:\SpringBootWorkspace\ExpenseManager\target\classes started by Narayan in F:\SpringBootWorkspace\ExpenseManager)
13:03:19.597 [restartedMain] DEBUG c.q.e.ExpenseManagerApplication - Running with Spring Boot v2.2.6.RELEASE, Spring v5.2.5.RELEASE
13:03:19.597 [restartedMain] INFO  c.q.e.ExpenseManagerApplication - No active profile set, falling back to default profiles: default
13:03:20.843 [restartedMain] INFO  c.q.e.ExpenseManagerApplication - Started ExpenseManagerApplication in 1.27 seconds (JVM running for 7874.369)
13:05:03.591 [restartedMain] INFO  c.q.e.ExpenseManagerApplication - Starting ExpenseManagerApplication on DESKTOP-GGB6N6P with PID 16320 (F:\SpringBootWorkspace\ExpenseManager\target\classes started by Narayan in F:\SpringBootWorkspace\ExpenseManager)
13:05:03.594 [restartedMain] DEBUG c.q.e.ExpenseManagerApplication - Running with Spring Boot v2.2.6.RELEASE, Spring v5.2.5.RELEASE
13:05:03.594 [restartedMain] INFO  c.q.e.ExpenseManagerApplication - No active profile set, falling back to default profiles: default
13:05:07.804 [restartedMain] INFO  c.q.e.ExpenseManagerApplication - Started ExpenseManagerApplication in 4.594 seconds (JVM running for 5.715)
13:06:18.041 [restartedMain] INFO  c.q.e.ExpenseManagerApplication - Starting ExpenseManagerApplication on DESKTOP-GGB6N6P with PID 16320 (F:\SpringBootWorkspace\ExpenseManager\target\classes started by Narayan in F:\SpringBootWorkspace\ExpenseManager)
13:06:18.041 [restartedMain] DEBUG c.q.e.ExpenseManagerApplication - Running with Spring Boot v2.2.6.RELEASE, Spring v5.2.5.RELEASE
13:06:18.041 [restartedMain] INFO  c.q.e.ExpenseManagerApplication - No active profile set, falling back to default profiles: default
13:06:19.538 [restartedMain] INFO  c.q.e.ExpenseManagerApplication - Started ExpenseManagerApplication in 1.538 seconds (JVM running for 77.45)
13:06:52.579 [restartedMain] INFO  c.q.e.ExpenseManagerApplication - Starting ExpenseManagerApplication on DESKTOP-GGB6N6P with PID 16320 (F:\SpringBootWorkspace\ExpenseManager\target\classes started by Narayan in F:\SpringBootWorkspace\ExpenseManager)
13:06:52.580 [restartedMain] DEBUG c.q.e.ExpenseManagerApplication - Running with Spring Boot v2.2.6.RELEASE, Spring v5.2.5.RELEASE
13:06:52.580 [restartedMain] INFO  c.q.e.ExpenseManagerApplication - No active profile set, falling back to default profiles: default
13:06:53.716 [restartedMain] INFO  c.q.e.ExpenseManagerApplication - Started ExpenseManagerApplication in 1.174 seconds (JVM running for 111.627)
13:07:24.805 [restartedMain] INFO  c.q.e.ExpenseManagerApplication - Starting ExpenseManagerApplication on DESKTOP-GGB6N6P with PID 16320 (F:\SpringBootWorkspace\ExpenseManager\target\classes started by Narayan in F:\SpringBootWorkspace\ExpenseManager)
13:07:24.805 [restartedMain] DEBUG c.q.e.ExpenseManagerApplication - Running with Spring Boot v2.2.6.RELEASE, Spring v5.2.5.RELEASE
13:07:24.805 [restartedMain] INFO  c.q.e.ExpenseManagerApplication - No active profile set, falling back to default profiles: default
13:07:25.995 [restartedMain] INFO  c.q.e.ExpenseManagerApplication - Started ExpenseManagerApplication in 1.226 seconds (JVM running for 143.906)
13:07:53.085 [restartedMain] INFO  c.q.e.ExpenseManagerApplication - Starting ExpenseManagerApplication on DESKTOP-GGB6N6P with PID 16320 (F:\SpringBootWorkspace\ExpenseManager\target\classes started by Narayan in F:\SpringBootWorkspace\ExpenseManager)
13:07:53.085 [restartedMain] DEBUG c.q.e.ExpenseManagerApplication - Running with Spring Boot v2.2.6.RELEASE, Spring v5.2.5.RELEASE
13:07:53.085 [restartedMain] INFO  c.q.e.ExpenseManagerApplication - No active profile set, falling back to default profiles: default
13:07:54.045 [restartedMain] INFO  c.q.e.ExpenseManagerApplication - Started ExpenseManagerApplication in 0.999 seconds (JVM running for 171.957)
13:08:25.039 [restartedMain] INFO  c.q.e.ExpenseManagerApplication - Starting ExpenseManagerApplication on DESKTOP-GGB6N6P with PID 16320 (F:\SpringBootWorkspace\ExpenseManager\target\classes started by Narayan in F:\SpringBootWorkspace\ExpenseManager)
13:08:25.039 [restartedMain] DEBUG c.q.e.ExpenseManagerApplication - Running with Spring Boot v2.2.6.RELEASE, Spring v5.2.5.RELEASE
13:08:25.039 [restartedMain] INFO  c.q.e.ExpenseManagerApplication - No active profile set, falling back to default profiles: default
13:08:26.318 [restartedMain] INFO  c.q.e.ExpenseManagerApplication - Started ExpenseManagerApplication in 1.31 seconds (JVM running for 204.229)
13:11:13.298 [restartedMain] INFO  c.q.e.ExpenseManagerApplication - Starting ExpenseManagerApplication on DESKTOP-GGB6N6P with PID 16320 (F:\SpringBootWorkspace\ExpenseManager\target\classes started by Narayan in F:\SpringBootWorkspace\ExpenseManager)
13:11:13.298 [restartedMain] DEBUG c.q.e.ExpenseManagerApplication - Running with Spring Boot v2.2.6.RELEASE, Spring v5.2.5.RELEASE
13:11:13.298 [restartedMain] INFO  c.q.e.ExpenseManagerApplication - No active profile set, falling back to default profiles: default
13:11:14.455 [restartedMain] INFO  c.q.e.ExpenseManagerApplication - Started ExpenseManagerApplication in 1.187 seconds (JVM running for 372.366)
13:13:08.678 [restartedMain] INFO  c.q.e.ExpenseManagerApplication - Starting ExpenseManagerApplication on DESKTOP-GGB6N6P with PID 16320 (F:\SpringBootWorkspace\ExpenseManager\target\classes started by Narayan in F:\SpringBootWorkspace\ExpenseManager)
13:13:08.678 [restartedMain] DEBUG c.q.e.ExpenseManagerApplication - Running with Spring Boot v2.2.6.RELEASE, Spring v5.2.5.RELEASE
13:13:08.678 [restartedMain] INFO  c.q.e.ExpenseManagerApplication - No active profile set, falling back to default profiles: default
13:13:10.761 [restartedMain] INFO  c.q.e.ExpenseManagerApplication - Started ExpenseManagerApplication in 2.192 seconds (JVM running for 488.672)
13:13:29.261 [restartedMain] INFO  c.q.e.ExpenseManagerApplication - Starting ExpenseManagerApplication on DESKTOP-GGB6N6P with PID 16320 (F:\SpringBootWorkspace\ExpenseManager\target\classes started by Narayan in F:\SpringBootWorkspace\ExpenseManager)
13:13:29.262 [restartedMain] DEBUG c.q.e.ExpenseManagerApplication - Running with Spring Boot v2.2.6.RELEASE, Spring v5.2.5.RELEASE
13:13:29.262 [restartedMain] INFO  c.q.e.ExpenseManagerApplication - No active profile set, falling back to default profiles: default
13:13:31.262 [restartedMain] INFO  c.q.e.ExpenseManagerApplication - Started ExpenseManagerApplication in 2.073 seconds (JVM running for 509.173)
13:18:24.747 [restartedMain] INFO  c.q.e.ExpenseManagerApplication - Starting ExpenseManagerApplication on DESKTOP-GGB6N6P with PID 16320 (F:\SpringBootWorkspace\ExpenseManager\target\classes started by Narayan in F:\SpringBootWorkspace\ExpenseManager)
13:18:24.747 [restartedMain] DEBUG c.q.e.ExpenseManagerApplication - Running with Spring Boot v2.2.6.RELEASE, Spring v5.2.5.RELEASE
13:18:24.748 [restartedMain] INFO  c.q.e.ExpenseManagerApplication - No active profile set, falling back to default profiles: default
13:18:26.980 [restartedMain] INFO  c.q.e.ExpenseManagerApplication - Started ExpenseManagerApplication in 2.307 seconds (JVM running for 804.891)
13:20:11.963 [restartedMain] INFO  c.q.e.ExpenseManagerApplication - Starting ExpenseManagerApplication on DESKTOP-GGB6N6P with PID 16320 (F:\SpringBootWorkspace\ExpenseManager\target\classes started by Narayan in F:\SpringBootWorkspace\ExpenseManager)
13:20:11.964 [restartedMain] DEBUG c.q.e.ExpenseManagerApplication - Running with Spring Boot v2.2.6.RELEASE, Spring v5.2.5.RELEASE
13:20:11.964 [restartedMain] INFO  c.q.e.ExpenseManagerApplication - No active profile set, falling back to default profiles: default
13:20:14.721 [restartedMain] INFO  c.q.e.ExpenseManagerApplication - Started ExpenseManagerApplication in 2.865 seconds (JVM running for 912.632)
13:36:16.973 [restartedMain] INFO  c.q.e.ExpenseManagerApplication - Starting ExpenseManagerApplication on DESKTOP-GGB6N6P with PID 16320 (F:\SpringBootWorkspace\ExpenseManager\target\classes started by Narayan in F:\SpringBootWorkspace\ExpenseManager)
13:36:16.973 [restartedMain] DEBUG c.q.e.ExpenseManagerApplication - Running with Spring Boot v2.2.6.RELEASE, Spring v5.2.5.RELEASE
13:36:16.974 [restartedMain] INFO  c.q.e.ExpenseManagerApplication - No active profile set, falling back to default profiles: default
13:36:19.155 [restartedMain] INFO  c.q.e.ExpenseManagerApplication - Started ExpenseManagerApplication in 2.253 seconds (JVM running for 1877.067)
13:36:25.631 [restartedMain] INFO  c.q.e.ExpenseManagerApplication - Starting ExpenseManagerApplication on DESKTOP-GGB6N6P with PID 16320 (F:\SpringBootWorkspace\ExpenseManager\target\classes started by Narayan in F:\SpringBootWorkspace\ExpenseManager)
13:36:25.632 [restartedMain] DEBUG c.q.e.ExpenseManagerApplication - Running with Spring Boot v2.2.6.RELEASE, Spring v5.2.5.RELEASE
13:36:25.632 [restartedMain] INFO  c.q.e.ExpenseManagerApplication - No active profile set, falling back to default profiles: default
13:36:27.634 [restartedMain] INFO  c.q.e.ExpenseManagerApplication - Started ExpenseManagerApplication in 2.067 seconds (JVM running for 1885.545)
13:36:53.338 [restartedMain] INFO  c.q.e.ExpenseManagerApplication - Starting ExpenseManagerApplication on DESKTOP-GGB6N6P with PID 16320 (F:\SpringBootWorkspace\ExpenseManager\target\classes started by Narayan in F:\SpringBootWorkspace\ExpenseManager)
13:36:53.338 [restartedMain] DEBUG c.q.e.ExpenseManagerApplication - Running with Spring Boot v2.2.6.RELEASE, Spring v5.2.5.RELEASE
13:36:53.338 [restartedMain] INFO  c.q.e.ExpenseManagerApplication - No active profile set, falling back to default profiles: default
13:36:55.305 [restartedMain] INFO  c.q.e.ExpenseManagerApplication - Started ExpenseManagerApplication in 2.04 seconds (JVM running for 1913.217)
13:36:59.579 [restartedMain] INFO  c.q.e.ExpenseManagerApplication - Starting ExpenseManagerApplication on DESKTOP-GGB6N6P with PID 16320 (F:\SpringBootWorkspace\ExpenseManager\target\classes started by Narayan in F:\SpringBootWorkspace\ExpenseManager)
13:36:59.580 [restartedMain] DEBUG c.q.e.ExpenseManagerApplication - Running with Spring Boot v2.2.6.RELEASE, Spring v5.2.5.RELEASE
13:36:59.580 [restartedMain] INFO  c.q.e.ExpenseManagerApplication - No active profile set, falling back to default profiles: default
13:37:01.605 [restartedMain] INFO  c.q.e.ExpenseManagerApplication - Started ExpenseManagerApplication in 2.105 seconds (JVM running for 1919.517)
13:39:08.006 [restartedMain] INFO  c.q.e.ExpenseManagerApplication - Starting ExpenseManagerApplication on DESKTOP-GGB6N6P with PID 16320 (F:\SpringBootWorkspace\ExpenseManager\target\classes started by Narayan in F:\SpringBootWorkspace\ExpenseManager)
13:39:08.006 [restartedMain] DEBUG c.q.e.ExpenseManagerApplication - Running with Spring Boot v2.2.6.RELEASE, Spring v5.2.5.RELEASE
13:39:08.007 [restartedMain] INFO  c.q.e.ExpenseManagerApplication - No active profile set, falling back to default profiles: default
13:39:10.512 [restartedMain] INFO  c.q.e.ExpenseManagerApplication - Started ExpenseManagerApplication in 2.62 seconds (JVM running for 2048.424)
13:39:21.191 [restartedMain] INFO  c.q.e.ExpenseManagerApplication - Starting ExpenseManagerApplication on DESKTOP-GGB6N6P with PID 16320 (F:\SpringBootWorkspace\ExpenseManager\target\classes started by Narayan in F:\SpringBootWorkspace\ExpenseManager)
13:39:21.192 [restartedMain] DEBUG c.q.e.ExpenseManagerApplication - Running with Spring Boot v2.2.6.RELEASE, Spring v5.2.5.RELEASE
13:39:21.192 [restartedMain] INFO  c.q.e.ExpenseManagerApplication - No active profile set, falling back to default profiles: default
13:39:23.094 [restartedMain] INFO  c.q.e.ExpenseManagerApplication - Started ExpenseManagerApplication in 1.979 seconds (JVM running for 2061.005)
13:39:37.360 [restartedMain] INFO  c.q.e.ExpenseManagerApplication - Starting ExpenseManagerApplication on DESKTOP-GGB6N6P with PID 16320 (F:\SpringBootWorkspace\ExpenseManager\target\classes started by Narayan in F:\SpringBootWorkspace\ExpenseManager)
13:39:37.360 [restartedMain] DEBUG c.q.e.ExpenseManagerApplication - Running with Spring Boot v2.2.6.RELEASE, Spring v5.2.5.RELEASE
13:39:37.361 [restartedMain] INFO  c.q.e.ExpenseManagerApplication - No active profile set, falling back to default profiles: default
13:39:39.551 [restartedMain] INFO  c.q.e.ExpenseManagerApplication - Started ExpenseManagerApplication in 2.258 seconds (JVM running for 2077.463)
13:40:18.229 [restartedMain] INFO  c.q.e.ExpenseManagerApplication - Starting ExpenseManagerApplication on DESKTOP-GGB6N6P with PID 16320 (F:\SpringBootWorkspace\ExpenseManager\target\classes started by Narayan in F:\SpringBootWorkspace\ExpenseManager)
13:40:18.229 [restartedMain] DEBUG c.q.e.ExpenseManagerApplication - Running with Spring Boot v2.2.6.RELEASE, Spring v5.2.5.RELEASE
13:40:18.230 [restartedMain] INFO  c.q.e.ExpenseManagerApplication - No active profile set, falling back to default profiles: default
13:41:21.820 [restartedMain] INFO  c.q.e.ExpenseManagerApplication - Starting ExpenseManagerApplication on DESKTOP-GGB6N6P with PID 16320 (F:\SpringBootWorkspace\ExpenseManager\target\classes started by Narayan in F:\SpringBootWorkspace\ExpenseManager)
13:41:21.820 [restartedMain] DEBUG c.q.e.ExpenseManagerApplication - Running with Spring Boot v2.2.6.RELEASE, Spring v5.2.5.RELEASE
13:41:21.820 [restartedMain] INFO  c.q.e.ExpenseManagerApplication - No active profile set, falling back to default profiles: default
13:42:05.203 [restartedMain] INFO  c.q.e.ExpenseManagerApplication - Starting ExpenseManagerApplication on DESKTOP-GGB6N6P with PID 16320 (F:\SpringBootWorkspace\ExpenseManager\target\classes started by Narayan in F:\SpringBootWorkspace\ExpenseManager)
13:42:05.203 [restartedMain] DEBUG c.q.e.ExpenseManagerApplication - Running with Spring Boot v2.2.6.RELEASE, Spring v5.2.5.RELEASE
13:42:05.203 [restartedMain] INFO  c.q.e.ExpenseManagerApplication - No active profile set, falling back to default profiles: default
13:42:07.241 [restartedMain] INFO  c.q.e.ExpenseManagerApplication - Started ExpenseManagerApplication in 2.125 seconds (JVM running for 2225.153)
13:43:48.346 [restartedMain] INFO  c.q.e.ExpenseManagerApplication - Starting ExpenseManagerApplication on DESKTOP-GGB6N6P with PID 16320 (F:\SpringBootWorkspace\ExpenseManager\target\classes started by Narayan in F:\SpringBootWorkspace\ExpenseManager)
13:43:48.346 [restartedMain] DEBUG c.q.e.ExpenseManagerApplication - Running with Spring Boot v2.2.6.RELEASE, Spring v5.2.5.RELEASE
13:43:48.347 [restartedMain] INFO  c.q.e.ExpenseManagerApplication - No active profile set, falling back to default profiles: default
13:43:50.398 [restartedMain] INFO  c.q.e.ExpenseManagerApplication - Started ExpenseManagerApplication in 2.122 seconds (JVM running for 2328.309)
13:43:56.852 [restartedMain] INFO  c.q.e.ExpenseManagerApplication - Starting ExpenseManagerApplication on DESKTOP-GGB6N6P with PID 16320 (F:\SpringBootWorkspace\ExpenseManager\target\classes started by Narayan in F:\SpringBootWorkspace\ExpenseManager)
13:43:56.853 [restartedMain] DEBUG c.q.e.ExpenseManagerApplication - Running with Spring Boot v2.2.6.RELEASE, Spring v5.2.5.RELEASE
13:43:56.853 [restartedMain] INFO  c.q.e.ExpenseManagerApplication - No active profile set, falling back to default profiles: default
13:43:59.170 [restartedMain] INFO  c.q.e.ExpenseManagerApplication - Started ExpenseManagerApplication in 2.402 seconds (JVM running for 2337.081)
13:45:09.813 [restartedMain] INFO  c.q.e.ExpenseManagerApplication - Starting ExpenseManagerApplication on DESKTOP-GGB6N6P with PID 16320 (F:\SpringBootWorkspace\ExpenseManager\target\classes started by Narayan in F:\SpringBootWorkspace\ExpenseManager)
13:45:09.814 [restartedMain] DEBUG c.q.e.ExpenseManagerApplication - Running with Spring Boot v2.2.6.RELEASE, Spring v5.2.5.RELEASE
13:45:09.814 [restartedMain] INFO  c.q.e.ExpenseManagerApplication - No active profile set, falling back to default profiles: default
13:45:11.954 [restartedMain] INFO  c.q.e.ExpenseManagerApplication - Started ExpenseManagerApplication in 2.209 seconds (JVM running for 2409.865)
13:46:22.782 [restartedMain] INFO  c.q.e.ExpenseManagerApplication - Starting ExpenseManagerApplication on DESKTOP-GGB6N6P with PID 16320 (F:\SpringBootWorkspace\ExpenseManager\target\classes started by Narayan in F:\SpringBootWorkspace\ExpenseManager)
13:46:22.783 [restartedMain] DEBUG c.q.e.ExpenseManagerApplication - Running with Spring Boot v2.2.6.RELEASE, Spring v5.2.5.RELEASE
13:46:22.783 [restartedMain] INFO  c.q.e.ExpenseManagerApplication - No active profile set, falling back to default profiles: default
13:46:46.272 [restartedMain] INFO  c.q.e.ExpenseManagerApplication - Starting ExpenseManagerApplication on DESKTOP-GGB6N6P with PID 16320 (F:\SpringBootWorkspace\ExpenseManager\target\classes started by Narayan in F:\SpringBootWorkspace\ExpenseManager)
13:46:46.272 [restartedMain] DEBUG c.q.e.ExpenseManagerApplication - Running with Spring Boot v2.2.6.RELEASE, Spring v5.2.5.RELEASE
13:46:46.273 [restartedMain] INFO  c.q.e.ExpenseManagerApplication - No active profile set, falling back to default profiles: default
13:46:48.513 [restartedMain] INFO  c.q.e.ExpenseManagerApplication - Started ExpenseManagerApplication in 2.303 seconds (JVM running for 2506.424)
13:47:19.903 [restartedMain] INFO  c.q.e.ExpenseManagerApplication - Starting ExpenseManagerApplication on DESKTOP-GGB6N6P with PID 16320 (F:\SpringBootWorkspace\ExpenseManager\target\classes started by Narayan in F:\SpringBootWorkspace\ExpenseManager)
13:47:19.904 [restartedMain] DEBUG c.q.e.ExpenseManagerApplication - Running with Spring Boot v2.2.6.RELEASE, Spring v5.2.5.RELEASE
13:47:19.904 [restartedMain] INFO  c.q.e.ExpenseManagerApplication - No active profile set, falling back to default profiles: default
13:47:22.105 [restartedMain] INFO  c.q.e.ExpenseManagerApplication - Started ExpenseManagerApplication in 2.267 seconds (JVM running for 2540.017)
13:48:08.999 [restartedMain] INFO  c.q.e.ExpenseManagerApplication - Starting ExpenseManagerApplication on DESKTOP-GGB6N6P with PID 16320 (F:\SpringBootWorkspace\ExpenseManager\target\classes started by Narayan in F:\SpringBootWorkspace\ExpenseManager)
13:48:08.999 [restartedMain] DEBUG c.q.e.ExpenseManagerApplication - Running with Spring Boot v2.2.6.RELEASE, Spring v5.2.5.RELEASE
13:48:08.999 [restartedMain] INFO  c.q.e.ExpenseManagerApplication - No active profile set, falling back to default profiles: default
13:48:10.831 [restartedMain] INFO  c.q.e.ExpenseManagerApplication - Started ExpenseManagerApplication in 1.893 seconds (JVM running for 2588.743)
13:49:07.328 [http-nio-2020-exec-3] INFO  c.q.e.controllers.UserController - UserController :: openIndex method
13:53:43.817 [restartedMain] INFO  c.q.e.ExpenseManagerApplication - Starting ExpenseManagerApplication on DESKTOP-GGB6N6P with PID 16320 (F:\SpringBootWorkspace\ExpenseManager\target\classes started by Narayan in F:\SpringBootWorkspace\ExpenseManager)
13:53:43.818 [restartedMain] DEBUG c.q.e.ExpenseManagerApplication - Running with Spring Boot v2.2.6.RELEASE, Spring v5.2.5.RELEASE
13:53:43.818 [restartedMain] INFO  c.q.e.ExpenseManagerApplication - No active profile set, falling back to default profiles: default
13:53:45.924 [restartedMain] INFO  c.q.e.ExpenseManagerApplication - Started ExpenseManagerApplication in 2.191 seconds (JVM running for 2923.835)
13:54:15.173 [http-nio-2020-exec-1] DEBUG c.q.e.controllers.UserController - UserController :: openRegisterPage method
13:54:39.016 [http-nio-2020-exec-3] INFO  c.q.e.controllers.UserController - UserController :: addUserDetails Method called
13:54:39.017 [http-nio-2020-exec-3] INFO  c.q.e.controllers.UserController -  
13:54:39.099 [http-nio-2020-exec-3] INFO  c.q.e.controllers.UserController - User Details add Successfully
13:57:19.863 [restartedMain] INFO  c.q.e.ExpenseManagerApplication - Starting ExpenseManagerApplication on DESKTOP-GGB6N6P with PID 16320 (F:\SpringBootWorkspace\ExpenseManager\target\classes started by Narayan in F:\SpringBootWorkspace\ExpenseManager)
13:57:19.864 [restartedMain] DEBUG c.q.e.ExpenseManagerApplication - Running with Spring Boot v2.2.6.RELEASE, Spring v5.2.5.RELEASE
13:57:19.865 [restartedMain] INFO  c.q.e.ExpenseManagerApplication - No active profile set, falling back to default profiles: default
13:57:21.888 [restartedMain] INFO  c.q.e.ExpenseManagerApplication - Started ExpenseManagerApplication in 2.099 seconds (JVM running for 3139.8)
15:01:53.726 [restartedMain] INFO  c.q.e.ExpenseManagerApplication - Starting ExpenseManagerApplication on DESKTOP-GGB6N6P with PID 16320 (F:\SpringBootWorkspace\ExpenseManager\target\classes started by Narayan in F:\SpringBootWorkspace\ExpenseManager)
15:01:53.726 [restartedMain] DEBUG c.q.e.ExpenseManagerApplication - Running with Spring Boot v2.2.6.RELEASE, Spring v5.2.5.RELEASE
15:01:53.726 [restartedMain] INFO  c.q.e.ExpenseManagerApplication - No active profile set, falling back to default profiles: default
15:01:56.890 [restartedMain] INFO  c.q.e.ExpenseManagerApplication - Started ExpenseManagerApplication in 3.302 seconds (JVM running for 7014.801)
15:02:32.864 [restartedMain] INFO  c.q.e.ExpenseManagerApplication - Starting ExpenseManagerApplication on DESKTOP-GGB6N6P with PID 16320 (F:\SpringBootWorkspace\ExpenseManager\target\classes started by Narayan in F:\SpringBootWorkspace\ExpenseManager)
15:02:32.865 [restartedMain] DEBUG c.q.e.ExpenseManagerApplication - Running with Spring Boot v2.2.6.RELEASE, Spring v5.2.5.RELEASE
15:02:32.865 [restartedMain] INFO  c.q.e.ExpenseManagerApplication - No active profile set, falling back to default profiles: default
15:02:35.392 [restartedMain] INFO  c.q.e.ExpenseManagerApplication - Started ExpenseManagerApplication in 2.616 seconds (JVM running for 7053.304)
15:03:03.885 [restartedMain] INFO  c.q.e.ExpenseManagerApplication - Starting ExpenseManagerApplication on DESKTOP-GGB6N6P with PID 16320 (F:\SpringBootWorkspace\ExpenseManager\target\classes started by Narayan in F:\SpringBootWorkspace\ExpenseManager)
15:03:03.885 [restartedMain] DEBUG c.q.e.ExpenseManagerApplication - Running with Spring Boot v2.2.6.RELEASE, Spring v5.2.5.RELEASE
15:03:03.886 [restartedMain] INFO  c.q.e.ExpenseManagerApplication - No active profile set, falling back to default profiles: default
15:03:06.164 [restartedMain] INFO  c.q.e.ExpenseManagerApplication - Started ExpenseManagerApplication in 2.349 seconds (JVM running for 7084.075)
15:06:36.973 [restartedMain] INFO  c.q.e.ExpenseManagerApplication - Starting ExpenseManagerApplication on DESKTOP-GGB6N6P with PID 16320 (F:\SpringBootWorkspace\ExpenseManager\target\classes started by Narayan in F:\SpringBootWorkspace\ExpenseManager)
15:06:36.973 [restartedMain] DEBUG c.q.e.ExpenseManagerApplication - Running with Spring Boot v2.2.6.RELEASE, Spring v5.2.5.RELEASE
15:06:36.973 [restartedMain] INFO  c.q.e.ExpenseManagerApplication - No active profile set, falling back to default profiles: default
15:06:39.284 [restartedMain] INFO  c.q.e.ExpenseManagerApplication - Started ExpenseManagerApplication in 2.399 seconds (JVM running for 7297.196)
15:08:00.991 [restartedMain] INFO  c.q.e.ExpenseManagerApplication - Starting ExpenseManagerApplication on DESKTOP-GGB6N6P with PID 16320 (F:\SpringBootWorkspace\ExpenseManager\target\classes started by Narayan in F:\SpringBootWorkspace\ExpenseManager)
15:08:00.991 [restartedMain] DEBUG c.q.e.ExpenseManagerApplication - Running with Spring Boot v2.2.6.RELEASE, Spring v5.2.5.RELEASE
15:08:00.992 [restartedMain] INFO  c.q.e.ExpenseManagerApplication - No active profile set, falling back to default profiles: default
15:08:03.317 [restartedMain] INFO  c.q.e.ExpenseManagerApplication - Started ExpenseManagerApplication in 2.391 seconds (JVM running for 7381.228)
15:09:56.193 [restartedMain] INFO  c.q.e.ExpenseManagerApplication - Starting ExpenseManagerApplication on DESKTOP-GGB6N6P with PID 16320 (F:\SpringBootWorkspace\ExpenseManager\target\classes started by Narayan in F:\SpringBootWorkspace\ExpenseManager)
15:09:56.193 [restartedMain] DEBUG c.q.e.ExpenseManagerApplication - Running with Spring Boot v2.2.6.RELEASE, Spring v5.2.5.RELEASE
15:09:56.193 [restartedMain] INFO  c.q.e.ExpenseManagerApplication - No active profile set, falling back to default profiles: default
15:09:58.427 [restartedMain] INFO  c.q.e.ExpenseManagerApplication - Started ExpenseManagerApplication in 2.299 seconds (JVM running for 7496.338)
15:10:34.043 [restartedMain] INFO  c.q.e.ExpenseManagerApplication - Starting ExpenseManagerApplication on DESKTOP-GGB6N6P with PID 16320 (F:\SpringBootWorkspace\ExpenseManager\target\classes started by Narayan in F:\SpringBootWorkspace\ExpenseManager)
15:10:34.044 [restartedMain] DEBUG c.q.e.ExpenseManagerApplication - Running with Spring Boot v2.2.6.RELEASE, Spring v5.2.5.RELEASE
15:10:34.044 [restartedMain] INFO  c.q.e.ExpenseManagerApplication - No active profile set, falling back to default profiles: default
15:10:36.162 [restartedMain] INFO  c.q.e.ExpenseManagerApplication - Started ExpenseManagerApplication in 2.187 seconds (JVM running for 7534.074)
15:17:12.071 [http-nio-2020-exec-1] INFO  c.q.e.controllers.UserController - UserController :: addUserDetails Method called
15:17:12.072 [http-nio-2020-exec-1] ERROR c.q.e.controllers.UserController - UserController :: error occured at register page
15:17:21.239 [http-nio-2020-exec-2] INFO  c.q.e.controllers.UserController - UserController :: openIndex method
15:20:50.505 [restartedMain] INFO  c.q.e.ExpenseManagerApplication - Starting ExpenseManagerApplication on DESKTOP-GGB6N6P with PID 16320 (F:\SpringBootWorkspace\ExpenseManager\target\classes started by Narayan in F:\SpringBootWorkspace\ExpenseManager)
15:20:50.506 [restartedMain] DEBUG c.q.e.ExpenseManagerApplication - Running with Spring Boot v2.2.6.RELEASE, Spring v5.2.5.RELEASE
15:20:50.507 [restartedMain] INFO  c.q.e.ExpenseManagerApplication - No active profile set, falling back to default profiles: default
15:20:52.845 [restartedMain] INFO  c.q.e.ExpenseManagerApplication - Started ExpenseManagerApplication in 2.407 seconds (JVM running for 8150.756)
15:20:59.436 [http-nio-2020-exec-1] INFO  c.q.e.controllers.UserController - UserController :: openIndex method
15:22:04.946 [restartedMain] INFO  c.q.e.ExpenseManagerApplication - Starting ExpenseManagerApplication on DESKTOP-GGB6N6P with PID 16320 (F:\SpringBootWorkspace\ExpenseManager\target\classes started by Narayan in F:\SpringBootWorkspace\ExpenseManager)
15:22:04.947 [restartedMain] DEBUG c.q.e.ExpenseManagerApplication - Running with Spring Boot v2.2.6.RELEASE, Spring v5.2.5.RELEASE
15:22:04.948 [restartedMain] INFO  c.q.e.ExpenseManagerApplication - No active profile set, falling back to default profiles: default
15:22:07.181 [restartedMain] INFO  c.q.e.ExpenseManagerApplication - Started ExpenseManagerApplication in 2.322 seconds (JVM running for 8225.092)
15:24:47.474 [restartedMain] INFO  c.q.e.ExpenseManagerApplication - Starting ExpenseManagerApplication on DESKTOP-GGB6N6P with PID 16320 (F:\SpringBootWorkspace\ExpenseManager\target\classes started by Narayan in F:\SpringBootWorkspace\ExpenseManager)
15:24:47.474 [restartedMain] DEBUG c.q.e.ExpenseManagerApplication - Running with Spring Boot v2.2.6.RELEASE, Spring v5.2.5.RELEASE
15:24:47.475 [restartedMain] INFO  c.q.e.ExpenseManagerApplication - No active profile set, falling back to default profiles: default
15:24:49.618 [restartedMain] INFO  c.q.e.ExpenseManagerApplication - Started ExpenseManagerApplication in 2.209 seconds (JVM running for 8387.53)
15:26:17.352 [http-nio-2020-exec-1] INFO  c.q.e.controllers.UserController - UserController :: openIndex method
15:27:30.899 [http-nio-2020-exec-6] INFO  c.q.e.controllers.UserController - UserController :: openIndex method
15:30:00.378 [http-nio-2020-exec-1] INFO  c.q.e.controllers.UserController - UserController :: openIndex method
15:31:06.474 [restartedMain] INFO  c.q.e.ExpenseManagerApplication - Starting ExpenseManagerApplication on DESKTOP-GGB6N6P with PID 16320 (F:\SpringBootWorkspace\ExpenseManager\target\classes started by Narayan in F:\SpringBootWorkspace\ExpenseManager)
15:31:06.475 [restartedMain] DEBUG c.q.e.ExpenseManagerApplication - Running with Spring Boot v2.2.6.RELEASE, Spring v5.2.5.RELEASE
15:31:06.475 [restartedMain] INFO  c.q.e.ExpenseManagerApplication - No active profile set, falling back to default profiles: default
15:31:08.765 [restartedMain] INFO  c.q.e.ExpenseManagerApplication - Started ExpenseManagerApplication in 2.366 seconds (JVM running for 8766.676)
15:31:15.076 [restartedMain] INFO  c.q.e.ExpenseManagerApplication - Starting ExpenseManagerApplication on DESKTOP-GGB6N6P with PID 16320 (F:\SpringBootWorkspace\ExpenseManager\target\classes started by Narayan in F:\SpringBootWorkspace\ExpenseManager)
15:31:15.077 [restartedMain] DEBUG c.q.e.ExpenseManagerApplication - Running with Spring Boot v2.2.6.RELEASE, Spring v5.2.5.RELEASE
15:31:15.077 [restartedMain] INFO  c.q.e.ExpenseManagerApplication - No active profile set, falling back to default profiles: default
15:31:17.311 [restartedMain] INFO  c.q.e.ExpenseManagerApplication - Started ExpenseManagerApplication in 2.3 seconds (JVM running for 8775.223)
15:31:29.890 [http-nio-2020-exec-1] INFO  c.q.e.controllers.UserController - UserController :: openIndex method
15:35:53.315 [restartedMain] INFO  c.q.e.ExpenseManagerApplication - Starting ExpenseManagerApplication on DESKTOP-GGB6N6P with PID 13404 (F:\SpringBootWorkspace\ExpenseManager\target\classes started by Narayan in F:\SpringBootWorkspace\ExpenseManager)
15:35:53.324 [restartedMain] DEBUG c.q.e.ExpenseManagerApplication - Running with Spring Boot v2.2.6.RELEASE, Spring v5.2.5.RELEASE
15:35:53.325 [restartedMain] INFO  c.q.e.ExpenseManagerApplication - No active profile set, falling back to default profiles: default
15:36:03.632 [restartedMain] INFO  c.q.e.ExpenseManagerApplication - Started ExpenseManagerApplication in 11.204 seconds (JVM running for 14.219)
15:36:08.553 [http-nio-2020-exec-1] INFO  c.q.e.controllers.UserController - UserController :: openIndex method
15:37:34.605 [restartedMain] INFO  c.q.e.ExpenseManagerApplication - Starting ExpenseManagerApplication on DESKTOP-GGB6N6P with PID 13404 (F:\SpringBootWorkspace\ExpenseManager\target\classes started by Narayan in F:\SpringBootWorkspace\ExpenseManager)
15:37:34.606 [restartedMain] DEBUG c.q.e.ExpenseManagerApplication - Running with Spring Boot v2.2.6.RELEASE, Spring v5.2.5.RELEASE
15:37:34.606 [restartedMain] INFO  c.q.e.ExpenseManagerApplication - No active profile set, falling back to default profiles: default
15:37:37.500 [restartedMain] INFO  c.q.e.ExpenseManagerApplication - Started ExpenseManagerApplication in 3.026 seconds (JVM running for 108.087)
15:37:48.187 [http-nio-2020-exec-1] INFO  c.q.e.controllers.UserController - UserController :: openIndex method
15:38:48.445 [restartedMain] INFO  c.q.e.ExpenseManagerApplication - Starting ExpenseManagerApplication on DESKTOP-GGB6N6P with PID 13404 (F:\SpringBootWorkspace\ExpenseManager\target\classes started by Narayan in F:\SpringBootWorkspace\ExpenseManager)
15:38:48.445 [restartedMain] DEBUG c.q.e.ExpenseManagerApplication - Running with Spring Boot v2.2.6.RELEASE, Spring v5.2.5.RELEASE
15:38:48.445 [restartedMain] INFO  c.q.e.ExpenseManagerApplication - No active profile set, falling back to default profiles: default
15:38:51.038 [restartedMain] INFO  c.q.e.ExpenseManagerApplication - Started ExpenseManagerApplication in 2.709 seconds (JVM running for 181.624)
15:39:54.346 [http-nio-2020-exec-1] INFO  c.q.e.controllers.UserController - UserController :: openIndex method
15:40:11.606 [http-nio-2020-exec-4] INFO  c.q.e.controllers.UserController - UserController :: displaySuccessPage method called with jay@gmail.com
16:06:17.853 [http-nio-2020-exec-7] INFO  c.q.e.controllers.UserController - UserController :: openIndex method
16:06:35.098 [http-nio-2020-exec-9] INFO  c.q.e.controllers.UserController - UserController :: displaySuccessPage method called with jay@gmail.com
16:06:53.631 [restartedMain] INFO  c.q.e.ExpenseManagerApplication - Starting ExpenseManagerApplication on DESKTOP-GGB6N6P with PID 13404 (F:\SpringBootWorkspace\ExpenseManager\target\classes started by Narayan in F:\SpringBootWorkspace\ExpenseManager)
16:06:53.632 [restartedMain] DEBUG c.q.e.ExpenseManagerApplication - Running with Spring Boot v2.2.6.RELEASE, Spring v5.2.5.RELEASE
16:06:53.632 [restartedMain] INFO  c.q.e.ExpenseManagerApplication - No active profile set, falling back to default profiles: default
16:06:56.333 [restartedMain] INFO  c.q.e.ExpenseManagerApplication - Started ExpenseManagerApplication in 2.821 seconds (JVM running for 1866.919)
16:07:58.187 [restartedMain] INFO  c.q.e.ExpenseManagerApplication - Starting ExpenseManagerApplication on DESKTOP-GGB6N6P with PID 13404 (F:\SpringBootWorkspace\ExpenseManager\target\classes started by Narayan in F:\SpringBootWorkspace\ExpenseManager)
16:07:58.188 [restartedMain] DEBUG c.q.e.ExpenseManagerApplication - Running with Spring Boot v2.2.6.RELEASE, Spring v5.2.5.RELEASE
16:07:58.188 [restartedMain] INFO  c.q.e.ExpenseManagerApplication - No active profile set, falling back to default profiles: default
16:08:00.512 [restartedMain] INFO  c.q.e.ExpenseManagerApplication - Started ExpenseManagerApplication in 2.445 seconds (JVM running for 1931.1)
17:33:05.030 [restartedMain] INFO  c.q.e.ExpenseManagerApplication - Starting ExpenseManagerApplication on DESKTOP-GGB6N6P with PID 13404 (F:\SpringBootWorkspace\ExpenseManager\target\classes started by Narayan in F:\SpringBootWorkspace\ExpenseManager)
17:33:05.031 [restartedMain] DEBUG c.q.e.ExpenseManagerApplication - Running with Spring Boot v2.2.6.RELEASE, Spring v5.2.5.RELEASE
17:33:05.031 [restartedMain] INFO  c.q.e.ExpenseManagerApplication - No active profile set, falling back to default profiles: default
17:33:07.856 [restartedMain] INFO  c.q.e.ExpenseManagerApplication - Started ExpenseManagerApplication in 2.944 seconds (JVM running for 7038.443)
17:33:48.689 [http-nio-2020-exec-1] INFO  c.q.e.controllers.UserController - UserController :: openIndex method
17:34:01.412 [http-nio-2020-exec-3] INFO  c.q.e.controllers.UserController - UserController :: displaySuccessPage method called with jay@gmail.com
17:34:38.138 [restartedMain] INFO  c.q.e.ExpenseManagerApplication - Starting ExpenseManagerApplication on DESKTOP-GGB6N6P with PID 8556 (F:\SpringBootWorkspace\ExpenseManager\target\classes started by Narayan in F:\SpringBootWorkspace\ExpenseManager)
17:34:38.144 [restartedMain] DEBUG c.q.e.ExpenseManagerApplication - Running with Spring Boot v2.2.6.RELEASE, Spring v5.2.5.RELEASE
17:34:38.145 [restartedMain] INFO  c.q.e.ExpenseManagerApplication - No active profile set, falling back to default profiles: default
17:34:47.866 [restartedMain] INFO  c.q.e.ExpenseManagerApplication - Started ExpenseManagerApplication in 10.584 seconds (JVM running for 13.051)
17:34:53.429 [http-nio-2020-exec-1] INFO  c.q.e.controllers.UserController - UserController :: openIndex method
17:35:08.871 [http-nio-2020-exec-3] INFO  c.q.e.controllers.UserController - UserController :: displaySuccessPage method called with jay@gmail.com
17:36:00.029 [restartedMain] INFO  c.q.e.ExpenseManagerApplication - Starting ExpenseManagerApplication on DESKTOP-GGB6N6P with PID 8556 (F:\SpringBootWorkspace\ExpenseManager\target\classes started by Narayan in F:\SpringBootWorkspace\ExpenseManager)
17:36:00.030 [restartedMain] DEBUG c.q.e.ExpenseManagerApplication - Running with Spring Boot v2.2.6.RELEASE, Spring v5.2.5.RELEASE
17:36:00.030 [restartedMain] INFO  c.q.e.ExpenseManagerApplication - No active profile set, falling back to default profiles: default
17:36:02.701 [restartedMain] INFO  c.q.e.ExpenseManagerApplication - Started ExpenseManagerApplication in 2.772 seconds (JVM running for 87.887)
17:37:39.604 [http-nio-2020-exec-1] INFO  c.q.e.controllers.UserController - UserController :: openIndex method
17:37:54.230 [http-nio-2020-exec-3] INFO  c.q.e.controllers.UserController - UserController :: displaySuccessPage method called with jay@gmail.com
17:43:32.349 [restartedMain] INFO  c.q.e.ExpenseManagerApplication - Starting ExpenseManagerApplication on DESKTOP-GGB6N6P with PID 8556 (F:\SpringBootWorkspace\ExpenseManager\target\classes started by Narayan in F:\SpringBootWorkspace\ExpenseManager)
17:43:32.349 [restartedMain] DEBUG c.q.e.ExpenseManagerApplication - Running with Spring Boot v2.2.6.RELEASE, Spring v5.2.5.RELEASE
17:43:32.350 [restartedMain] INFO  c.q.e.ExpenseManagerApplication - No active profile set, falling back to default profiles: default
17:43:34.760 [restartedMain] INFO  c.q.e.ExpenseManagerApplication - Started ExpenseManagerApplication in 2.509 seconds (JVM running for 539.946)
