2020-04-09 10:26:53,021 DEBUG org.springframework.web.filter.CommonsRequestLoggingFilter [restartedMain] Filter 'logFilter' configured for use
2020-04-09 10:30:57,224 DEBUG org.springframework.web.filter.CommonsRequestLoggingFilter [restartedMain] Filter 'logFilter' configured for use
2020-04-09 10:31:47,739 DEBUG org.springframework.web.filter.CommonsRequestLoggingFilter [restartedMain] Filter 'logFilter' configured for use
2020-04-09 10:32:00,542 DEBUG org.springframework.web.filter.CommonsRequestLoggingFilter [restartedMain] Filter 'logFilter' configured for use
2020-04-09 11:27:31,512 DEBUG org.springframework.web.filter.CommonsRequestLoggingFilter [restartedMain] Filter 'logFilter' configured for use
2020-04-09 11:28:04,733 DEBUG org.springframework.web.filter.CommonsRequestLoggingFilter [restartedMain] Filter 'logFilter' configured for use
2020-04-09 11:28:20,421 DEBUG org.springframework.web.filter.CommonsRequestLoggingFilter [restartedMain] Filter 'logFilter' configured for use
2020-04-09 11:28:57,433 DEBUG org.springframework.web.filter.CommonsRequestLoggingFilter [restartedMain] Filter 'logFilter' configured for use
2020-04-09 11:30:19,810 DEBUG org.springframework.web.filter.CommonsRequestLoggingFilter [restartedMain] Filter 'logFilter' configured for use
2020-04-09 11:32:18,587 DEBUG org.springframework.web.filter.CommonsRequestLoggingFilter [restartedMain] Filter 'logFilter' configured for use
2020-04-09 11:35:30,771 DEBUG org.springframework.web.filter.CommonsRequestLoggingFilter [restartedMain] Filter 'logFilter' configured for use
2020-04-09 11:36:09,502 DEBUG org.springframework.web.filter.CommonsRequestLoggingFilter [restartedMain] Filter 'logFilter' configured for use
2020-04-09 11:37:29,930 DEBUG org.springframework.web.filter.CommonsRequestLoggingFilter [restartedMain] Filter 'logFilter' configured for use
2020-04-09 11:39:08,817 DEBUG org.springframework.web.filter.CommonsRequestLoggingFilter [restartedMain] Filter 'logFilter' configured for use
2020-04-09 11:39:25,054 DEBUG org.springframework.web.filter.CommonsRequestLoggingFilter [restartedMain] Filter 'logFilter' configured for use
2020-04-09 11:39:31,210 DEBUG org.springframework.web.filter.CommonsRequestLoggingFilter [restartedMain] Filter 'logFilter' configured for use
2020-04-09 11:40:13,338 DEBUG org.springframework.web.filter.CommonsRequestLoggingFilter [restartedMain] Filter 'logFilter' configured for use
2020-04-09 11:40:30,148 DEBUG org.springframework.web.filter.CommonsRequestLoggingFilter [http-nio-2020-exec-1] Before request [GET /userController/openIndex]
2020-04-09 11:40:31,612 DEBUG org.springframework.web.filter.CommonsRequestLoggingFilter [http-nio-2020-exec-1] REQUEST DATA : GET /userController/openIndex]
2020-04-09 11:40:44,230 DEBUG org.springframework.web.filter.CommonsRequestLoggingFilter [http-nio-2020-exec-3] Before request [GET /userController/pagination/1/2]
2020-04-09 11:40:44,818 DEBUG org.springframework.web.filter.CommonsRequestLoggingFilter [http-nio-2020-exec-3] REQUEST DATA : GET /userController/pagination/1/2]
2020-04-09 11:41:50,044 DEBUG org.springframework.web.filter.CommonsRequestLoggingFilter [restartedMain] Filter 'logFilter' configured for use
2020-04-09 11:43:08,070 DEBUG org.springframework.web.filter.CommonsRequestLoggingFilter [restartedMain] Filter 'logFilter' configured for use
2020-04-09 11:43:16,067 DEBUG org.springframework.web.filter.CommonsRequestLoggingFilter [restartedMain] Filter 'logFilter' configured for use
2020-04-09 11:43:46,332 DEBUG org.springframework.web.filter.CommonsRequestLoggingFilter [restartedMain] Filter 'logFilter' configured for use
2020-04-09 11:43:58,330 DEBUG org.springframework.web.filter.CommonsRequestLoggingFilter [http-nio-2020-exec-1] Before request [GET /userController/pagination/1/2]
2020-04-09 11:43:58,392 DEBUG org.springframework.web.filter.CommonsRequestLoggingFilter [http-nio-2020-exec-1] REQUEST DATA : GET /userController/pagination/1/2]
2020-04-09 11:43:58,742 DEBUG org.springframework.web.filter.CommonsRequestLoggingFilter [http-nio-2020-exec-2] Before request [GET /favicon.ico]
2020-04-09 11:43:58,770 DEBUG org.springframework.web.filter.CommonsRequestLoggingFilter [http-nio-2020-exec-2] REQUEST DATA : GET /favicon.ico]
2020-04-09 11:44:32,407 DEBUG org.springframework.web.filter.CommonsRequestLoggingFilter [restartedMain] Filter 'logFilter' configured for use
2020-04-09 11:46:52,871 DEBUG org.springframework.web.filter.CommonsRequestLoggingFilter [restartedMain] Filter 'logFilter' configured for use
2020-04-09 11:47:16,037 DEBUG org.springframework.web.filter.CommonsRequestLoggingFilter [restartedMain] Filter 'logFilter' configured for use
2020-04-09 11:47:24,565 DEBUG org.springframework.web.filter.CommonsRequestLoggingFilter [http-nio-2020-exec-1] Before request [GET /userController/pagination/1/2]
2020-04-09 11:47:24,702 DEBUG org.springframework.web.filter.CommonsRequestLoggingFilter [http-nio-2020-exec-1] REQUEST DATA : GET /userController/pagination/1/2]
2020-04-09 11:48:05,337 DEBUG org.springframework.web.filter.CommonsRequestLoggingFilter [http-nio-2020-exec-3] Before request [GET /userController/pagination/1/2]
2020-04-09 11:48:05,368 DEBUG org.springframework.web.filter.CommonsRequestLoggingFilter [http-nio-2020-exec-3] REQUEST DATA : GET /userController/pagination/1/2]
2020-04-09 11:48:06,973 DEBUG org.springframework.web.filter.CommonsRequestLoggingFilter [http-nio-2020-exec-4] Before request [GET /userController/pagination/1/2]
2020-04-09 11:48:07,016 DEBUG org.springframework.web.filter.CommonsRequestLoggingFilter [http-nio-2020-exec-4] REQUEST DATA : GET /userController/pagination/1/2]
2020-04-09 11:48:12,773 DEBUG org.springframework.web.filter.CommonsRequestLoggingFilter [http-nio-2020-exec-5] Before request [GET /userController/pagination/0/2]
2020-04-09 11:48:12,805 DEBUG org.springframework.web.filter.CommonsRequestLoggingFilter [http-nio-2020-exec-5] REQUEST DATA : GET /userController/pagination/0/2]
2020-04-09 11:48:28,632 DEBUG org.springframework.web.filter.CommonsRequestLoggingFilter [http-nio-2020-exec-7] Before request [GET /userController/pagination/0/4]
2020-04-09 11:48:28,669 DEBUG org.springframework.web.filter.CommonsRequestLoggingFilter [http-nio-2020-exec-7] REQUEST DATA : GET /userController/pagination/0/4]
2020-04-09 11:49:38,511 DEBUG org.springframework.web.filter.CommonsRequestLoggingFilter [restartedMain] Filter 'logFilter' configured for use
2020-04-09 11:49:58,662 DEBUG org.springframework.web.filter.CommonsRequestLoggingFilter [restartedMain] Filter 'logFilter' configured for use
2020-04-09 11:50:10,890 DEBUG org.springframework.web.filter.CommonsRequestLoggingFilter [restartedMain] Filter 'logFilter' configured for use
2020-04-09 11:50:19,992 DEBUG org.springframework.web.filter.CommonsRequestLoggingFilter [restartedMain] Filter 'logFilter' configured for use
2020-04-09 11:50:27,841 DEBUG org.springframework.web.filter.CommonsRequestLoggingFilter [http-nio-2020-exec-1] Before request [GET /userController/pagination/0/4]
2020-04-09 11:50:27,856 DEBUG org.springframework.web.filter.CommonsRequestLoggingFilter [http-nio-2020-exec-1] REQUEST DATA : GET /userController/pagination/0/4]
2020-04-09 11:50:38,918 DEBUG org.springframework.web.filter.CommonsRequestLoggingFilter [http-nio-2020-exec-3] Before request [GET /userController/pagination/0/4]
2020-04-09 11:50:38,933 DEBUG org.springframework.web.filter.CommonsRequestLoggingFilter [http-nio-2020-exec-3] REQUEST DATA : GET /userController/pagination/0/4]
2020-04-09 11:50:42,287 DEBUG org.springframework.web.filter.CommonsRequestLoggingFilter [http-nio-2020-exec-4] Before request [GET /userController/pagination/0/4]
2020-04-09 11:50:42,294 DEBUG org.springframework.web.filter.CommonsRequestLoggingFilter [http-nio-2020-exec-4] REQUEST DATA : GET /userController/pagination/0/4]
2020-04-09 11:51:04,018 DEBUG org.springframework.web.filter.CommonsRequestLoggingFilter [restartedMain] Filter 'logFilter' configured for use
2020-04-09 11:51:05,397 DEBUG org.springframework.web.filter.CommonsRequestLoggingFilter [http-nio-2020-exec-1] Before request [GET /userController/pagination/0/4]
2020-04-09 11:51:05,406 DEBUG org.springframework.web.filter.CommonsRequestLoggingFilter [http-nio-2020-exec-1] REQUEST DATA : GET /userController/pagination/0/4]
2020-04-09 11:51:08,831 DEBUG org.springframework.web.filter.CommonsRequestLoggingFilter [http-nio-2020-exec-2] Before request [GET /userController/pagination/0/4]
2020-04-09 11:51:08,838 DEBUG org.springframework.web.filter.CommonsRequestLoggingFilter [http-nio-2020-exec-2] REQUEST DATA : GET /userController/pagination/0/4]
2020-04-09 11:51:52,582 DEBUG org.springframework.web.filter.CommonsRequestLoggingFilter [http-nio-2020-exec-5] Before request [GET /userController/pagination/1/0/4]
2020-04-09 11:51:52,690 DEBUG org.springframework.web.filter.CommonsRequestLoggingFilter [http-nio-2020-exec-5] REQUEST DATA : GET /userController/pagination/1/0/4]
2020-04-09 11:52:02,655 DEBUG org.springframework.web.filter.CommonsRequestLoggingFilter [http-nio-2020-exec-8] Before request [GET /userController/pagination/1/0/2]
2020-04-09 11:52:02,678 DEBUG org.springframework.web.filter.CommonsRequestLoggingFilter [http-nio-2020-exec-8] REQUEST DATA : GET /userController/pagination/1/0/2]
2020-04-09 11:59:52,211 DEBUG org.springframework.web.filter.CommonsRequestLoggingFilter [restartedMain] Filter 'logFilter' configured for use
2020-04-09 12:00:02,094 DEBUG org.springframework.web.filter.CommonsRequestLoggingFilter [restartedMain] Filter 'logFilter' configured for use
2020-04-09 12:00:33,300 DEBUG org.springframework.web.filter.CommonsRequestLoggingFilter [http-nio-2020-exec-1] Before request [GET /userController/pagination/1/0/2]
2020-04-09 12:00:33,424 DEBUG org.springframework.web.filter.CommonsRequestLoggingFilter [http-nio-2020-exec-1] REQUEST DATA : GET /userController/pagination/1/0/2]
2020-04-09 12:08:01,081 DEBUG org.springframework.web.filter.CommonsRequestLoggingFilter [restartedMain] Filter 'logFilter' configured for use
2020-04-09 12:08:40,320 DEBUG org.springframework.web.filter.CommonsRequestLoggingFilter [restartedMain] Filter 'logFilter' configured for use
2020-04-09 15:03:33,277 DEBUG org.springframework.web.filter.CommonsRequestLoggingFilter [restartedMain] Filter 'logFilter' configured for use
2020-04-09 15:04:43,876 DEBUG org.springframework.web.filter.CommonsRequestLoggingFilter [restartedMain] Filter 'logFilter' configured for use
2020-04-09 15:06:08,870 DEBUG org.springframework.web.filter.CommonsRequestLoggingFilter [restartedMain] Filter 'logFilter' configured for use
2020-04-09 15:07:05,553 DEBUG org.springframework.web.filter.CommonsRequestLoggingFilter [restartedMain] Filter 'logFilter' configured for use
2020-04-09 15:07:27,422 DEBUG org.springframework.web.filter.CommonsRequestLoggingFilter [restartedMain] Filter 'logFilter' configured for use
2020-04-09 15:08:54,322 DEBUG org.springframework.web.filter.CommonsRequestLoggingFilter [restartedMain] Filter 'logFilter' configured for use
2020-04-09 15:09:54,688 DEBUG org.springframework.web.filter.CommonsRequestLoggingFilter [restartedMain] Filter 'logFilter' configured for use
2020-04-09 15:10:24,697 DEBUG org.springframework.web.filter.CommonsRequestLoggingFilter [restartedMain] Filter 'logFilter' configured for use
2020-04-09 15:10:54,560 DEBUG org.springframework.web.filter.CommonsRequestLoggingFilter [restartedMain] Filter 'logFilter' configured for use
2020-04-09 15:11:26,403 DEBUG org.springframework.web.filter.CommonsRequestLoggingFilter [restartedMain] Filter 'logFilter' configured for use
2020-04-09 16:52:21,633 DEBUG org.springframework.web.filter.CommonsRequestLoggingFilter [restartedMain] Filter 'logFilter' configured for use
